Log file open, 01/11/18 08:55:06
LogInit:Display: Running engine for game: UIOnlyQuizGame
LogPlatformFile: Not using cached read wrapper
LogInit:Display: RandInit(-304550193) SRandInit(-304550193).
LogTaskGraph: Started task graph with 5 named threads and 8 total threads with 1 sets of task threads.
LogStats: Stats thread started at 0.089927
LogInit: Using libcurl 7.47.1
LogInit:  - built for x86_64-pc-win32
LogInit:  - supports SSL with OpenSSL/1.0.2g
LogInit:  - supports HTTP deflate (compression) using libz 1.2.8
LogInit:  - other features:
LogInit:      CURL_VERSION_SSL
LogInit:      CURL_VERSION_LIBZ
LogInit:      CURL_VERSION_IPV6
LogInit:      CURL_VERSION_ASYNCHDNS
LogInit:      CURL_VERSION_LARGEFILE
LogInit:      CURL_VERSION_IDN
LogInit:  CurlRequestOptions (configurable via config and command line):
LogInit:  - bVerifyPeer = false  - Libcurl will NOT verify peer certificate
LogInit:  - bUseHttpProxy = false  - Libcurl will NOT use HTTP proxy
LogInit:  - bDontReuseConnections = false  - Libcurl will reuse connections
LogInit:  - CertBundlePath = nullptr  - Libcurl will use whatever was configured at build time.
OCULUS: Info: [CAPI] LibOVR module is located at C:\Program Files\Oculus\Support\oculus-runtime\LibOVRRT64_1.dll
OCULUS: Debug: Connected to the server running version (prod = 1).1.22.0(build = 516639) feature version = 0. Client runs version (prod = 1).1.22.0(build = 516639) feature version = 0
LogHMD: GearVR: Emulating GearVR using Oculus Rift!
LogInit: Build: ++UE4+Release-4.15-CL-3416026
LogInit: Engine Version: 4.15.2-3416026+++UE4+Release-4.15
LogInit: Compatible Engine Version: 4.15.0-3299760+++UE4+Release-4.15
LogInit: Net CL: 3299760
LogDevObjectVersion: Number of dev versions registered: 14
LogDevObjectVersion:   Dev-Blueprints (B0D832E4-1F89-4F0D-ACCF-7EB736FD4AA2): 8
LogDevObjectVersion:   Dev-Build (E1C64328-A22C-4D53-A36C-8E866417BD8C): 0
LogDevObjectVersion:   Dev-Core (375EC13C-06E4-48FB-B500-84F0262A717E): 2
LogDevObjectVersion:   Dev-Editor (E4B068ED-F494-42E9-A231-DA0B2E46BB41): 14
LogDevObjectVersion:   Dev-Framework (CFFC743F-43B0-4480-9391-14DF171D2073): 22
LogDevObjectVersion:   Dev-Mobile (B02B49B5-BB20-44E9-A304-32B752E40360): 0
LogDevObjectVersion:   Dev-Networking (A4E4105C-59A1-49B5-A7C5-40C4547EDFEE): 0
LogDevObjectVersion:   Dev-Online (39C831C9-5AE6-47DC-9A44-9C173E1C8E7C): 0
LogDevObjectVersion:   Dev-Physics (78F01B33-EBEA-4F98-B9B4-84EACCB95AA2): 0
LogDevObjectVersion:   Dev-Platform (6631380F-2D4D-43E0-8009-CF276956A95A): 0
LogDevObjectVersion:   Dev-Rendering (12F88B9F-8875-4AFC-A67C-D90C383ABD29): 12
LogDevObjectVersion:   Dev-Sequencer (7B5AE74C-D270-4C10-A958-57980B212A5A): 3
LogDevObjectVersion:   Dev-VR (D7296918-1DD6-4BDD-9DE2-64A83CC13884): 0
LogDevObjectVersion:   Dev-LoadTimes (C2A15278-BFE7-4AFE-6C17-90FF531DF755): 1
LogInit: Compiled (64-bit): May  1 2017 13:11:28
LogInit: Compiled with Visual C++: 19.00.23026.00
LogInit: Build Configuration: Development
LogInit: Branch Name: ++UE4+Release-4.15
LogInit: Command line:  
LogInit: Base directory: C:/Program Files/Epic Games/UE_4.15/Engine/Binaries/Win64/
LogInit: Installed Engine Build: 1
LogInit: Presizing for max 8388607 objects, including 0 objects not considered by GC, pre-allocating 0 bytes for permanent pool.
LogInit: Object subsystem initialized
[2018.01.10-21.55.08:440][  0]LogInit: Selected Device Profile: [Windows]
[2018.01.10-21.55.08:440][  0]LogInit: Applying CVar settings loaded from the selected device profile: [Windows]
[2018.01.10-21.55.08:456][  0]LogInit: Computer: LAPTOP-UBSVTA87
[2018.01.10-21.55.08:456][  0]LogInit: User: Kaitlyn
[2018.01.10-21.55.08:456][  0]LogInit: CPU Page size=65536, Cores=4
[2018.01.10-21.55.08:456][  0]LogInit: High frequency timer resolution =2.531251 MHz
[2018.01.10-21.55.08:456][  0]LogMemory: Memory total: Physical=15.9GB (16GB approx)
[2018.01.10-21.55.08:456][  0]LogMemory: Platform Memory Stats for Windows
[2018.01.10-21.55.08:456][  0]LogMemory: Process Physical Memory: 268.70 MB used, 268.70 MB peak
[2018.01.10-21.55.08:456][  0]LogMemory: Process Virtual Memory: 266.05 MB used, 266.05 MB peak
[2018.01.10-21.55.08:456][  0]LogMemory: Physical Memory: 7228.43 MB used,  9047.74 MB free, 16276.17 MB total
[2018.01.10-21.55.08:456][  0]LogMemory: Virtual Memory: 703.69 MB used,  9047.74 MB free, 134217728.00 MB total
[2018.01.10-21.55.08:597][  0]LogTextLocalizationManager: No specific translations for ('en-AU') exist, so ('en') translations will be used.
[2018.01.10-21.55.09:493][  0]LogD3D11RHI: D3D11 adapters:
[2018.01.10-21.55.09:547][  0]LogD3D11RHI:    0. 'NVIDIA GeForce GTX 1060' (Feature Level 11_0)
[2018.01.10-21.55.09:547][  0]LogD3D11RHI:       6061/0/8138 MB DedicatedVideo/DedicatedSystem/SharedSystem, Outputs:2, VendorId:0x10de
[2018.01.10-21.55.09:556][  0]LogD3D11RHI:    1. 'Intel(R) HD Graphics 530' (Feature Level 11_0)
[2018.01.10-21.55.09:556][  0]LogD3D11RHI:       128/0/8138 MB DedicatedVideo/DedicatedSystem/SharedSystem, Outputs:0, VendorId:0x8086
[2018.01.10-21.55.09:558][  0]LogD3D11RHI:    2. 'Microsoft Basic Render Driver' (Feature Level 11_0)
[2018.01.10-21.55.09:558][  0]LogD3D11RHI:       0/0/8138 MB DedicatedVideo/DedicatedSystem/SharedSystem, Outputs:0, VendorId:0x1414
[2018.01.10-21.55.09:558][  0]LogD3D11RHI: Chosen D3D11 Adapter: 0
[2018.01.10-21.55.09:567][  0]LogD3D11RHI: Creating new Direct3DDevice
[2018.01.10-21.55.09:567][  0]LogD3D11RHI:     GPU DeviceId: 0x1c20 (for the marketing name, search the web for "GPU Device Id")
[2018.01.10-21.55.09:567][  0]LogWindows: EnumDisplayDevices:
[2018.01.10-21.55.09:567][  0]LogWindows:    0. 'Intel(R) HD Graphics 530' (P:0 D:1)
[2018.01.10-21.55.09:567][  0]LogWindows:    1. 'Intel(R) HD Graphics 530' (P:0 D:0)
[2018.01.10-21.55.09:567][  0]LogWindows:    2. 'Intel(R) HD Graphics 530' (P:0 D:0)
[2018.01.10-21.55.09:568][  0]LogWindows:    3. 'NVIDIA GeForce GTX 1060' (P:1 D:1)
[2018.01.10-21.55.09:568][  0]LogWindows: DebugString: GetVideoDriverDetailsInvalid PrimaryIsNotTheChoosenAdapter GetVideoDriverDetailsInvalid PrimaryIsNotTheChoosenAdapter GetVideoDriverDetailsInvalid PrimaryIsNotTheChoosenAdapter GetVideoDriverDetailsInvalid PrimaryIsNotTheChoosenAdapter FoundDriverCount:0 
[2018.01.10-21.55.09:568][  0]LogD3D11RHI:     Adapter Name: NVIDIA GeForce GTX 1060
[2018.01.10-21.55.09:568][  0]LogD3D11RHI:   Driver Version: Unknown (internal:Unknown, unified:Unknown)
[2018.01.10-21.55.09:568][  0]LogD3D11RHI:      Driver Date: Unknown
[2018.01.10-21.55.09:568][  0]LogRHI: Texture pool is 1361 MB (70% of 1945 MB)
[2018.01.10-21.55.09:601][  0]LogD3D11RHI: [Aftermath] Aftermath enabled and primed
[2018.01.10-21.55.09:601][  0]LogD3D11RHI: Async texture creation enabled
[2018.01.10-21.55.09:637][  0]LogD3D11RHI: GPU Timing Frequency: 1000.000000 (Debug: 2 1)
[2018.01.10-21.55.09:690][  0]LogShaderCompilers: Guid format shader working directory is -13 characters bigger than the processId version (../../../../../../Users/Kaitlyn/Documents/GitHub/UE4UMGSudoku/Intermediate/Shaders/WorkingDirectory/9488/).
[2018.01.10-21.55.09:690][  0]LogShaderCompilers: Cleaned the shader compiler working directory 'C:/Users/Kaitlyn/AppData/Local/Temp/UnrealShaderWorkingDir/A3D83A5841667F0C94ABC285C73778D0/'.
[2018.01.10-21.55.09:690][  0]LogShaderCompilers:Display: Using Local Shader Compiler.
[2018.01.10-21.55.11:175][  0]LogTemp:Display: Loaded TP AllDesktopTargetPlatform
[2018.01.10-21.55.11:258][  0]LogTemp:Display: Loaded TP MacClientTargetPlatform
[2018.01.10-21.55.11:337][  0]LogTemp:Display: Loaded TP MacNoEditorTargetPlatform
[2018.01.10-21.55.11:409][  0]LogTemp:Display: Loaded TP MacServerTargetPlatform
[2018.01.10-21.55.11:481][  0]LogTemp:Display: Loaded TP MacTargetPlatform
[2018.01.10-21.55.11:559][  0]LogTemp:Display: Loaded TP WindowsClientTargetPlatform
[2018.01.10-21.55.11:631][  0]LogTemp:Display: Loaded TP WindowsNoEditorTargetPlatform
[2018.01.10-21.55.11:703][  0]LogTemp:Display: Loaded TP WindowsServerTargetPlatform
[2018.01.10-21.55.11:779][  0]LogTemp:Display: Loaded TP WindowsTargetPlatform
[2018.01.10-21.55.11:855][  0]LogTemp:Display: Loaded TP AndroidTargetPlatform
[2018.01.10-21.55.11:925][  0]LogTemp:Display: Loaded TP Android_ASTCTargetPlatform
[2018.01.10-21.55.12:018][  0]LogTemp:Display: Loaded TP Android_ATCTargetPlatform
[2018.01.10-21.55.12:103][  0]LogTemp:Display: Loaded TP Android_DXTTargetPlatform
[2018.01.10-21.55.12:182][  0]LogTemp:Display: Loaded TP Android_ETC1TargetPlatform
[2018.01.10-21.55.12:273][  0]LogTemp:Display: Loaded TP Android_ETC2TargetPlatform
[2018.01.10-21.55.12:485][  0]LogTemp:Display: Loaded TP Android_MultiTargetPlatform
[2018.01.10-21.55.12:485][  0]LogTemp:Display: Loaded TP Android_PVRTCTargetPlatform
[2018.01.10-21.55.12:558][  0]LogTemp:Display: Loaded TP HTML5TargetPlatform
[2018.01.10-21.55.12:695][  0]LogTemp:Display: Loaded TP IOSTargetPlatform
[2018.01.10-21.55.12:739][  0]LogTemp:Display: Loaded TP TVOSTargetPlatform
[2018.01.10-21.55.12:808][  0]LogTemp:Display: Loaded TP LinuxClientTargetPlatform
[2018.01.10-21.55.12:878][  0]LogTemp:Display: Loaded TP LinuxNoEditorTargetPlatform
[2018.01.10-21.55.12:946][  0]LogTemp:Display: Loaded TP LinuxServerTargetPlatform
[2018.01.10-21.55.13:021][  0]LogTemp:Display: Loaded TP LinuxTargetPlatform
[2018.01.10-21.55.13:021][  0]LogTargetPlatformManager:Display: Building Assets For Windows
[2018.01.10-21.55.13:675][  0]LogDerivedDataCache:Display: Max Cache Size: 512 MB
[2018.01.10-21.55.13:735][  0]LogDerivedDataCache: Loaded boot cache 0.06s 50MB C:/Users/Kaitlyn/AppData/Local/UnrealEngine/4.15/DerivedDataCache/Boot.ddc.
[2018.01.10-21.55.13:735][  0]LogDerivedDataCache:Display: Loaded Boot cache: C:/Users/Kaitlyn/AppData/Local/UnrealEngine/4.15/DerivedDataCache/Boot.ddc
[2018.01.10-21.55.13:736][  0]LogDerivedDataCache: FDerivedDataBackendGraph:  Pak pak cache file ../../../../../../Users/Kaitlyn/Documents/GitHub/UE4UMGSudoku/DerivedDataCache/DDC.ddp not found, will not use a pak cache.
[2018.01.10-21.55.13:736][  0]LogDerivedDataCache: Unable to find inner node Pak for hierarchical cache Hierarchy.
[2018.01.10-21.55.13:736][  0]LogDerivedDataCache: FDerivedDataBackendGraph:  CompressedPak pak cache file ../../../../../../Users/Kaitlyn/Documents/GitHub/UE4UMGSudoku/DerivedDataCache/Compressed.ddp not found, will not use a pak cache.
[2018.01.10-21.55.13:736][  0]LogDerivedDataCache: Unable to find inner node CompressedPak for hierarchical cache Hierarchy.
[2018.01.10-21.55.13:759][  0]LogDerivedDataCache:Display: Pak cache opened for reading ../../../Engine/DerivedDataCache/Compressed.ddp.
[2018.01.10-21.55.13:772][  0]LogDerivedDataCache: Using Local data cache path C:/Users/Kaitlyn/AppData/Local/UnrealEngine/Common/DerivedDataCache: Writable
[2018.01.10-21.55.13:784][  0]LogSlate: Using Freetype 2.6.0
[2018.01.10-21.55.13:785][  0]LogSlate: SlateFontCache - WITH_FREETYPE: 1, WITH_HARFBUZZ: 1
[2018.01.10-21.55.13:785][  0]LogSlate: SlateFontCache - WITH_FREETYPE: 1, WITH_HARFBUZZ: 1
[2018.01.10-21.55.14:236][  0]LogInit: Selected Device Profile: [Windows]
[2018.01.10-21.55.14:240][  0]LogContentStreaming: Texture pool size is 0.00 MB
[2018.01.10-21.55.14:542][  0]LogMeshUtilities: Using QuadricMeshReduction for automatic static mesh reduction
[2018.01.10-21.55.14:618][  0]LogSimplygon: Simplygon DLL not present - disabling.
[2018.01.10-21.55.14:686][  0]LogMeshUtilities: Using SimplygonSwarm for distributed automatic mesh merging
[2018.01.10-21.55.14:686][  0]LogMeshUtilities: No automatic skeletal mesh reduction module available
[2018.01.10-21.55.14:686][  0]LogMeshUtilities: No automatic mesh merging module available
[2018.01.10-21.55.15:651][  0]LogNetVersion: GetLocalNetworkVersion: CL: 3299760, ProjectName: uionlyquizgame, ProjectVersion: , EngineNetworkVersion: 2, GameNetworkVersion: 0, NetworkChecksum: 250772748
[2018.01.10-21.55.15:702][  0]LogAssetRegistry: FAssetRegistry took 0.0218 seconds to start up
[2018.01.10-21.55.15:812][  0]LogPackageLocalizationCache: Processed 3 localized package path(s) for 2 prioritized culture(s) in 0.076713 seconds
[2018.01.10-21.55.15:818][  0]LogUObjectArray: 32493 objects as part of root set at end of initial load.
[2018.01.10-21.55.15:818][  0]LogUObjectAllocator: 7077032 out of 0 bytes used by permanent object pool.
[2018.01.10-21.55.15:818][  0]LogUObjectArray: CloseDisregardForGC: 0/0 objects in disregard for GC pool
[2018.01.10-21.55.15:913][  0]LogInit: WinSock: version 1.1 (2.2), MaxSocks=32767, MaxUdp=65467
[2018.01.10-21.55.18:289][  0]LogTcpMessaging: Initializing TcpMessaging bridge
[2018.01.10-21.55.18:342][  0]LogUdpMessaging: Initializing bridge on interface 0.0.0.0:0 to multicast group 230.0.0.1:6666.
[2018.01.10-21.55.18:958][  0]LogMaterial: Uniform references updated for custom material expression Custom.
[2018.01.10-21.55.19:445][  0]SourceControl: Info Source control is disabled
[2018.01.10-21.55.19:533][  0]SourceControl: Info Source control is disabled
[2018.01.10-21.55.19:597][  0]SourceControl: Info Source control is disabled
[2018.01.10-21.55.19:661][  0]SourceControl: Info Source control is disabled
[2018.01.10-21.55.21:317][  0]LogEngine: Initializing Engine...
[2018.01.10-21.55.21:327][  0]LogHMD: Oculus plugin initialized. Version: 4.15.2-3416026+++UE4+Release-4.15, LibOVR: 1.22.0, SDK: 1.10.0, built May  1 2017, 13:17:57
[2018.01.10-21.55.21:444][  0]LogStats: UGameplayTagsManager::ConstructGameplayTagTree: Construct from data asset -  0.000 s
[2018.01.10-21.55.21:444][  0]LogStats: UGameplayTagsManager::ConstructGameplayTagTree: GameplayTagTreeChangedEvent.Broadcast -  0.000 s
[2018.01.10-21.55.21:604][  0]LogAIModule: Creating AISystem for world Untitled
[2018.01.10-21.55.21:617][  0]LogInit: XAudio2 using 'Speakers (Realtek High Definition Audio)' : 2 channels at 48 kHz using 32 bits per sample (channel mask 0x3)
[2018.01.10-21.55.21:641][  0]LogInit: FAudioDevice initialized.
[2018.01.10-21.55.21:668][  0]LogDerivedDataCache: Saved boot cache 0.03s 50MB C:/Users/Kaitlyn/AppData/Local/UnrealEngine/4.15/DerivedDataCache/Boot.ddc.
[2018.01.10-21.55.21:676][  0]LogInit: Texture streaming: Enabled
[2018.01.10-21.55.21:783][  0]LogEngineSessionManager: EngineSessionManager initialized
[2018.01.10-21.55.21:897][  0]LogInit: Transaction tracking system initialized
[2018.01.10-21.55.22:341][  0]BlueprintLog: New page: Editor Load
[2018.01.10-21.55.23:463][  0]LocalizationService: Info Localization service is disabled
[2018.01.10-21.55.24:625][  0]LogConsoleResponse:Display: 
[2018.01.10-21.55.24:786][  0]LogCook:Display: Max memory allowance for cook 16384mb min free memory 0mb
[2018.01.10-21.55.24:786][  0]LogCook:Display: Mobile HDR setting 1
[2018.01.10-21.55.25:657][  0]LogFileCache: Scanning file cache for directory 'C:/Users/Kaitlyn/Documents/GitHub/UE4UMGSudoku/Content/' took 0.02s
[2018.01.10-21.55.26:202][  0]SourceControl: Info Source control is disabled
[2018.01.10-21.55.26:202][  0]Cmd: MAP LOAD FILE="../../../../../../Users/Kaitlyn/Documents/GitHub/UE4UMGSudoku/Content/StarterContent/Maps/Minimal_Default.umap" TEMPLATE=0 SHOWPROGRESS=1 FEATURELEVEL=3
[2018.01.10-21.55.26:203][  0]LightingResults: New page: Lighting Build
[2018.01.10-21.55.26:257][  0]MapCheck: New page: Map Check
[2018.01.10-21.55.26:257][  0]LightingResults: New page: Lighting Build
[2018.01.10-21.55.26:475][  0]LogAIModule: Creating AISystem for world Minimal_Default
[2018.01.10-21.55.26:497][  0]LogEditorServer: Finished looking for orphan Actors (0.000 secs)
[2018.01.10-21.55.26:497][  0]Cmd: MAP CHECKDEP NOCLEARLOG
[2018.01.10-21.55.26:566][  0]MapCheck: Info Map check complete: 0 Error(s), 0 Warning(s), took 68.466ms to complete.
[2018.01.10-21.55.26:566][  0]LogFileHelpers: Loading map 'Minimal_Default' took 0.364
[2018.01.10-21.55.26:633][  0]LogWindowsTextInputMethodSystem:Display: IME system now deactivated.
[2018.01.10-21.55.27:794][  0]LogSlate: Only BGRA pngs, bmps or icos are supported in by External Image Picker
[2018.01.10-21.55.27:948][  0]LogTemp:Display: Executing iPhonePackager certificates Engine -bundlename com.YourCompany.UIOnlyQuizGame

[2018.01.10-21.55.27:948][  0]LogTemp:Display: CWD: C:\Program Files\Epic Games\UE_4.15\Engine\Binaries\DotNET\IOS

[2018.01.10-21.55.27:948][  0]LogTemp:Display: Initial Dir: C:\Program Files\Epic Games\UE_4.15

[2018.01.10-21.55.27:948][  0]LogTemp:Display: Env CWD: C:\Program Files\Epic Games\UE_4.15\Engine\Binaries\DotNET\IOS

[2018.01.10-21.55.27:948][  0]LogTemp:Display: BranchPath = LAPTOP-UBSVTA87/C/Program Files/Epic Games/UE_4.15/Engine/Binaries --- GameBranchPath = LAPTOP-UBSVTA87/C/Program Files/Epic Games/UE_4.15/Engine/Binaries

[2018.01.10-21.55.27:948][  0]LogTemp:Display: IPP ERROR: Application exception: System.IO.DirectoryNotFoundException: Could not find a part of the path 'C:\Users\Kaitlyn\AppData\Local\Apple Computer\MobileDevice\Provisioning Profiles'.

[2018.01.10-21.55.27:948][  0]LogTemp:Display:    at System.IO.__Error.WinIOError(Int32 errorCode, String maybeFullPath)

[2018.01.10-21.55.27:948][  0]LogTemp:Display:    at System.IO.FileSystemEnumerableIterator`1.CommonInit()

[2018.01.10-21.55.27:948][  0]LogTemp:Display:    at System.IO.Directory.EnumerateFiles(String path, String searchPattern)

[2018.01.10-21.55.27:948][  0]LogTemp:Display:    at iPhonePackager.CodeSignatureBuilder.FindProvisions(String CFBundleIdentifier)

[2018.01.10-21.55.27:948][  0]LogTemp:Display:    at iPhonePackager.Program.Main(String[] args)

[2018.01.10-21.55.27:948][  0]LogCollectionManager: Loaded 0 collections in 0.002155 seconds
[2018.01.10-21.55.28:043][  0]LogFileCache: Scanning file cache for directory 'C:/Users/Kaitlyn/Documents/GitHub/UE4UMGSudoku/Saved/Collections/' took 0.01s
[2018.01.10-21.55.28:043][  0]LogFileCache: Scanning file cache for directory 'C:/Users/Kaitlyn/Documents/GitHub/UE4UMGSudoku/Content/Developers/Kaitlyn/Collections/' took 0.01s
[2018.01.10-21.55.28:043][  0]LogFileCache: Scanning file cache for directory 'C:/Users/Kaitlyn/Documents/GitHub/UE4UMGSudoku/Content/Collections/' took 0.01s
[2018.01.10-21.55.28:043][  0]LogCollectionManager: Rebuilt the GUID cache for 0 collections in 0.000002 seconds
[2018.01.10-21.55.28:052][  0]LogContentBrowser: Native class hierarchy populated in 0.0080 seconds. Added 2245 classes and 453 folders.
[2018.01.10-21.55.28:135][  0]LogContentBrowser: Native class hierarchy updated for 'WidgetCarousel' in 0.0004 seconds. Added 0 classes and 0 folders.
[2018.01.10-21.55.28:198][  0]LogContentBrowser: Native class hierarchy updated for 'AddContentDialog' in 0.0006 seconds. Added 0 classes and 0 folders.
[2018.01.10-21.55.28:252][  0]LogContentBrowser: Native class hierarchy updated for 'SceneOutliner' in 0.0005 seconds. Added 1 classes and 2 folders.
[2018.01.10-21.55.28:351][  0]LogCrashTracker: Crashtracker disabled due to settings.
[2018.01.10-21.55.28:363][  0]LogUObjectGlobals:Warning: Failed to find object 'Class None.'
[2018.01.10-21.55.28:447][  0]LogContentBrowser: Native class hierarchy updated for 'HierarchicalLODOutliner' in 0.0006 seconds. Added 1 classes and 2 folders.
[2018.01.10-21.55.28:448][  0]LogLoad: (Engine Initialization) Total time: 23.07 seconds
[2018.01.10-21.55.28:448][  0]LogLoad: (Engine Initialization) Total Blueprint compile time: 0.14 seconds
[2018.01.10-21.55.28:448][  0]LogExternalProfiler: Found external profiler: VSPerf
[2018.01.10-21.55.28:448][  0]LogExternalProfiler: Using external profiler: VSPerf
[2018.01.10-21.55.28:467][  0]LogOcInput: OculusInput pre-init called
[2018.01.10-21.55.28:491][  0]LogOcInput: OculusInput is initialized. Init status 0. Runtime version: 1.22.0
[2018.01.10-21.55.28:514][  0]LogContentStreaming: Texture pool size now 1000 MB
[2018.01.10-21.55.28:515][  0]LogSlate: Took 0.000347 seconds to synchronously load lazily loaded font '../../../Engine/Content/Slate/Fonts/Roboto-Regular.ttf' (155K)
[2018.01.10-21.55.28:518][  0]LogSlate: Took 0.000434 seconds to synchronously load lazily loaded font '../../../Engine/Content/Slate/Fonts/Roboto-Bold.ttf' (160K)
[2018.01.10-21.55.28:524][  0]LogSlate: Took 0.000399 seconds to synchronously load lazily loaded font '../../../Engine/Content/Editor/Slate/Fonts/FontAwesome.ttf' (139K)
[2018.01.10-21.55.28:654][  0]LogSlate: Took 0.000523 seconds to synchronously load lazily loaded font '../../../Engine/Content/Slate/Fonts/Roboto-Light.ttf' (159K)
[2018.01.10-21.55.28:716][  0]LogRenderer: Reallocating scene render targets to support 1192x568 NumSamples 1 (Frame:2).
[2018.01.10-21.55.28:833][  1]LogAssetRegistry: Asset discovery search completed in 13.1528 seconds
[2018.01.10-21.55.28:833][  1]LogCollectionManager: Rebuilt the object cache for 0 collections in 0.000005 seconds (found 0 objects)
[2018.01.10-21.55.28:833][  1]LogCollectionManager: Fixed up redirectors for 0 collections in 0.000079 seconds (updated 0 objects)
[2018.01.10-21.55.38:220][508]LogSlate: Took 0.000190 seconds to synchronously load lazily loaded font '../../../Engine/Content/Slate/Fonts/Roboto-Light.ttf' (159K)
[2018.01.10-21.55.38:398][508]LogAIModule: Creating AISystem for world Sudoku
[2018.01.10-21.55.38:425][508]Cmd: MAP LOAD FILE="../../../../../../Users/Kaitlyn/Documents/GitHub/UE4UMGSudoku/Content/Maps/Sudoku.umap" TEMPLATE=0 SHOWPROGRESS=1 FEATURELEVEL=3
[2018.01.10-21.55.38:425][508]LightingResults: New page: Lighting Build
[2018.01.10-21.55.38:426][508]LoadErrors: New page: Loading map: Sudoku.umap
[2018.01.10-21.55.38:427][508]MapCheck: New page: Map Check
[2018.01.10-21.55.38:427][508]LightingResults: New page: Lighting Build
[2018.01.10-21.55.38:491][508]LogEditorServer: Finished looking for orphan Actors (0.000 secs)
[2018.01.10-21.55.38:510][508]Cmd: MAP CHECKDEP NOCLEARLOG
[2018.01.10-21.55.38:582][508]MapCheck: Info Map check complete: 0 Error(s), 0 Warning(s), took 71.893ms to complete.
[2018.01.10-21.55.38:583][508]LogFileHelpers: Loading map 'Sudoku' took 0.159
[2018.01.10-21.55.40:087][594]LogAIModule: Creating AISystem for world MainMenu
[2018.01.10-21.55.40:102][594]Cmd: MAP LOAD FILE="../../../../../../Users/Kaitlyn/Documents/GitHub/UE4UMGSudoku/Content/Maps/MainMenu.umap" TEMPLATE=0 SHOWPROGRESS=1 FEATURELEVEL=3
[2018.01.10-21.55.40:102][594]LightingResults: New page: Lighting Build
[2018.01.10-21.55.40:104][594]LoadErrors: New page: Loading map: MainMenu.umap
[2018.01.10-21.55.40:105][594]MapCheck: New page: Map Check
[2018.01.10-21.55.40:105][594]LightingResults: New page: Lighting Build
[2018.01.10-21.55.40:177][594]LogEditorServer: Finished looking for orphan Actors (0.000 secs)
[2018.01.10-21.55.40:198][594]Cmd: MAP CHECKDEP NOCLEARLOG
[2018.01.10-21.55.40:269][594]MapCheck: Info Map check complete: 0 Error(s), 0 Warning(s), took 70.987ms to complete.
[2018.01.10-21.55.40:269][594]LogFileHelpers: Loading map 'MainMenu' took 0.167
[2018.01.10-21.55.41:020][638]LogTemp: Repeting last play command: Selected Viewport
[2018.01.10-21.55.41:032][638]LogBlueprintUserMessages: Early PlayInEditor Detection: Level '/Game/Maps/MainMenu.MainMenu:PersistentLevel' has LevelScriptBlueprint '/Game/Maps/MainMenu.MainMenu:PersistentLevel.MainMenu' with GeneratedClass '/Game/Maps/MainMenu.MainMenu_C' with ClassGeneratedBy '/Game/Maps/MainMenu.MainMenu:PersistentLevel.MainMenu'
[2018.01.10-21.55.41:032][638]LogPlayLevel: PlayLevel: No blueprints needed recompiling
[2018.01.10-21.55.41:033][638]PIE: New page: PIE session: MainMenu (11 Jan 2018 7:55:41 pm)
[2018.01.10-21.55.41:033][638]LogPlayLevel: Creating play world package: /Game/Maps/UEDPIE_0_MainMenu
[2018.01.10-21.55.41:034][638]LogPlayLevel: PIE: StaticDuplicateObject took: (0.001082s)
[2018.01.10-21.55.41:034][638]LogAIModule: Creating AISystem for world MainMenu
[2018.01.10-21.55.41:035][638]LogPlayLevel: PIE: World Init took: (0.000674s)
[2018.01.10-21.55.41:035][638]LogPlayLevel: PIE: Created PIE world by copying editor world from /Game/Maps/MainMenu.MainMenu to /Game/Maps/UEDPIE_0_MainMenu.MainMenu (0.002081s)
[2018.01.10-21.55.41:052][638]LogInit: XAudio2 using 'Speakers (Realtek High Definition Audio)' : 2 channels at 48 kHz using 32 bits per sample (channel mask 0x3)
[2018.01.10-21.55.41:072][638]LogInit: FAudioDevice initialized.
[2018.01.10-21.55.41:118][638]LogLoad: Game class is 'GameModeBase'
[2018.01.10-21.55.41:121][638]LogWorld: Bringing World /Game/Maps/UEDPIE_0_MainMenu.MainMenu up for play (max tick rate 60) at 2018.01.11-08.55.41
[2018.01.10-21.55.41:121][638]LogWorld: Bringing up level for play took: 0.001039
[2018.01.10-21.55.41:177][638]LogContentBrowser: Native class hierarchy updated for 'MovieSceneCapture' in 0.0005 seconds. Added 11 classes and 0 folders.
[2018.01.10-21.55.41:179][638]PIE: Info Play in editor start time for /Game/Maps/UEDPIE_0_MainMenu 0.83
[2018.01.10-21.55.41:180][638]LogBlueprintUserMessages: Late PlayInEditor Detection: Level '/Game/Maps/MainMenu.MainMenu:PersistentLevel' has LevelScriptBlueprint '/Game/Maps/MainMenu.MainMenu:PersistentLevel.MainMenu' with GeneratedClass '/Game/Maps/MainMenu.MainMenu_C' with ClassGeneratedBy '/Game/Maps/MainMenu.MainMenu:PersistentLevel.MainMenu'
[2018.01.10-21.55.41:805][674]LogNet: Browse: /Game/Maps/Sudoku
[2018.01.10-21.55.41:805][674]LogLoadingSplash: Loading begins
[2018.01.10-21.55.41:805][674]LogHMD: FOculusRiftSplash::PushBlackFrame
[2018.01.10-21.55.41:805][674]LogHMD: FOculusRiftSplash::Show
[2018.01.10-21.55.41:805][674]LogLoad: LoadMap: /Game/Maps/Sudoku
[2018.01.10-21.55.41:816][674]Cmd: MEM
[2018.01.10-21.55.41:827][674]LogMemory: Platform Memory Stats for Windows
[2018.01.10-21.55.41:827][674]LogMemory: Process Physical Memory: 1000.84 MB used, 1171.03 MB peak
[2018.01.10-21.55.41:827][674]LogMemory: Process Virtual Memory: 1449.58 MB used, 1616.66 MB peak
[2018.01.10-21.55.41:827][674]LogMemory: Physical Memory: 7988.98 MB used,  8287.19 MB free, 16276.17 MB total
[2018.01.10-21.55.41:827][674]LogMemory: Virtual Memory: 2391.58 MB used,  8287.19 MB free, 134217728.00 MB total
[2018.01.10-21.55.41:827][674]LogMemory: 
[2018.01.10-21.55.41:827][674]Allocator Stats for TBB: (not implemented)
[2018.01.10-21.55.41:930][674]LogAIModule: Creating AISystem for world Sudoku
[2018.01.10-21.55.41:930][674]LogLoad: Game class is 'GameModeBase'
[2018.01.10-21.55.41:932][674]LogWorld: Bringing World /Game/Maps/UEDPIE_0_Sudoku.Sudoku up for play (max tick rate 60) at 2018.01.11-08.55.41
[2018.01.10-21.55.41:932][674]LogWorld: Bringing up level for play took: 0.001020
[2018.01.10-21.55.41:933][674]LogGameMode: FindPlayerStart: PATHS NOT DEFINED or NO PLAYERSTART with positive rating
[2018.01.10-21.55.41:999][674]LogLoadingSplash: Loading ends
[2018.01.10-21.55.41:999][674]LogHMD: FOculusRiftSplash::Hide
[2018.01.10-21.55.41:999][674]LogHMD: FOculusRiftSplash::PushBlackFrame
[2018.01.10-21.55.41:999][674]LogLoad: Took 0.194033 seconds to LoadMap(/Game/Maps/Sudoku)
[2018.01.10-21.57.23:942][448]LogBlueprintUserMessages: Early EndPlayMap Detection: Level '/Game/Maps/MainMenu.MainMenu:PersistentLevel' has LevelScriptBlueprint '/Game/Maps/MainMenu.MainMenu:PersistentLevel.MainMenu' with GeneratedClass '/Game/Maps/MainMenu.MainMenu_C' with ClassGeneratedBy '/Game/Maps/MainMenu.MainMenu:PersistentLevel.MainMenu'
[2018.01.10-21.57.23:984][448]LogBlueprintUserMessages: Late EndPlayMap Detection: Level '/Game/Maps/MainMenu.MainMenu:PersistentLevel' has LevelScriptBlueprint '/Game/Maps/MainMenu.MainMenu:PersistentLevel.MainMenu' with GeneratedClass '/Game/Maps/MainMenu.MainMenu_C' with ClassGeneratedBy '/Game/Maps/MainMenu.MainMenu:PersistentLevel.MainMenu'
[2018.01.10-21.57.27:068][601]LogContentBrowser: Native class hierarchy updated for 'BlueprintGraph' in 0.0009 seconds. Added 112 classes and 0 folders.
[2018.01.10-21.57.27:801][601]LogSlate: Took 0.000165 seconds to synchronously load lazily loaded font '../../../Engine/Content/Slate/Fonts/Roboto-Light.ttf' (159K)
[2018.01.10-21.57.27:801][601]LogSlate: Took 0.000192 seconds to synchronously load lazily loaded font '../../../Engine/Content/Editor/Slate/Fonts/Roboto-BoldCondensed.ttf' (158K)
[2018.01.10-21.57.29:734][711]LogSlate: Took 0.000299 seconds to synchronously load lazily loaded font '../../../Engine/Content/Editor/Slate/Fonts/Roboto-Italic.ttf' (157K)
[2018.01.10-21.58.24:078][952]BlueprintLog: New page: Compile SingleGridWidget
[2018.01.10-21.58.24:583][973]Cmd: OBJ SAVEPACKAGE PACKAGE="/Game/Blueprints/SingleGridWidget" FILE="../../../../../../Users/Kaitlyn/Documents/GitHub/UE4UMGSudoku/Content/Blueprints/SingleGridWidget.uasset" SILENT=true
[2018.01.10-21.58.24:613][973]LogSavePackage: Save=17.79ms
[2018.01.10-21.58.24:613][973]LogSavePackage: Moving '../../../../../../Users/Kaitlyn/Documents/GitHub/UE4UMGSudoku/Saved/SingleGridWidgetCF65227A4A1FFFE611A695BCDE247A32.tmp' to '../../../../../../Users/Kaitlyn/Documents/GitHub/UE4UMGSudoku/Content/Blueprints/SingleGridWidget.uasset'
[2018.01.10-21.58.24:619][973]LogSavePackage:Display: Finished SavePackage ../../../../../../Users/Kaitlyn/Documents/GitHub/UE4UMGSudoku/Content/Blueprints/SingleGridWidget.uasset
[2018.01.10-21.58.30:126][302]BlueprintLog: New page: Compile SingleGridWidget
[2018.01.10-21.58.30:560][320]Cmd: OBJ SAVEPACKAGE PACKAGE="/Game/Blueprints/SingleGridWidget" FILE="../../../../../../Users/Kaitlyn/Documents/GitHub/UE4UMGSudoku/Content/Blueprints/SingleGridWidget.uasset" SILENT=true
[2018.01.10-21.58.30:585][320]LogSavePackage: Save=16.72ms
[2018.01.10-21.58.30:585][320]LogSavePackage: Moving '../../../../../../Users/Kaitlyn/Documents/GitHub/UE4UMGSudoku/Saved/SingleGridWidgetDD079E2F43A760EFA14AF7B8F8F76D56.tmp' to '../../../../../../Users/Kaitlyn/Documents/GitHub/UE4UMGSudoku/Content/Blueprints/SingleGridWidget.uasset'
[2018.01.10-21.58.30:591][320]LogSavePackage:Display: Finished SavePackage ../../../../../../Users/Kaitlyn/Documents/GitHub/UE4UMGSudoku/Content/Blueprints/SingleGridWidget.uasset
[2018.01.10-21.59.27:432][437]Cmd: OBJ SAVEPACKAGE PACKAGE="/Game/Blueprints/SingleGridWidget" FILE="../../../../../../Users/Kaitlyn/Documents/GitHub/UE4UMGSudoku/Content/Blueprints/SingleGridWidget.uasset" SILENT=true
[2018.01.10-21.59.27:462][437]LogSavePackage: Save=19.14ms
[2018.01.10-21.59.27:462][437]LogSavePackage: Moving '../../../../../../Users/Kaitlyn/Documents/GitHub/UE4UMGSudoku/Saved/SingleGridWidget35C00B484E86AAAEE8CF9CBD45FCBC1C.tmp' to '../../../../../../Users/Kaitlyn/Documents/GitHub/UE4UMGSudoku/Content/Blueprints/SingleGridWidget.uasset'
[2018.01.10-21.59.27:470][437]LogSavePackage:Display: Finished SavePackage ../../../../../../Users/Kaitlyn/Documents/GitHub/UE4UMGSudoku/Content/Blueprints/SingleGridWidget.uasset
[2018.01.10-21.59.37:568][ 41]LogWindows: LaunchURL http://docs.unrealengine.com/latest/INT/Engine/Blueprints/index.html?utm_source=editor&utm_medium=docs&utm_campaign=help_menu_asset
[2018.01.10-21.59.42:981][286]BlueprintLog: New page: Compile SingleGridWidget
[2018.01.10-21.59.43:534][305]Cmd: OBJ SAVEPACKAGE PACKAGE="/Game/Blueprints/SingleGridWidget" FILE="../../../../../../Users/Kaitlyn/Documents/GitHub/UE4UMGSudoku/Content/Blueprints/SingleGridWidget.uasset" SILENT=true
[2018.01.10-21.59.43:561][305]LogSavePackage: Save=17.33ms
[2018.01.10-21.59.43:561][305]LogSavePackage: Moving '../../../../../../Users/Kaitlyn/Documents/GitHub/UE4UMGSudoku/Saved/SingleGridWidgetC8F3DCB3492700E135F0D18CBCFEEBB0.tmp' to '../../../../../../Users/Kaitlyn/Documents/GitHub/UE4UMGSudoku/Content/Blueprints/SingleGridWidget.uasset'
[2018.01.10-21.59.43:578][305]LogSavePackage:Display: Finished SavePackage ../../../../../../Users/Kaitlyn/Documents/GitHub/UE4UMGSudoku/Content/Blueprints/SingleGridWidget.uasset
[2018.01.10-21.59.59:785][267]Cmd: OBJ SAVEPACKAGE PACKAGE="/Game/Blueprints/SingleGridWidget" FILE="../../../../../../Users/Kaitlyn/Documents/GitHub/UE4UMGSudoku/Content/Blueprints/SingleGridWidget.uasset" SILENT=true
[2018.01.10-21.59.59:813][267]LogSavePackage: Save=18.68ms
[2018.01.10-21.59.59:813][267]LogSavePackage: Moving '../../../../../../Users/Kaitlyn/Documents/GitHub/UE4UMGSudoku/Saved/SingleGridWidget990C27934A333BA10297B7829C2B5AEF.tmp' to '../../../../../../Users/Kaitlyn/Documents/GitHub/UE4UMGSudoku/Content/Blueprints/SingleGridWidget.uasset'
[2018.01.10-21.59.59:822][267]LogSavePackage:Display: Finished SavePackage ../../../../../../Users/Kaitlyn/Documents/GitHub/UE4UMGSudoku/Content/Blueprints/SingleGridWidget.uasset
[2018.01.10-22.02.17:024][479]BlueprintLog: New page: Compile SingleGridWidget
[2018.01.10-22.02.17:482][497]Cmd: OBJ SAVEPACKAGE PACKAGE="/Game/Blueprints/SingleGridWidget" FILE="../../../../../../Users/Kaitlyn/Documents/GitHub/UE4UMGSudoku/Content/Blueprints/SingleGridWidget.uasset" SILENT=true
[2018.01.10-22.02.17:508][497]LogSavePackage: Save=17.09ms
[2018.01.10-22.02.17:508][497]LogSavePackage: Moving '../../../../../../Users/Kaitlyn/Documents/GitHub/UE4UMGSudoku/Saved/SingleGridWidgetBD9F0F2640DC9E6324D1018724648345.tmp' to '../../../../../../Users/Kaitlyn/Documents/GitHub/UE4UMGSudoku/Content/Blueprints/SingleGridWidget.uasset'
[2018.01.10-22.02.17:515][497]LogSavePackage:Display: Finished SavePackage ../../../../../../Users/Kaitlyn/Documents/GitHub/UE4UMGSudoku/Content/Blueprints/SingleGridWidget.uasset
[2018.01.10-22.02.48:126][188]BlueprintLog: New page: Compile SingleGridWidget
[2018.01.10-22.02.49:057][236]Cmd: OBJ SAVEPACKAGE PACKAGE="/Game/Blueprints/SingleGridWidget" FILE="../../../../../../Users/Kaitlyn/Documents/GitHub/UE4UMGSudoku/Content/Blueprints/SingleGridWidget.uasset" SILENT=true
[2018.01.10-22.02.49:087][236]LogSavePackage: Save=21.12ms
[2018.01.10-22.02.49:087][236]LogSavePackage: Moving '../../../../../../Users/Kaitlyn/Documents/GitHub/UE4UMGSudoku/Saved/SingleGridWidget5BECBA0F49FB98EEB222ABA7104EE6AE.tmp' to '../../../../../../Users/Kaitlyn/Documents/GitHub/UE4UMGSudoku/Content/Blueprints/SingleGridWidget.uasset'
[2018.01.10-22.02.49:094][236]LogSavePackage:Display: Finished SavePackage ../../../../../../Users/Kaitlyn/Documents/GitHub/UE4UMGSudoku/Content/Blueprints/SingleGridWidget.uasset
[2018.01.10-22.03.08:802][144]LogSlate: Took 0.001860 seconds to synchronously load lazily loaded font '../../../Engine/Content/Editor/Slate/Fonts/Roboto-BoldCondensedItalic.ttf' (160K)
[2018.01.10-22.04.06:988][632]BlueprintLog: New page: Compile SingleGridWidget
[2018.01.10-22.04.07:653][658]Cmd: OBJ SAVEPACKAGE PACKAGE="/Game/Blueprints/SingleGridWidget" FILE="../../../../../../Users/Kaitlyn/Documents/GitHub/UE4UMGSudoku/Content/Blueprints/SingleGridWidget.uasset" SILENT=true
[2018.01.10-22.04.07:684][658]LogSavePackage: Save=19.86ms
[2018.01.10-22.04.07:684][658]LogSavePackage: Moving '../../../../../../Users/Kaitlyn/Documents/GitHub/UE4UMGSudoku/Saved/SingleGridWidgetD755F93D434BCB4A7917EEAC64F24A85.tmp' to '../../../../../../Users/Kaitlyn/Documents/GitHub/UE4UMGSudoku/Content/Blueprints/SingleGridWidget.uasset'
[2018.01.10-22.04.07:693][658]LogSavePackage:Display: Finished SavePackage ../../../../../../Users/Kaitlyn/Documents/GitHub/UE4UMGSudoku/Content/Blueprints/SingleGridWidget.uasset
[2018.01.10-22.04.16:605][188]BlueprintLog: New page: Compile SingleGridWidget
[2018.01.10-22.04.17:049][206]Cmd: OBJ SAVEPACKAGE PACKAGE="/Game/Blueprints/SingleGridWidget" FILE="../../../../../../Users/Kaitlyn/Documents/GitHub/UE4UMGSudoku/Content/Blueprints/SingleGridWidget.uasset" SILENT=true
[2018.01.10-22.04.17:079][206]LogSavePackage: Save=20.14ms
[2018.01.10-22.04.17:079][206]LogSavePackage: Moving '../../../../../../Users/Kaitlyn/Documents/GitHub/UE4UMGSudoku/Saved/SingleGridWidgetCF4BF0DA49F9470E8BAE69B03883C4EB.tmp' to '../../../../../../Users/Kaitlyn/Documents/GitHub/UE4UMGSudoku/Content/Blueprints/SingleGridWidget.uasset'
[2018.01.10-22.04.17:086][206]LogSavePackage:Display: Finished SavePackage ../../../../../../Users/Kaitlyn/Documents/GitHub/UE4UMGSudoku/Content/Blueprints/SingleGridWidget.uasset
[2018.01.10-22.04.43:905][805]BlueprintLog: New page: Compile SingleGridWidget
[2018.01.10-22.04.46:320][901]BlueprintLog: New page: Compile SingleGridWidget
[2018.01.10-22.04.46:859][924]Cmd: OBJ SAVEPACKAGE PACKAGE="/Game/Blueprints/SingleGridWidget" FILE="../../../../../../Users/Kaitlyn/Documents/GitHub/UE4UMGSudoku/Content/Blueprints/SingleGridWidget.uasset" SILENT=true
[2018.01.10-22.04.46:889][924]LogSavePackage: Save=20.26ms
[2018.01.10-22.04.46:889][924]LogSavePackage: Moving '../../../../../../Users/Kaitlyn/Documents/GitHub/UE4UMGSudoku/Saved/SingleGridWidget36DC416447D3D3FF145510BC4C968F2C.tmp' to '../../../../../../Users/Kaitlyn/Documents/GitHub/UE4UMGSudoku/Content/Blueprints/SingleGridWidget.uasset'
[2018.01.10-22.04.46:896][924]LogSavePackage:Display: Finished SavePackage ../../../../../../Users/Kaitlyn/Documents/GitHub/UE4UMGSudoku/Content/Blueprints/SingleGridWidget.uasset
[2018.01.10-22.05.33:278][545]BlueprintLog: New page: Compile SingleGridWidget
[2018.01.10-22.05.33:769][566]Cmd: OBJ SAVEPACKAGE PACKAGE="/Game/Blueprints/SingleGridWidget" FILE="../../../../../../Users/Kaitlyn/Documents/GitHub/UE4UMGSudoku/Content/Blueprints/SingleGridWidget.uasset" SILENT=true
[2018.01.10-22.05.33:800][566]LogSavePackage: Save=20.45ms
[2018.01.10-22.05.33:800][566]LogSavePackage: Moving '../../../../../../Users/Kaitlyn/Documents/GitHub/UE4UMGSudoku/Saved/SingleGridWidget44A7C5E945A261D46F969AB216FBE7DC.tmp' to '../../../../../../Users/Kaitlyn/Documents/GitHub/UE4UMGSudoku/Content/Blueprints/SingleGridWidget.uasset'
[2018.01.10-22.05.33:808][566]LogSavePackage:Display: Finished SavePackage ../../../../../../Users/Kaitlyn/Documents/GitHub/UE4UMGSudoku/Content/Blueprints/SingleGridWidget.uasset
[2018.01.10-22.05.42:034][ 53]BlueprintLog: New page: Compile SingleGridWidget
[2018.01.10-22.05.43:502][ 96]Cmd: OBJ SAVEPACKAGE PACKAGE="/Game/Blueprints/SingleGridWidget" FILE="../../../../../../Users/Kaitlyn/Documents/GitHub/UE4UMGSudoku/Content/Blueprints/SingleGridWidget.uasset" SILENT=true
[2018.01.10-22.05.43:530][ 96]LogSavePackage: Save=19.05ms
[2018.01.10-22.05.43:530][ 96]LogSavePackage: Moving '../../../../../../Users/Kaitlyn/Documents/GitHub/UE4UMGSudoku/Saved/SingleGridWidget2CB136474B7464A1C2B248BFE0830D06.tmp' to '../../../../../../Users/Kaitlyn/Documents/GitHub/UE4UMGSudoku/Content/Blueprints/SingleGridWidget.uasset'
[2018.01.10-22.05.43:537][ 96]LogSavePackage:Display: Finished SavePackage ../../../../../../Users/Kaitlyn/Documents/GitHub/UE4UMGSudoku/Content/Blueprints/SingleGridWidget.uasset
[2018.01.10-22.06.15:972][ 23]BlueprintLog: New page: Compile SingleGridWidget
[2018.01.10-22.06.16:379][ 39]Cmd: OBJ SAVEPACKAGE PACKAGE="/Game/Blueprints/SingleGridWidget" FILE="../../../../../../Users/Kaitlyn/Documents/GitHub/UE4UMGSudoku/Content/Blueprints/SingleGridWidget.uasset" SILENT=true
[2018.01.10-22.06.16:410][ 39]LogSavePackage: Save=21.32ms
[2018.01.10-22.06.16:410][ 39]LogSavePackage: Moving '../../../../../../Users/Kaitlyn/Documents/GitHub/UE4UMGSudoku/Saved/SingleGridWidgetBF69F48F4F020912CBE3FEA0F1956EC0.tmp' to '../../../../../../Users/Kaitlyn/Documents/GitHub/UE4UMGSudoku/Content/Blueprints/SingleGridWidget.uasset'
[2018.01.10-22.06.16:417][ 39]LogSavePackage:Display: Finished SavePackage ../../../../../../Users/Kaitlyn/Documents/GitHub/UE4UMGSudoku/Content/Blueprints/SingleGridWidget.uasset
[2018.01.10-22.06.21:927][364]BlueprintLog: New page: Compile SingleGridWidget
[2018.01.10-22.06.22:359][380]Cmd: OBJ SAVEPACKAGE PACKAGE="/Game/Blueprints/SingleGridWidget" FILE="../../../../../../Users/Kaitlyn/Documents/GitHub/UE4UMGSudoku/Content/Blueprints/SingleGridWidget.uasset" SILENT=true
[2018.01.10-22.06.22:393][380]LogSavePackage: Save=23.54ms
[2018.01.10-22.06.22:393][380]LogSavePackage: Moving '../../../../../../Users/Kaitlyn/Documents/GitHub/UE4UMGSudoku/Saved/SingleGridWidgetF28660684553475848B06E9927BECB53.tmp' to '../../../../../../Users/Kaitlyn/Documents/GitHub/UE4UMGSudoku/Content/Blueprints/SingleGridWidget.uasset'
[2018.01.10-22.06.22:399][380]LogSavePackage:Display: Finished SavePackage ../../../../../../Users/Kaitlyn/Documents/GitHub/UE4UMGSudoku/Content/Blueprints/SingleGridWidget.uasset
[2018.01.10-22.06.39:488][393]BlueprintLog: New page: Compile SingleGridWidget
[2018.01.10-22.06.40:056][414]Cmd: OBJ SAVEPACKAGE PACKAGE="/Game/Blueprints/SingleGridWidget" FILE="../../../../../../Users/Kaitlyn/Documents/GitHub/UE4UMGSudoku/Content/Blueprints/SingleGridWidget.uasset" SILENT=true
[2018.01.10-22.06.40:086][414]LogSavePackage: Save=21.04ms
[2018.01.10-22.06.40:086][414]LogSavePackage: Moving '../../../../../../Users/Kaitlyn/Documents/GitHub/UE4UMGSudoku/Saved/SingleGridWidget4DDB6F7140319BC599BA758DF53D7846.tmp' to '../../../../../../Users/Kaitlyn/Documents/GitHub/UE4UMGSudoku/Content/Blueprints/SingleGridWidget.uasset'
[2018.01.10-22.06.40:093][414]LogSavePackage:Display: Finished SavePackage ../../../../../../Users/Kaitlyn/Documents/GitHub/UE4UMGSudoku/Content/Blueprints/SingleGridWidget.uasset
[2018.01.10-22.07.23:949][672]LogFileHelpers: Editor autosave (incl. sublevels) for '/Game/Maps/MainMenu' took 0.016
[2018.01.10-22.07.23:954][672]OBJ SavePackage: Generating thumbnails for [0] asset(s) in package [/Game/Blueprints/GridBlockWidget] ([1] browsable assets)...
[2018.01.10-22.07.23:954][672]OBJ SavePackage: Finished generating thumbnails for package [/Game/Blueprints/GridBlockWidget]
[2018.01.10-22.07.23:978][672]LogSavePackage: Save=13.64ms
[2018.01.10-22.07.23:978][672]LogSavePackage: Moving '../../../../../../Users/Kaitlyn/Documents/GitHub/UE4UMGSudoku/Saved/GridBlockWidget_Auto19375F39D452294B608DF82AD2AA567FE.tmp' to '../../../../../../Users/Kaitlyn/Documents/GitHub/UE4UMGSudoku/Saved/Autosaves/Game/Blueprints/GridBlockWidget_Auto1.uasset'
[2018.01.10-22.07.23:981][672]LogSavePackage:Display: Finished SavePackage ../../../../../../Users/Kaitlyn/Documents/GitHub/UE4UMGSudoku/Saved/Autosaves/Game/Blueprints/GridBlockWidget_Auto1.uasset
[2018.01.10-22.07.23:981][672]LogFileHelpers: Auto-saving content packages took 0.031
[2018.01.10-22.08.50:213][ 62]Cmd: OBJ SAVEPACKAGE PACKAGE="/Game/Blueprints/GridBlockWidget" FILE="../../../../../../Users/Kaitlyn/Documents/GitHub/UE4UMGSudoku/Content/Blueprints/GridBlockWidget.uasset" SILENT=true
[2018.01.10-22.08.50:234][ 62]LogSavePackage: Save=11.99ms
[2018.01.10-22.08.50:234][ 62]LogSavePackage: Moving '../../../../../../Users/Kaitlyn/Documents/GitHub/UE4UMGSudoku/Saved/GridBlockWidget207BAF394C1A8E4DBA76DABD062E6DDB.tmp' to '../../../../../../Users/Kaitlyn/Documents/GitHub/UE4UMGSudoku/Content/Blueprints/GridBlockWidget.uasset'
[2018.01.10-22.08.50:241][ 62]LogSavePackage:Display: Finished SavePackage ../../../../../../Users/Kaitlyn/Documents/GitHub/UE4UMGSudoku/Content/Blueprints/GridBlockWidget.uasset
[2018.01.10-22.09.46:403][278]BlueprintLog: New page: Compile SingleGridWidget
[2018.01.10-22.09.46:814][294]Cmd: OBJ SAVEPACKAGE PACKAGE="/Game/Blueprints/SingleGridWidget" FILE="../../../../../../Users/Kaitlyn/Documents/GitHub/UE4UMGSudoku/Content/Blueprints/SingleGridWidget.uasset" SILENT=true
[2018.01.10-22.09.46:853][294]LogSavePackage: Save=26.81ms
[2018.01.10-22.09.46:853][294]LogSavePackage: Moving '../../../../../../Users/Kaitlyn/Documents/GitHub/UE4UMGSudoku/Saved/SingleGridWidgetA3F383874C4C11314A951D92380853DF.tmp' to '../../../../../../Users/Kaitlyn/Documents/GitHub/UE4UMGSudoku/Content/Blueprints/SingleGridWidget.uasset'
[2018.01.10-22.09.46:861][294]LogSavePackage:Display: Finished SavePackage ../../../../../../Users/Kaitlyn/Documents/GitHub/UE4UMGSudoku/Content/Blueprints/SingleGridWidget.uasset
[2018.01.10-22.10.39:710][448]BlueprintLog: New page: Compile SingleGridWidget
[2018.01.10-22.10.40:112][459]Cmd: OBJ SAVEPACKAGE PACKAGE="/Game/Blueprints/SingleGridWidget" FILE="../../../../../../Users/Kaitlyn/Documents/GitHub/UE4UMGSudoku/Content/Blueprints/SingleGridWidget.uasset" SILENT=true
[2018.01.10-22.10.40:143][459]LogSavePackage: Save=21.96ms
[2018.01.10-22.10.40:143][459]LogSavePackage: Moving '../../../../../../Users/Kaitlyn/Documents/GitHub/UE4UMGSudoku/Saved/SingleGridWidget7384A9E84A9C511E36177F919FF8FBEE.tmp' to '../../../../../../Users/Kaitlyn/Documents/GitHub/UE4UMGSudoku/Content/Blueprints/SingleGridWidget.uasset'
[2018.01.10-22.10.40:150][459]LogSavePackage:Display: Finished SavePackage ../../../../../../Users/Kaitlyn/Documents/GitHub/UE4UMGSudoku/Content/Blueprints/SingleGridWidget.uasset
[2018.01.10-22.10.41:339][529]LogTemp: Repeting last play command: Selected Viewport
[2018.01.10-22.10.41:352][529]LogBlueprintUserMessages: Early PlayInEditor Detection: Level '/Game/Maps/MainMenu.MainMenu:PersistentLevel' has LevelScriptBlueprint '/Game/Maps/MainMenu.MainMenu:PersistentLevel.MainMenu' with GeneratedClass '/Game/Maps/MainMenu.MainMenu_C' with ClassGeneratedBy '/Game/Maps/MainMenu.MainMenu:PersistentLevel.MainMenu'
[2018.01.10-22.10.41:352][529]LogPlayLevel: PlayLevel: No blueprints needed recompiling
[2018.01.10-22.10.41:352][529]PIE: New page: PIE session: MainMenu (11 Jan 2018 8:10:41 pm)
[2018.01.10-22.10.41:352][529]LogPlayLevel: Creating play world package: /Game/Maps/UEDPIE_0_MainMenu
[2018.01.10-22.10.41:353][529]LogPlayLevel: PIE: StaticDuplicateObject took: (0.001124s)
[2018.01.10-22.10.41:354][529]LogAIModule: Creating AISystem for world MainMenu
[2018.01.10-22.10.41:354][529]LogPlayLevel: PIE: World Init took: (0.000962s)
[2018.01.10-22.10.41:354][529]LogPlayLevel: PIE: Created PIE world by copying editor world from /Game/Maps/MainMenu.MainMenu to /Game/Maps/UEDPIE_0_MainMenu.MainMenu (0.002306s)
[2018.01.10-22.10.41:379][529]LogInit: XAudio2 using 'Speakers (Realtek High Definition Audio)' : 2 channels at 48 kHz using 32 bits per sample (channel mask 0x3)
[2018.01.10-22.10.41:396][529]LogInit: FAudioDevice initialized.
[2018.01.10-22.10.41:427][529]LogLoad: Game class is 'GameModeBase'
[2018.01.10-22.10.41:429][529]LogWorld: Bringing World /Game/Maps/UEDPIE_0_MainMenu.MainMenu up for play (max tick rate 60) at 2018.01.11-09.10.41
[2018.01.10-22.10.41:429][529]LogWorld: Bringing up level for play took: 0.000968
[2018.01.10-22.10.41:431][529]PIE: Info Play in editor start time for /Game/Maps/UEDPIE_0_MainMenu 1.081
[2018.01.10-22.10.41:431][529]LogBlueprintUserMessages: Late PlayInEditor Detection: Level '/Game/Maps/MainMenu.MainMenu:PersistentLevel' has LevelScriptBlueprint '/Game/Maps/MainMenu.MainMenu:PersistentLevel.MainMenu' with GeneratedClass '/Game/Maps/MainMenu.MainMenu_C' with ClassGeneratedBy '/Game/Maps/MainMenu.MainMenu:PersistentLevel.MainMenu'
[2018.01.10-22.10.42:137][571]LogNet: Browse: /Game/Maps/Sudoku
[2018.01.10-22.10.42:137][571]LogLoadingSplash: Loading begins
[2018.01.10-22.10.42:137][571]LogHMD: FOculusRiftSplash::PushBlackFrame
[2018.01.10-22.10.42:137][571]LogHMD: FOculusRiftSplash::Show
[2018.01.10-22.10.42:137][571]LogLoad: LoadMap: /Game/Maps/Sudoku
[2018.01.10-22.10.42:153][571]Cmd: MEM
[2018.01.10-22.10.42:168][571]LogMemory: Platform Memory Stats for Windows
[2018.01.10-22.10.42:168][571]LogMemory: Process Physical Memory: 1171.84 MB used, 1174.23 MB peak
[2018.01.10-22.10.42:168][571]LogMemory: Process Virtual Memory: 1600.09 MB used, 1663.88 MB peak
[2018.01.10-22.10.42:168][571]LogMemory: Physical Memory: 7391.99 MB used,  8884.18 MB free, 16276.17 MB total
[2018.01.10-22.10.42:168][571]LogMemory: Virtual Memory: 2552.12 MB used,  8884.18 MB free, 134217728.00 MB total
[2018.01.10-22.10.42:168][571]LogMemory: 
[2018.01.10-22.10.42:168][571]Allocator Stats for TBB: (not implemented)
[2018.01.10-22.10.42:191][571]LogAIModule: Creating AISystem for world Sudoku
[2018.01.10-22.10.42:191][571]LogLoad: Game class is 'GameModeBase'
[2018.01.10-22.10.42:193][571]LogWorld: Bringing World /Game/Maps/UEDPIE_0_Sudoku.Sudoku up for play (max tick rate 60) at 2018.01.11-09.10.42
[2018.01.10-22.10.42:193][571]LogWorld: Bringing up level for play took: 0.001119
[2018.01.10-22.10.42:194][571]LogGameMode: FindPlayerStart: PATHS NOT DEFINED or NO PLAYERSTART with positive rating
[2018.01.10-22.10.42:252][571]LogLoadingSplash: Loading ends
[2018.01.10-22.10.42:252][571]LogHMD: FOculusRiftSplash::Hide
[2018.01.10-22.10.42:252][571]LogHMD: FOculusRiftSplash::PushBlackFrame
[2018.01.10-22.10.42:252][571]LogLoad: Took 0.114582 seconds to LoadMap(/Game/Maps/Sudoku)
[2018.01.10-22.10.44:425][697]LogBlueprintUserMessages: Early EndPlayMap Detection: Level '/Game/Maps/MainMenu.MainMenu:PersistentLevel' has LevelScriptBlueprint '/Game/Maps/MainMenu.MainMenu:PersistentLevel.MainMenu' with GeneratedClass '/Game/Maps/MainMenu.MainMenu_C' with ClassGeneratedBy '/Game/Maps/MainMenu.MainMenu:PersistentLevel.MainMenu'
[2018.01.10-22.10.44:462][697]LogBlueprintUserMessages: Late EndPlayMap Detection: Level '/Game/Maps/MainMenu.MainMenu:PersistentLevel' has LevelScriptBlueprint '/Game/Maps/MainMenu.MainMenu:PersistentLevel.MainMenu' with GeneratedClass '/Game/Maps/MainMenu.MainMenu_C' with ClassGeneratedBy '/Game/Maps/MainMenu.MainMenu:PersistentLevel.MainMenu'
[2018.01.10-22.11.00:518][656]BlueprintLog: New page: Compile SingleGridWidget
[2018.01.10-22.11.00:934][673]Cmd: OBJ SAVEPACKAGE PACKAGE="/Game/Blueprints/SingleGridWidget" FILE="../../../../../../Users/Kaitlyn/Documents/GitHub/UE4UMGSudoku/Content/Blueprints/SingleGridWidget.uasset" SILENT=true
[2018.01.10-22.11.00:966][673]LogSavePackage: Save=22.49ms
[2018.01.10-22.11.00:966][673]LogSavePackage: Moving '../../../../../../Users/Kaitlyn/Documents/GitHub/UE4UMGSudoku/Saved/SingleGridWidget837DE7BD449F17FC7DDD9EBD06A44B06.tmp' to '../../../../../../Users/Kaitlyn/Documents/GitHub/UE4UMGSudoku/Content/Blueprints/SingleGridWidget.uasset'
[2018.01.10-22.11.00:974][673]LogSavePackage:Display: Finished SavePackage ../../../../../../Users/Kaitlyn/Documents/GitHub/UE4UMGSudoku/Content/Blueprints/SingleGridWidget.uasset
[2018.01.10-22.11.10:416][235]Cmd: OBJ SAVEPACKAGE PACKAGE="/Game/Blueprints/SingleGridWidget" FILE="../../../../../../Users/Kaitlyn/Documents/GitHub/UE4UMGSudoku/Content/Blueprints/SingleGridWidget.uasset" SILENT=true
[2018.01.10-22.11.10:449][235]LogSavePackage: Save=22.64ms
[2018.01.10-22.11.10:449][235]LogSavePackage: Moving '../../../../../../Users/Kaitlyn/Documents/GitHub/UE4UMGSudoku/Saved/SingleGridWidget3DA37AEE4BB3EFB050E469AF9D9D5059.tmp' to '../../../../../../Users/Kaitlyn/Documents/GitHub/UE4UMGSudoku/Content/Blueprints/SingleGridWidget.uasset'
[2018.01.10-22.11.10:457][235]LogSavePackage:Display: Finished SavePackage ../../../../../../Users/Kaitlyn/Documents/GitHub/UE4UMGSudoku/Content/Blueprints/SingleGridWidget.uasset
[2018.01.10-22.11.13:240][398]Cmd: OBJ SAVEPACKAGE PACKAGE="/Game/Blueprints/SingleGridWidget" FILE="../../../../../../Users/Kaitlyn/Documents/GitHub/UE4UMGSudoku/Content/Blueprints/SingleGridWidget.uasset" SILENT=true
[2018.01.10-22.11.13:268][398]LogSavePackage: Save=19.29ms
[2018.01.10-22.11.13:268][398]LogSavePackage: Moving '../../../../../../Users/Kaitlyn/Documents/GitHub/UE4UMGSudoku/Saved/SingleGridWidget9F60A01A4CD35C2CD6F1BBB9CECD2775.tmp' to '../../../../../../Users/Kaitlyn/Documents/GitHub/UE4UMGSudoku/Content/Blueprints/SingleGridWidget.uasset'
[2018.01.10-22.11.13:276][398]LogSavePackage:Display: Finished SavePackage ../../../../../../Users/Kaitlyn/Documents/GitHub/UE4UMGSudoku/Content/Blueprints/SingleGridWidget.uasset
[2018.01.10-22.11.41:038][ 57]BlueprintLog: New page: Compile SingleGridWidget
[2018.01.10-22.11.41:543][ 79]Cmd: OBJ SAVEPACKAGE PACKAGE="/Game/Blueprints/SingleGridWidget" FILE="../../../../../../Users/Kaitlyn/Documents/GitHub/UE4UMGSudoku/Content/Blueprints/SingleGridWidget.uasset" SILENT=true
[2018.01.10-22.11.41:573][ 79]LogSavePackage: Save=22.32ms
[2018.01.10-22.11.41:573][ 79]LogSavePackage: Moving '../../../../../../Users/Kaitlyn/Documents/GitHub/UE4UMGSudoku/Saved/SingleGridWidget564D991543C051D0E3FC52B706BAACDC.tmp' to '../../../../../../Users/Kaitlyn/Documents/GitHub/UE4UMGSudoku/Content/Blueprints/SingleGridWidget.uasset'
[2018.01.10-22.11.41:580][ 79]LogSavePackage:Display: Finished SavePackage ../../../../../../Users/Kaitlyn/Documents/GitHub/UE4UMGSudoku/Content/Blueprints/SingleGridWidget.uasset
[2018.01.10-22.11.55:494][907]Cmd: OBJ SAVEPACKAGE PACKAGE="/Game/Blueprints/SingleGridWidget" FILE="../../../../../../Users/Kaitlyn/Documents/GitHub/UE4UMGSudoku/Content/Blueprints/SingleGridWidget.uasset" SILENT=true
[2018.01.10-22.11.55:524][907]LogSavePackage: Save=20.29ms
[2018.01.10-22.11.55:524][907]LogSavePackage: Moving '../../../../../../Users/Kaitlyn/Documents/GitHub/UE4UMGSudoku/Saved/SingleGridWidget804064A2421DAB8F997EF788F6CC1E97.tmp' to '../../../../../../Users/Kaitlyn/Documents/GitHub/UE4UMGSudoku/Content/Blueprints/SingleGridWidget.uasset'
[2018.01.10-22.11.55:532][907]LogSavePackage:Display: Finished SavePackage ../../../../../../Users/Kaitlyn/Documents/GitHub/UE4UMGSudoku/Content/Blueprints/SingleGridWidget.uasset
[2018.01.10-22.11.59:847][160]Cmd: OBJ SAVEPACKAGE PACKAGE="/Game/Blueprints/SingleGridWidget" FILE="../../../../../../Users/Kaitlyn/Documents/GitHub/UE4UMGSudoku/Content/Blueprints/SingleGridWidget.uasset" SILENT=true
[2018.01.10-22.11.59:877][160]LogSavePackage: Save=21.06ms
[2018.01.10-22.11.59:877][160]LogSavePackage: Moving '../../../../../../Users/Kaitlyn/Documents/GitHub/UE4UMGSudoku/Saved/SingleGridWidget2B69C6C247D990AEE41130AA31E22272.tmp' to '../../../../../../Users/Kaitlyn/Documents/GitHub/UE4UMGSudoku/Content/Blueprints/SingleGridWidget.uasset'
[2018.01.10-22.11.59:885][160]LogSavePackage:Display: Finished SavePackage ../../../../../../Users/Kaitlyn/Documents/GitHub/UE4UMGSudoku/Content/Blueprints/SingleGridWidget.uasset
[2018.01.10-22.12.11:660][712]LogTemp: Repeting last play command: Selected Viewport
[2018.01.10-22.12.11:673][712]LogBlueprintUserMessages: Early PlayInEditor Detection: Level '/Game/Maps/MainMenu.MainMenu:PersistentLevel' has LevelScriptBlueprint '/Game/Maps/MainMenu.MainMenu:PersistentLevel.MainMenu' with GeneratedClass '/Game/Maps/MainMenu.MainMenu_C' with ClassGeneratedBy '/Game/Maps/MainMenu.MainMenu:PersistentLevel.MainMenu'
[2018.01.10-22.12.11:673][712]LogPlayLevel: PlayLevel: No blueprints needed recompiling
[2018.01.10-22.12.11:673][712]PIE: New page: PIE session: MainMenu (11 Jan 2018 8:12:11 pm)
[2018.01.10-22.12.11:673][712]LogPlayLevel: Creating play world package: /Game/Maps/UEDPIE_0_MainMenu
[2018.01.10-22.12.11:675][712]LogPlayLevel: PIE: StaticDuplicateObject took: (0.001158s)
[2018.01.10-22.12.11:675][712]LogAIModule: Creating AISystem for world MainMenu
[2018.01.10-22.12.11:675][712]LogPlayLevel: PIE: World Init took: (0.000763s)
[2018.01.10-22.12.11:676][712]LogPlayLevel: PIE: Created PIE world by copying editor world from /Game/Maps/MainMenu.MainMenu to /Game/Maps/UEDPIE_0_MainMenu.MainMenu (0.002160s)
[2018.01.10-22.12.11:699][712]LogInit: XAudio2 using 'Speakers (Realtek High Definition Audio)' : 2 channels at 48 kHz using 32 bits per sample (channel mask 0x3)
[2018.01.10-22.12.11:714][712]LogInit: FAudioDevice initialized.
[2018.01.10-22.12.11:745][712]LogLoad: Game class is 'GameModeBase'
[2018.01.10-22.12.11:747][712]LogWorld: Bringing World /Game/Maps/UEDPIE_0_MainMenu.MainMenu up for play (max tick rate 60) at 2018.01.11-09.12.11
[2018.01.10-22.12.11:748][712]LogWorld: Bringing up level for play took: 0.000983
[2018.01.10-22.12.11:750][712]PIE: Info Play in editor start time for /Game/Maps/UEDPIE_0_MainMenu -0.6
[2018.01.10-22.12.11:750][712]LogBlueprintUserMessages: Late PlayInEditor Detection: Level '/Game/Maps/MainMenu.MainMenu:PersistentLevel' has LevelScriptBlueprint '/Game/Maps/MainMenu.MainMenu:PersistentLevel.MainMenu' with GeneratedClass '/Game/Maps/MainMenu.MainMenu_C' with ClassGeneratedBy '/Game/Maps/MainMenu.MainMenu:PersistentLevel.MainMenu'
[2018.01.10-22.12.13:154][796]LogNet: Browse: /Game/Maps/Sudoku
[2018.01.10-22.12.13:154][796]LogLoadingSplash: Loading begins
[2018.01.10-22.12.13:154][796]LogHMD: FOculusRiftSplash::PushBlackFrame
[2018.01.10-22.12.13:154][796]LogHMD: FOculusRiftSplash::Show
[2018.01.10-22.12.13:154][796]LogLoad: LoadMap: /Game/Maps/Sudoku
[2018.01.10-22.12.13:171][796]Cmd: MEM
[2018.01.10-22.12.13:186][796]LogMemory: Platform Memory Stats for Windows
[2018.01.10-22.12.13:186][796]LogMemory: Process Physical Memory: 1175.41 MB used, 1185.25 MB peak
[2018.01.10-22.12.13:186][796]LogMemory: Process Virtual Memory: 1601.50 MB used, 1663.88 MB peak
[2018.01.10-22.12.13:186][796]LogMemory: Physical Memory: 7397.34 MB used,  8878.84 MB free, 16276.17 MB total
[2018.01.10-22.12.13:186][796]LogMemory: Virtual Memory: 2552.12 MB used,  8878.84 MB free, 134217728.00 MB total
[2018.01.10-22.12.13:186][796]LogMemory: 
[2018.01.10-22.12.13:186][796]Allocator Stats for TBB: (not implemented)
[2018.01.10-22.12.13:211][796]LogAIModule: Creating AISystem for world Sudoku
[2018.01.10-22.12.13:211][796]LogLoad: Game class is 'GameModeBase'
[2018.01.10-22.12.13:214][796]LogWorld: Bringing World /Game/Maps/UEDPIE_0_Sudoku.Sudoku up for play (max tick rate 60) at 2018.01.11-09.12.13
[2018.01.10-22.12.13:214][796]LogWorld: Bringing up level for play took: 0.001828
[2018.01.10-22.12.13:215][796]LogGameMode: FindPlayerStart: PATHS NOT DEFINED or NO PLAYERSTART with positive rating
[2018.01.10-22.12.13:273][796]LogLoadingSplash: Loading ends
[2018.01.10-22.12.13:273][796]LogHMD: FOculusRiftSplash::Hide
[2018.01.10-22.12.13:273][796]LogHMD: FOculusRiftSplash::PushBlackFrame
[2018.01.10-22.12.13:273][796]LogLoad: Took 0.119280 seconds to LoadMap(/Game/Maps/Sudoku)
