Log file open, 01/24/18 18:29:27
LogInit:Display: Running engine for game: UIOnlyQuizGame
LogPlatformFile: Not using cached read wrapper
LogInit:Display: RandInit(28804500) SRandInit(28804500).
LogTaskGraph: Started task graph with 5 named threads and 8 total threads with 1 sets of task threads.
LogStats: Stats thread started at 0.092515
LogInit: Using libcurl 7.47.1
LogInit:  - built for x86_64-pc-win32
LogInit:  - supports SSL with OpenSSL/1.0.2g
LogInit:  - supports HTTP deflate (compression) using libz 1.2.8
LogInit:  - other features:
LogInit:      CURL_VERSION_SSL
LogInit:      CURL_VERSION_LIBZ
LogInit:      CURL_VERSION_IPV6
LogInit:      CURL_VERSION_ASYNCHDNS
LogInit:      CURL_VERSION_LARGEFILE
LogInit:      CURL_VERSION_IDN
LogInit:  CurlRequestOptions (configurable via config and command line):
LogInit:  - bVerifyPeer = false  - Libcurl will NOT verify peer certificate
LogInit:  - bUseHttpProxy = false  - Libcurl will NOT use HTTP proxy
LogInit:  - bDontReuseConnections = false  - Libcurl will reuse connections
LogInit:  - CertBundlePath = nullptr  - Libcurl will use whatever was configured at build time.
OCULUS: Info: [CAPI] LibOVR module is located at C:\Program Files\Oculus\Support\oculus-runtime\LibOVRRT64_1.dll
OCULUS: Debug: Connected to the server running version (prod = 1).1.22.0(build = 520733) feature version = 0. Client runs version (prod = 1).1.22.0(build = 520733) feature version = 0
LogHMD: GearVR: Emulating GearVR using Oculus Rift!
LogInit: Build: ++UE4+Release-4.15-CL-3416026
LogInit: Engine Version: 4.15.2-3416026+++UE4+Release-4.15
LogInit: Compatible Engine Version: 4.15.0-3299760+++UE4+Release-4.15
LogInit: Net CL: 3299760
LogDevObjectVersion: Number of dev versions registered: 14
LogDevObjectVersion:   Dev-Blueprints (B0D832E4-1F89-4F0D-ACCF-7EB736FD4AA2): 8
LogDevObjectVersion:   Dev-Build (E1C64328-A22C-4D53-A36C-8E866417BD8C): 0
LogDevObjectVersion:   Dev-Core (375EC13C-06E4-48FB-B500-84F0262A717E): 2
LogDevObjectVersion:   Dev-Editor (E4B068ED-F494-42E9-A231-DA0B2E46BB41): 14
LogDevObjectVersion:   Dev-Framework (CFFC743F-43B0-4480-9391-14DF171D2073): 22
LogDevObjectVersion:   Dev-Mobile (B02B49B5-BB20-44E9-A304-32B752E40360): 0
LogDevObjectVersion:   Dev-Networking (A4E4105C-59A1-49B5-A7C5-40C4547EDFEE): 0
LogDevObjectVersion:   Dev-Online (39C831C9-5AE6-47DC-9A44-9C173E1C8E7C): 0
LogDevObjectVersion:   Dev-Physics (78F01B33-EBEA-4F98-B9B4-84EACCB95AA2): 0
LogDevObjectVersion:   Dev-Platform (6631380F-2D4D-43E0-8009-CF276956A95A): 0
LogDevObjectVersion:   Dev-Rendering (12F88B9F-8875-4AFC-A67C-D90C383ABD29): 12
LogDevObjectVersion:   Dev-Sequencer (7B5AE74C-D270-4C10-A958-57980B212A5A): 3
LogDevObjectVersion:   Dev-VR (D7296918-1DD6-4BDD-9DE2-64A83CC13884): 0
LogDevObjectVersion:   Dev-LoadTimes (C2A15278-BFE7-4AFE-6C17-90FF531DF755): 1
LogInit: Compiled (64-bit): May  1 2017 13:11:28
LogInit: Compiled with Visual C++: 19.00.23026.00
LogInit: Build Configuration: Development
LogInit: Branch Name: ++UE4+Release-4.15
LogInit: Command line:  
LogInit: Base directory: C:/Program Files/Epic Games/UE_4.15/Engine/Binaries/Win64/
LogInit: Installed Engine Build: 1
LogInit: Presizing for max 8388607 objects, including 0 objects not considered by GC, pre-allocating 0 bytes for permanent pool.
LogInit: Object subsystem initialized
[2018.01.24-07.29.29:255][  0]LogInit: Selected Device Profile: [Windows]
[2018.01.24-07.29.29:255][  0]LogInit: Applying CVar settings loaded from the selected device profile: [Windows]
[2018.01.24-07.29.29:266][  0]LogInit: Computer: LAPTOP-UBSVTA87
[2018.01.24-07.29.29:266][  0]LogInit: User: Kaitlyn
[2018.01.24-07.29.29:266][  0]LogInit: CPU Page size=65536, Cores=4
[2018.01.24-07.29.29:266][  0]LogInit: High frequency timer resolution =2.531253 MHz
[2018.01.24-07.29.29:266][  0]LogMemory: Memory total: Physical=15.9GB (16GB approx)
[2018.01.24-07.29.29:267][  0]LogMemory: Platform Memory Stats for Windows
[2018.01.24-07.29.29:267][  0]LogMemory: Process Physical Memory: 268.37 MB used, 268.37 MB peak
[2018.01.24-07.29.29:267][  0]LogMemory: Process Virtual Memory: 266.22 MB used, 266.22 MB peak
[2018.01.24-07.29.29:267][  0]LogMemory: Physical Memory: 9981.66 MB used,  6294.51 MB free, 16276.17 MB total
[2018.01.24-07.29.29:267][  0]LogMemory: Virtual Memory: 703.69 MB used,  6294.51 MB free, 134217728.00 MB total
[2018.01.24-07.29.29:398][  0]LogTextLocalizationManager: No specific translations for ('en-AU') exist, so ('en') translations will be used.
[2018.01.24-07.29.30:343][  0]LogD3D11RHI: D3D11 adapters:
[2018.01.24-07.29.30:398][  0]LogD3D11RHI:    0. 'NVIDIA GeForce GTX 1060' (Feature Level 11_0)
[2018.01.24-07.29.30:398][  0]LogD3D11RHI:       6061/0/8138 MB DedicatedVideo/DedicatedSystem/SharedSystem, Outputs:1, VendorId:0x10de
[2018.01.24-07.29.30:408][  0]LogD3D11RHI:    1. 'Intel(R) HD Graphics 530' (Feature Level 11_0)
[2018.01.24-07.29.30:408][  0]LogD3D11RHI:       128/0/8138 MB DedicatedVideo/DedicatedSystem/SharedSystem, Outputs:0, VendorId:0x8086
[2018.01.24-07.29.30:410][  0]LogD3D11RHI:    2. 'Microsoft Basic Render Driver' (Feature Level 11_0)
[2018.01.24-07.29.30:410][  0]LogD3D11RHI:       0/0/8138 MB DedicatedVideo/DedicatedSystem/SharedSystem, Outputs:0, VendorId:0x1414
[2018.01.24-07.29.30:410][  0]LogD3D11RHI: Chosen D3D11 Adapter: 0
[2018.01.24-07.29.30:420][  0]LogD3D11RHI: Creating new Direct3DDevice
[2018.01.24-07.29.30:420][  0]LogD3D11RHI:     GPU DeviceId: 0x1c20 (for the marketing name, search the web for "GPU Device Id")
[2018.01.24-07.29.30:420][  0]LogWindows: EnumDisplayDevices:
[2018.01.24-07.29.30:421][  0]LogWindows:    0. 'Intel(R) HD Graphics 530' (P:1 D:1)
[2018.01.24-07.29.30:421][  0]LogWindows:    1. 'Intel(R) HD Graphics 530' (P:0 D:0)
[2018.01.24-07.29.30:422][  0]LogWindows:    2. 'Intel(R) HD Graphics 530' (P:0 D:0)
[2018.01.24-07.29.30:422][  0]LogWindows:    3. 'NVIDIA GeForce GTX 1060' (P:0 D:0)
[2018.01.24-07.29.30:423][  0]LogWindows: DebugString: GetVideoDriverDetailsInvalid PrimaryIsNotTheChoosenAdapter GetVideoDriverDetailsInvalid PrimaryIsNotTheChoosenAdapter GetVideoDriverDetailsInvalid PrimaryIsNotTheChoosenAdapter GetVideoDriverDetailsInvalid PrimaryIsNotTheChoosenAdapter FoundDriverCount:0 
[2018.01.24-07.29.30:423][  0]LogD3D11RHI:     Adapter Name: NVIDIA GeForce GTX 1060
[2018.01.24-07.29.30:423][  0]LogD3D11RHI:   Driver Version: Unknown (internal:Unknown, unified:Unknown)
[2018.01.24-07.29.30:423][  0]LogD3D11RHI:      Driver Date: Unknown
[2018.01.24-07.29.30:423][  0]LogRHI: Texture pool is 1361 MB (70% of 1945 MB)
[2018.01.24-07.29.30:459][  0]LogD3D11RHI: [Aftermath] Aftermath enabled and primed
[2018.01.24-07.29.30:459][  0]LogD3D11RHI: Async texture creation enabled
[2018.01.24-07.29.30:503][  0]LogD3D11RHI: GPU Timing Frequency: 1000.000000 (Debug: 2 1)
[2018.01.24-07.29.30:504][  0]LogShaderCompilers: Guid format shader working directory is -14 characters bigger than the processId version (../../../../../../Users/Kaitlyn/Documents/GitHub/UE4UMGSudoku/Intermediate/Shaders/WorkingDirectory/21384/).
[2018.01.24-07.29.30:504][  0]LogShaderCompilers: Cleaned the shader compiler working directory 'C:/Users/Kaitlyn/AppData/Local/Temp/UnrealShaderWorkingDir/62069CFA46453F883F4D23A5DB95F56C/'.
[2018.01.24-07.29.30:504][  0]LogShaderCompilers:Display: Using Local Shader Compiler.
[2018.01.24-07.29.31:938][  0]LogTemp:Display: Loaded TP AllDesktopTargetPlatform
[2018.01.24-07.29.32:026][  0]LogTemp:Display: Loaded TP MacClientTargetPlatform
[2018.01.24-07.29.32:114][  0]LogTemp:Display: Loaded TP MacNoEditorTargetPlatform
[2018.01.24-07.29.32:200][  0]LogTemp:Display: Loaded TP MacServerTargetPlatform
[2018.01.24-07.29.32:281][  0]LogTemp:Display: Loaded TP MacTargetPlatform
[2018.01.24-07.29.32:363][  0]LogTemp:Display: Loaded TP WindowsClientTargetPlatform
[2018.01.24-07.29.32:441][  0]LogTemp:Display: Loaded TP WindowsNoEditorTargetPlatform
[2018.01.24-07.29.32:519][  0]LogTemp:Display: Loaded TP WindowsServerTargetPlatform
[2018.01.24-07.29.32:590][  0]LogTemp:Display: Loaded TP WindowsTargetPlatform
[2018.01.24-07.29.32:668][  0]LogTemp:Display: Loaded TP AndroidTargetPlatform
[2018.01.24-07.29.32:747][  0]LogTemp:Display: Loaded TP Android_ASTCTargetPlatform
[2018.01.24-07.29.32:822][  0]LogTemp:Display: Loaded TP Android_ATCTargetPlatform
[2018.01.24-07.29.32:900][  0]LogTemp:Display: Loaded TP Android_DXTTargetPlatform
[2018.01.24-07.29.32:977][  0]LogTemp:Display: Loaded TP Android_ETC1TargetPlatform
[2018.01.24-07.29.33:064][  0]LogTemp:Display: Loaded TP Android_ETC2TargetPlatform
[2018.01.24-07.29.33:219][  0]LogTemp:Display: Loaded TP Android_MultiTargetPlatform
[2018.01.24-07.29.33:219][  0]LogTemp:Display: Loaded TP Android_PVRTCTargetPlatform
[2018.01.24-07.29.33:280][  0]LogTemp:Display: Loaded TP HTML5TargetPlatform
[2018.01.24-07.29.33:412][  0]LogTemp:Display: Loaded TP IOSTargetPlatform
[2018.01.24-07.29.33:457][  0]LogTemp:Display: Loaded TP TVOSTargetPlatform
[2018.01.24-07.29.33:540][  0]LogTemp:Display: Loaded TP LinuxClientTargetPlatform
[2018.01.24-07.29.33:627][  0]LogTemp:Display: Loaded TP LinuxNoEditorTargetPlatform
[2018.01.24-07.29.33:723][  0]LogTemp:Display: Loaded TP LinuxServerTargetPlatform
[2018.01.24-07.29.33:834][  0]LogTemp:Display: Loaded TP LinuxTargetPlatform
[2018.01.24-07.29.33:835][  0]LogTargetPlatformManager:Display: Building Assets For Windows
[2018.01.24-07.29.34:459][  0]LogDerivedDataCache:Display: Max Cache Size: 512 MB
[2018.01.24-07.29.34:488][  0]LogDerivedDataCache: Loaded boot cache 0.03s 51MB C:/Users/Kaitlyn/AppData/Local/UnrealEngine/4.15/DerivedDataCache/Boot.ddc.
[2018.01.24-07.29.34:488][  0]LogDerivedDataCache:Display: Loaded Boot cache: C:/Users/Kaitlyn/AppData/Local/UnrealEngine/4.15/DerivedDataCache/Boot.ddc
[2018.01.24-07.29.34:488][  0]LogDerivedDataCache: FDerivedDataBackendGraph:  Pak pak cache file ../../../../../../Users/Kaitlyn/Documents/GitHub/UE4UMGSudoku/DerivedDataCache/DDC.ddp not found, will not use a pak cache.
[2018.01.24-07.29.34:488][  0]LogDerivedDataCache: Unable to find inner node Pak for hierarchical cache Hierarchy.
[2018.01.24-07.29.34:488][  0]LogDerivedDataCache: FDerivedDataBackendGraph:  CompressedPak pak cache file ../../../../../../Users/Kaitlyn/Documents/GitHub/UE4UMGSudoku/DerivedDataCache/Compressed.ddp not found, will not use a pak cache.
[2018.01.24-07.29.34:488][  0]LogDerivedDataCache: Unable to find inner node CompressedPak for hierarchical cache Hierarchy.
[2018.01.24-07.29.34:510][  0]LogDerivedDataCache:Display: Pak cache opened for reading ../../../Engine/DerivedDataCache/Compressed.ddp.
[2018.01.24-07.29.34:523][  0]LogDerivedDataCache: Using Local data cache path C:/Users/Kaitlyn/AppData/Local/UnrealEngine/Common/DerivedDataCache: Writable
[2018.01.24-07.29.34:553][  0]LogSlate: Using Freetype 2.6.0
[2018.01.24-07.29.34:555][  0]LogSlate: SlateFontCache - WITH_FREETYPE: 1, WITH_HARFBUZZ: 1
[2018.01.24-07.29.34:555][  0]LogSlate: SlateFontCache - WITH_FREETYPE: 1, WITH_HARFBUZZ: 1
[2018.01.24-07.29.34:978][  0]LogInit: Selected Device Profile: [Windows]
[2018.01.24-07.29.34:981][  0]LogContentStreaming: Texture pool size is 0.00 MB
[2018.01.24-07.29.35:295][  0]LogMeshUtilities: Using QuadricMeshReduction for automatic static mesh reduction
[2018.01.24-07.29.35:365][  0]LogSimplygon: Simplygon DLL not present - disabling.
[2018.01.24-07.29.35:453][  0]LogMeshUtilities: Using SimplygonSwarm for distributed automatic mesh merging
[2018.01.24-07.29.35:453][  0]LogMeshUtilities: No automatic skeletal mesh reduction module available
[2018.01.24-07.29.35:453][  0]LogMeshUtilities: No automatic mesh merging module available
[2018.01.24-07.29.36:838][  0]LogNetVersion: GetLocalNetworkVersion: CL: 3299760, ProjectName: uionlyquizgame, ProjectVersion: , EngineNetworkVersion: 2, GameNetworkVersion: 0, NetworkChecksum: 250772748
[2018.01.24-07.29.36:890][  0]LogAssetRegistry: FAssetRegistry took 0.0218 seconds to start up
[2018.01.24-07.29.36:981][  0]LogPackageLocalizationCache: Processed 3 localized package path(s) for 2 prioritized culture(s) in 0.057477 seconds
[2018.01.24-07.29.36:987][  0]LogUObjectArray: 32493 objects as part of root set at end of initial load.
[2018.01.24-07.29.36:987][  0]LogUObjectAllocator: 7077024 out of 0 bytes used by permanent object pool.
[2018.01.24-07.29.36:987][  0]LogUObjectArray: CloseDisregardForGC: 0/0 objects in disregard for GC pool
[2018.01.24-07.29.37:070][  0]LogInit: WinSock: version 1.1 (2.2), MaxSocks=32767, MaxUdp=65467
[2018.01.24-07.29.40:189][  0]LogTcpMessaging: Initializing TcpMessaging bridge
[2018.01.24-07.29.40:239][  0]LogUdpMessaging: Initializing bridge on interface 0.0.0.0:0 to multicast group 230.0.0.1:6666.
[2018.01.24-07.29.40:916][  0]LogMaterial: Uniform references updated for custom material expression Custom.
[2018.01.24-07.29.41:501][  0]SourceControl: Info Source control is disabled
[2018.01.24-07.29.41:616][  0]SourceControl: Info Source control is disabled
[2018.01.24-07.29.41:692][  0]SourceControl: Info Source control is disabled
[2018.01.24-07.29.41:772][  0]SourceControl: Info Source control is disabled
[2018.01.24-07.29.43:702][  0]LogEngine: Initializing Engine...
[2018.01.24-07.29.43:739][  0]LogHMD: Oculus plugin initialized. Version: 4.15.2-3416026+++UE4+Release-4.15, LibOVR: 1.22.0, SDK: 1.10.0, built May  1 2017, 13:17:57
[2018.01.24-07.29.43:939][  0]LogStats: UGameplayTagsManager::ConstructGameplayTagTree: Construct from data asset -  0.000 s
[2018.01.24-07.29.43:939][  0]LogStats: UGameplayTagsManager::ConstructGameplayTagTree: GameplayTagTreeChangedEvent.Broadcast -  0.000 s
[2018.01.24-07.29.44:121][  0]LogAIModule: Creating AISystem for world Untitled
[2018.01.24-07.29.44:133][  0]LogInit: XAudio2 using 'Speakers (Realtek High Definition Audio)' : 2 channels at 48 kHz using 32 bits per sample (channel mask 0x3)
[2018.01.24-07.29.44:160][  0]LogInit: FAudioDevice initialized.
[2018.01.24-07.29.44:190][  0]LogDerivedDataCache: Saved boot cache 0.03s 51MB C:/Users/Kaitlyn/AppData/Local/UnrealEngine/4.15/DerivedDataCache/Boot.ddc.
[2018.01.24-07.29.44:193][  0]LogInit: Texture streaming: Enabled
[2018.01.24-07.29.44:317][  0]LogEngineSessionManager: EngineSessionManager initialized
[2018.01.24-07.29.44:454][  0]LogInit: Transaction tracking system initialized
[2018.01.24-07.29.44:978][  0]BlueprintLog: New page: Editor Load
[2018.01.24-07.29.46:257][  0]LocalizationService: Info Localization service is disabled
[2018.01.24-07.29.47:651][  0]LogConsoleResponse:Display: 
[2018.01.24-07.29.47:854][  0]LogCook:Display: Max memory allowance for cook 16384mb min free memory 0mb
[2018.01.24-07.29.47:854][  0]LogCook:Display: Mobile HDR setting 1
[2018.01.24-07.29.48:724][  0]LogFileCache: Scanning file cache for directory 'C:/Users/Kaitlyn/Documents/GitHub/UE4UMGSudoku/Content/' took 0.02s
[2018.01.24-07.29.49:386][  0]SourceControl: Info Source control is disabled
[2018.01.24-07.29.49:386][  0]Cmd: MAP LOAD FILE="../../../../../../Users/Kaitlyn/Documents/GitHub/UE4UMGSudoku/Content/StarterContent/Maps/Minimal_Default.umap" TEMPLATE=0 SHOWPROGRESS=1 FEATURELEVEL=3
[2018.01.24-07.29.49:388][  0]LightingResults: New page: Lighting Build
[2018.01.24-07.29.49:446][  0]MapCheck: New page: Map Check
[2018.01.24-07.29.49:446][  0]LightingResults: New page: Lighting Build
[2018.01.24-07.29.49:698][  0]LogAIModule: Creating AISystem for world Minimal_Default
[2018.01.24-07.29.49:724][  0]LogEditorServer: Finished looking for orphan Actors (0.000 secs)
[2018.01.24-07.29.49:725][  0]Cmd: MAP CHECKDEP NOCLEARLOG
[2018.01.24-07.29.49:819][  0]MapCheck: Info Map check complete: 0 Error(s), 0 Warning(s), took 93.976ms to complete.
[2018.01.24-07.29.49:819][  0]LogFileHelpers: Loading map 'Minimal_Default' took 0.433
[2018.01.24-07.29.50:052][  0]LogCollectionManager: Loaded 0 collections in 0.002892 seconds
[2018.01.24-07.29.50:156][  0]LogFileCache: Scanning file cache for directory 'C:/Users/Kaitlyn/Documents/GitHub/UE4UMGSudoku/Saved/Collections/' took 0.01s
[2018.01.24-07.29.50:156][  0]LogFileCache: Scanning file cache for directory 'C:/Users/Kaitlyn/Documents/GitHub/UE4UMGSudoku/Content/Developers/Kaitlyn/Collections/' took 0.01s
[2018.01.24-07.29.50:156][  0]LogFileCache: Scanning file cache for directory 'C:/Users/Kaitlyn/Documents/GitHub/UE4UMGSudoku/Content/Collections/' took 0.01s
[2018.01.24-07.29.50:156][  0]LogCollectionManager: Rebuilt the GUID cache for 0 collections in 0.000002 seconds
[2018.01.24-07.29.50:166][  0]LogContentBrowser: Native class hierarchy populated in 0.0091 seconds. Added 2245 classes and 453 folders.
[2018.01.24-07.29.50:260][  0]LogContentBrowser: Native class hierarchy updated for 'WidgetCarousel' in 0.0005 seconds. Added 0 classes and 0 folders.
[2018.01.24-07.29.50:408][  0]LogContentBrowser: Native class hierarchy updated for 'AddContentDialog' in 0.0005 seconds. Added 0 classes and 0 folders.
[2018.01.24-07.29.50:471][  0]LogContentBrowser: Native class hierarchy updated for 'SceneOutliner' in 0.0005 seconds. Added 1 classes and 2 folders.
[2018.01.24-07.29.50:590][  0]LogCrashTracker: Crashtracker disabled due to settings.
[2018.01.24-07.29.50:602][  0]LogUObjectGlobals:Warning: Failed to find object 'Class None.'
[2018.01.24-07.29.50:716][  0]LogContentBrowser: Native class hierarchy updated for 'HierarchicalLODOutliner' in 0.0007 seconds. Added 1 classes and 2 folders.
[2018.01.24-07.29.50:717][  0]LogLoad: (Engine Initialization) Total time: 24.75 seconds
[2018.01.24-07.29.50:717][  0]LogLoad: (Engine Initialization) Total Blueprint compile time: 0.12 seconds
[2018.01.24-07.29.50:717][  0]LogExternalProfiler: Found external profiler: VSPerf
[2018.01.24-07.29.50:717][  0]LogExternalProfiler: Using external profiler: VSPerf
[2018.01.24-07.29.50:740][  0]LogOcInput: OculusInput pre-init called
[2018.01.24-07.29.50:761][  0]LogOcInput: OculusInput is initialized. Init status 0. Runtime version: 1.22.0
[2018.01.24-07.29.50:784][  0]LogContentStreaming: Texture pool size now 1000 MB
[2018.01.24-07.29.50:786][  0]LogSlate: Took 0.000437 seconds to synchronously load lazily loaded font '../../../Engine/Content/Slate/Fonts/Roboto-Regular.ttf' (155K)
[2018.01.24-07.29.50:790][  0]LogSlate: Took 0.000677 seconds to synchronously load lazily loaded font '../../../Engine/Content/Slate/Fonts/Roboto-Bold.ttf' (160K)
[2018.01.24-07.29.50:797][  0]LogSlate: Took 0.002022 seconds to synchronously load lazily loaded font '../../../Engine/Content/Editor/Slate/Fonts/FontAwesome.ttf' (139K)
[2018.01.24-07.29.50:995][  0]LogRenderer: Reallocating scene render targets to support 1192x568 NumSamples 1 (Frame:2).
[2018.01.24-07.29.51:202][  1]LogAssetRegistry: Asset discovery search completed in 14.3332 seconds
[2018.01.24-07.29.51:202][  1]LogCollectionManager: Rebuilt the object cache for 0 collections in 0.000006 seconds (found 0 objects)
[2018.01.24-07.29.51:202][  1]LogCollectionManager: Fixed up redirectors for 0 collections in 0.000023 seconds (updated 0 objects)
[2018.01.24-07.29.51:806][ 17]LogSlate: Took 0.000670 seconds to synchronously load lazily loaded font '../../../Engine/Content/Slate/Fonts/Roboto-Light.ttf' (159K)
[2018.01.24-07.29.54:963][109]LogSlate: Took 0.000227 seconds to synchronously load lazily loaded font '../../../Engine/Content/Slate/Fonts/Roboto-Light.ttf' (159K)
[2018.01.24-07.29.58:023][237]LogSlate: Took 0.000268 seconds to synchronously load lazily loaded font '../../../Engine/Content/Slate/Fonts/Roboto-Light.ttf' (159K)
[2018.01.24-07.29.58:087][237]LogAIModule: Creating AISystem for world MainMenu
[2018.01.24-07.29.58:111][237]Cmd: MAP LOAD FILE="../../../../../../Users/Kaitlyn/Documents/GitHub/UE4UMGSudoku/Content/Maps/MainMenu.umap" TEMPLATE=0 SHOWPROGRESS=1 FEATURELEVEL=3
[2018.01.24-07.29.58:111][237]LightingResults: New page: Lighting Build
[2018.01.24-07.29.58:113][237]LoadErrors: New page: Loading map: MainMenu.umap
[2018.01.24-07.29.58:114][237]MapCheck: New page: Map Check
[2018.01.24-07.29.58:114][237]LightingResults: New page: Lighting Build
[2018.01.24-07.29.58:175][237]LogEditorServer: Finished looking for orphan Actors (0.000 secs)
[2018.01.24-07.29.58:198][237]Cmd: MAP CHECKDEP NOCLEARLOG
[2018.01.24-07.29.58:294][237]MapCheck: Info Map check complete: 0 Error(s), 0 Warning(s), took 95.629ms to complete.
[2018.01.24-07.29.58:295][237]LogFileHelpers: Loading map 'MainMenu' took 0.185
[2018.01.24-07.30.00:218][312]LogTemp: Repeting last play command: Selected Viewport
[2018.01.24-07.30.00:229][312]LogBlueprintUserMessages: Early PlayInEditor Detection: Level '/Game/Maps/MainMenu.MainMenu:PersistentLevel' has LevelScriptBlueprint '/Game/Maps/MainMenu.MainMenu:PersistentLevel.MainMenu' with GeneratedClass '/Game/Maps/MainMenu.MainMenu_C' with ClassGeneratedBy '/Game/Maps/MainMenu.MainMenu:PersistentLevel.MainMenu'
[2018.01.24-07.30.00:229][312]LogPlayLevel: PlayLevel: No blueprints needed recompiling
[2018.01.24-07.30.00:231][312]PIE: New page: PIE session: MainMenu (25 Jan 2018 5:30:00 am)
[2018.01.24-07.30.00:231][312]LogPlayLevel: Creating play world package: /Game/Maps/UEDPIE_0_MainMenu
[2018.01.24-07.30.00:233][312]LogPlayLevel: PIE: StaticDuplicateObject took: (0.001340s)
[2018.01.24-07.30.00:234][312]LogAIModule: Creating AISystem for world MainMenu
[2018.01.24-07.30.00:234][312]LogPlayLevel: PIE: World Init took: (0.000972s)
[2018.01.24-07.30.00:235][312]LogPlayLevel: PIE: Created PIE world by copying editor world from /Game/Maps/MainMenu.MainMenu to /Game/Maps/UEDPIE_0_MainMenu.MainMenu (0.002715s)
[2018.01.24-07.30.00:249][312]LogInit: XAudio2 using 'Speakers (Realtek High Definition Audio)' : 2 channels at 48 kHz using 32 bits per sample (channel mask 0x3)
[2018.01.24-07.30.00:269][312]LogInit: FAudioDevice initialized.
[2018.01.24-07.30.00:318][312]LogLoad: Game class is 'GameModeBase'
[2018.01.24-07.30.00:321][312]LogWorld: Bringing World /Game/Maps/UEDPIE_0_MainMenu.MainMenu up for play (max tick rate 60) at 2018.01.24-18.30.00
[2018.01.24-07.30.00:321][312]LogWorld: Bringing up level for play took: 0.000692
[2018.01.24-07.30.00:380][312]LogContentBrowser: Native class hierarchy updated for 'MovieSceneCapture' in 0.0005 seconds. Added 11 classes and 0 folders.
[2018.01.24-07.30.00:384][312]PIE: Info Play in editor start time for /Game/Maps/UEDPIE_0_MainMenu 0.385
[2018.01.24-07.30.00:385][312]LogBlueprintUserMessages: Late PlayInEditor Detection: Level '/Game/Maps/MainMenu.MainMenu:PersistentLevel' has LevelScriptBlueprint '/Game/Maps/MainMenu.MainMenu:PersistentLevel.MainMenu' with GeneratedClass '/Game/Maps/MainMenu.MainMenu_C' with ClassGeneratedBy '/Game/Maps/MainMenu.MainMenu:PersistentLevel.MainMenu'
[2018.01.24-07.30.02:192][417]LogNet: Browse: /Game/Maps/Sudoku
[2018.01.24-07.30.02:192][417]LogLoadingSplash: Loading begins
[2018.01.24-07.30.02:192][417]LogHMD: FOculusRiftSplash::PushBlackFrame
[2018.01.24-07.30.02:192][417]LogHMD: FOculusRiftSplash::Show
[2018.01.24-07.30.02:192][417]LogLoad: LoadMap: /Game/Maps/Sudoku
[2018.01.24-07.30.02:210][417]Cmd: MEM
[2018.01.24-07.30.02:222][417]LogMemory: Platform Memory Stats for Windows
[2018.01.24-07.30.02:222][417]LogMemory: Process Physical Memory: 969.07 MB used, 1032.42 MB peak
[2018.01.24-07.30.02:222][417]LogMemory: Process Virtual Memory: 1274.91 MB used, 1313.69 MB peak
[2018.01.24-07.30.02:222][417]LogMemory: Physical Memory: 10863.37 MB used,  5412.80 MB free, 16276.17 MB total
[2018.01.24-07.30.02:222][417]LogMemory: Virtual Memory: 2179.99 MB used,  5412.80 MB free, 134217728.00 MB total
[2018.01.24-07.30.02:222][417]LogMemory: 
[2018.01.24-07.30.02:222][417]Allocator Stats for TBB: (not implemented)
[2018.01.24-07.30.02:880][417]LogAIModule: Creating AISystem for world Sudoku
[2018.01.24-07.30.02:880][417]LogLoad: Game class is 'GameModeBase'
[2018.01.24-07.30.02:882][417]LogWorld: Bringing World /Game/Maps/UEDPIE_0_Sudoku.Sudoku up for play (max tick rate 60) at 2018.01.24-18.30.02
[2018.01.24-07.30.02:882][417]LogWorld: Bringing up level for play took: 0.001167
[2018.01.24-07.30.02:882][417]LogGameMode: FindPlayerStart: PATHS NOT DEFINED or NO PLAYERSTART with positive rating
[2018.01.24-07.30.02:954][417]LogBlueprintUserMessages: [SingleGrid3] 5
[2018.01.24-07.30.02:954][417]LogBlueprintUserMessages: [SingleGrid6] 2
[2018.01.24-07.30.02:955][417]LogScriptCore:Warning: Script Msg: Attempted to access index -1 from array AvailableNumArr of length 1!
[2018.01.24-07.30.02:955][417]LogBlueprintUserMessages: [SingleGrid9] 0
[2018.01.24-07.30.02:955][417]LogScriptCore:Warning: Script Msg: Attempted to remove an item from an invalid index from array AvailableNumArr [-1/0]!
[2018.01.24-07.30.02:957][417]LogScriptCore:Warning: Script Msg: Attempted to access index -1 from array AvailableNumArr of length 1!
[2018.01.24-07.30.02:957][417]LogScriptCore:Warning: Script Msg: Attempted to remove an item from an invalid index from array AvailableNumArr [-1/0]!
[2018.01.24-07.30.02:959][417]LogBlueprintUserMessages: [SingleGrid3] 2
[2018.01.24-07.30.02:959][417]LogBlueprintUserMessages: [SingleGrid6] 8
[2018.01.24-07.30.02:960][417]LogBlueprintUserMessages: [SingleGrid9] 5
[2018.01.24-07.30.02:962][417]LogScriptCore:Warning: Script Msg: Attempted to access index -1 from array AvailableNumArr of length 1!
[2018.01.24-07.30.02:962][417]LogScriptCore:Warning: Script Msg: Attempted to remove an item from an invalid index from array AvailableNumArr [-1/0]!
[2018.01.24-07.30.02:967][417]LogBlueprintUserMessages: [SingleGrid3] 1
[2018.01.24-07.30.02:967][417]LogBlueprintUserMessages: [SingleGrid6] 4
[2018.01.24-07.30.02:967][417]LogScriptCore:Warning: Script Msg: Attempted to access index -1 from array AvailableNumArr of length 1!
[2018.01.24-07.30.02:967][417]LogBlueprintUserMessages: [SingleGrid9] 0
[2018.01.24-07.30.02:968][417]LogScriptCore:Warning: Script Msg: Attempted to remove an item from an invalid index from array AvailableNumArr [-1/0]!
[2018.01.24-07.30.02:973][417]LogLoadingSplash: Loading ends
[2018.01.24-07.30.02:973][417]LogHMD: FOculusRiftSplash::Hide
[2018.01.24-07.30.02:973][417]LogHMD: FOculusRiftSplash::PushBlackFrame
[2018.01.24-07.30.02:973][417]LogLoad: Took 0.780693 seconds to LoadMap(/Game/Maps/Sudoku)
[2018.01.24-07.30.30:711][726]LogBlueprintUserMessages: Early EndPlayMap Detection: Level '/Game/Maps/MainMenu.MainMenu:PersistentLevel' has LevelScriptBlueprint '/Game/Maps/MainMenu.MainMenu:PersistentLevel.MainMenu' with GeneratedClass '/Game/Maps/MainMenu.MainMenu_C' with ClassGeneratedBy '/Game/Maps/MainMenu.MainMenu:PersistentLevel.MainMenu'
[2018.01.24-07.30.30:814][726]LogBlueprintUserMessages: Late EndPlayMap Detection: Level '/Game/Maps/MainMenu.MainMenu:PersistentLevel' has LevelScriptBlueprint '/Game/Maps/MainMenu.MainMenu:PersistentLevel.MainMenu' with GeneratedClass '/Game/Maps/MainMenu.MainMenu_C' with ClassGeneratedBy '/Game/Maps/MainMenu.MainMenu:PersistentLevel.MainMenu'
[2018.01.24-07.30.36:573][840]LogSlate: Took 0.000202 seconds to synchronously load lazily loaded font '../../../Engine/Content/Slate/Fonts/Roboto-Regular.ttf' (155K)
[2018.01.24-07.30.36:825][840]LogContentBrowser: Native class hierarchy updated for 'BlueprintGraph' in 0.0008 seconds. Added 112 classes and 0 folders.
[2018.01.24-07.30.37:682][840]LogSlate: Took 0.001298 seconds to synchronously load lazily loaded font '../../../Engine/Content/Editor/Slate/Fonts/Roboto-BoldCondensed.ttf' (158K)
[2018.01.24-07.30.54:052][702]LogSlate: Took 0.001906 seconds to synchronously load lazily loaded font '../../../Engine/Content/Editor/Slate/Fonts/Roboto-Italic.ttf' (157K)
[2018.01.24-08.06.19:630][853]LogRenderer: Reallocating scene render targets to support 1192x600 NumSamples 1 (Frame:2022).
[2018.01.24-08.06.47:802][939]LogHttp:Warning: 000001E35865DD80: request failed, libcurl error: 6 (Couldn't resolve host name)
[2018.01.24-08.06.47:802][939]LogHttp:Warning: 000001E35865DD80: libcurl info message cache 0 (Found bundle for host datarouter.ol.epicgames.com: 0x1e367973fa0 [can pipeline])
[2018.01.24-08.06.47:802][939]LogHttp:Warning: 000001E35865DD80: libcurl info message cache 1 (Re-using existing connection! (#2) with host datarouter.ol.epicgames.com)
[2018.01.24-08.06.47:802][939]LogHttp:Warning: 000001E35865DD80: libcurl info message cache 2 (Connected to datarouter.ol.epicgames.com (34.206.16.5) port 443 (#2))
[2018.01.24-08.06.47:802][939]LogHttp:Warning: 000001E35865DD80: libcurl info message cache 3 (upload completely sent off: 10667 out of 10667 bytes)
[2018.01.24-08.06.47:802][939]LogHttp:Warning: 000001E35865DD80: libcurl info message cache 4 (SSL read: error:00000000:lib(0):func(0):reason(0), errno 10054)
[2018.01.24-08.06.47:802][939]LogHttp:Warning: 000001E35865DD80: libcurl info message cache 5 (Connection died, retrying a fresh connect)
[2018.01.24-08.06.47:802][939]LogHttp:Warning: 000001E35865DD80: libcurl info message cache 6 (Closing connection 2)
[2018.01.24-08.06.47:802][939]LogHttp:Warning: 000001E35865DD80: libcurl info message cache 7 (Issue another request to this URL: 'https://datarouter.ol.epicgames.com/datarouter/api/v1/public/data?SessionID=%7BF044647C-44BA-C9F0-2FFE-F69C6033B810%7D&AppID=UEEditor.Rocket.Release&AppVersion=4.15.2-3416026%2B%2B%2BUE4%2BRelease-4.15&UserID=52020cd641e0477a14291991acc26653%7C25150ad43d104354a172e2e919b0781c%7Cf4f1d3cb-cdcb-4577-9786-c27ab0904b1d&AppEnvironment=datacollector-binary&UploadType=eteventstream')
[2018.01.24-08.06.47:802][939]LogHttp:Warning: 000001E35865DD80: libcurl info message cache 8 (Could not resolve host: datarouter.ol.epicgames.com)
[2018.01.24-08.06.47:802][939]LogHttp:Warning: 000001E35865DD80: libcurl info message cache 9 (Closing connection 3)
[2018.01.24-13.15.34:684][996]LogHttp:Warning: 000001E312D53A00: request failed, libcurl error: 6 (Couldn't resolve host name)
[2018.01.24-13.15.34:685][996]LogHttp:Warning: 000001E312D53A00: libcurl info message cache 0 (Found bundle for host datarouter.ol.epicgames.com: 0x1e367973ce8 [can pipeline])
[2018.01.24-13.15.34:685][996]LogHttp:Warning: 000001E312D53A00: libcurl info message cache 1 (Re-using existing connection! (#104) with host datarouter.ol.epicgames.com)
[2018.01.24-13.15.34:685][996]LogHttp:Warning: 000001E312D53A00: libcurl info message cache 2 (Connected to datarouter.ol.epicgames.com (52.54.12.86) port 443 (#104))
[2018.01.24-13.15.34:685][996]LogHttp:Warning: 000001E312D53A00: libcurl info message cache 3 (upload completely sent off: 666 out of 666 bytes)
[2018.01.24-13.15.34:685][996]LogHttp:Warning: 000001E312D53A00: libcurl info message cache 4 (SSL read: error:00000000:lib(0):func(0):reason(0), errno 10054)
[2018.01.24-13.15.34:685][996]LogHttp:Warning: 000001E312D53A00: libcurl info message cache 5 (Connection died, retrying a fresh connect)
[2018.01.24-13.15.34:685][996]LogHttp:Warning: 000001E312D53A00: libcurl info message cache 6 (Closing connection 104)
[2018.01.24-13.15.34:685][996]LogHttp:Warning: 000001E312D53A00: libcurl info message cache 7 (Issue another request to this URL: 'https://datarouter.ol.epicgames.com/datarouter/api/v1/public/data?SessionID=%7BF044647C-44BA-C9F0-2FFE-F69C6033B810%7D&AppID=UEEditor.Rocket.Release&AppVersion=4.15.2-3416026%2B%2B%2BUE4%2BRelease-4.15&UserID=52020cd641e0477a14291991acc26653%7C25150ad43d104354a172e2e919b0781c%7Cf4f1d3cb-cdcb-4577-9786-c27ab0904b1d&AppEnvironment=datacollector-binary&UploadType=eteventstream')
[2018.01.24-13.15.34:685][996]LogHttp:Warning: 000001E312D53A00: libcurl info message cache 8 (Could not resolve host: datarouter.ol.epicgames.com)
[2018.01.24-13.15.34:685][996]LogHttp:Warning: 000001E312D53A00: libcurl info message cache 9 (Closing connection 105)
[2018.01.24-23.39.10:135][511]LogHttp:Warning: 000001E36BB69C00: request failed, libcurl error: 6 (Couldn't resolve host name)
[2018.01.24-23.39.10:136][511]LogHttp:Warning: 000001E36BB69C00: libcurl info message cache 0 (Found bundle for host datarouter.ol.epicgames.com: 0x1e367971690 [can pipeline])
[2018.01.24-23.39.10:136][511]LogHttp:Warning: 000001E36BB69C00: libcurl info message cache 1 (Re-using existing connection! (#124) with host datarouter.ol.epicgames.com)
[2018.01.24-23.39.10:136][511]LogHttp:Warning: 000001E36BB69C00: libcurl info message cache 2 (Connected to datarouter.ol.epicgames.com (52.45.138.141) port 443 (#124))
[2018.01.24-23.39.10:136][511]LogHttp:Warning: 000001E36BB69C00: libcurl info message cache 3 (upload completely sent off: 341 out of 341 bytes)
[2018.01.24-23.39.10:136][511]LogHttp:Warning: 000001E36BB69C00: libcurl info message cache 4 (SSL read: error:00000000:lib(0):func(0):reason(0), errno 10054)
[2018.01.24-23.39.10:136][511]LogHttp:Warning: 000001E36BB69C00: libcurl info message cache 5 (Connection died, retrying a fresh connect)
[2018.01.24-23.39.10:137][511]LogHttp:Warning: 000001E36BB69C00: libcurl info message cache 6 (Closing connection 124)
[2018.01.24-23.39.10:137][511]LogHttp:Warning: 000001E36BB69C00: libcurl info message cache 7 (Issue another request to this URL: 'https://datarouter.ol.epicgames.com/datarouter/api/v1/public/data?SessionID=%7BF044647C-44BA-C9F0-2FFE-F69C6033B810%7D&AppID=UEEditor.Rocket.Release&AppVersion=4.15.2-3416026%2B%2B%2BUE4%2BRelease-4.15&UserID=52020cd641e0477a14291991acc26653%7C25150ad43d104354a172e2e919b0781c%7Cf4f1d3cb-cdcb-4577-9786-c27ab0904b1d&AppEnvironment=datacollector-binary&UploadType=eteventstream')
[2018.01.24-23.39.10:137][511]LogHttp:Warning: 000001E36BB69C00: libcurl info message cache 8 (Could not resolve host: datarouter.ol.epicgames.com)
[2018.01.24-23.39.10:137][511]LogHttp:Warning: 000001E36BB69C00: libcurl info message cache 9 (Closing connection 125)
[2018.01.24-23.39.50:801][633]LogHttp:Warning: 000001E36BB6B880: request failed, libcurl error: 6 (Couldn't resolve host name)
[2018.01.24-23.39.50:801][633]LogHttp:Warning: 000001E36BB6B880: libcurl info message cache 0 (Could not resolve host: datarouter.ol.epicgames.com)
[2018.01.24-23.39.50:801][633]LogHttp:Warning: 000001E36BB6B880: libcurl info message cache 1 (Closing connection 126)
[2018.01.25-02.06.44:649][117]Cmd: QUIT_EDITOR
[2018.01.25-02.06.45:329][117]LogWindowsTextInputMethodSystem:Display: IME system now deactivated.
[2018.01.25-02.06.45:329][117]LogWindowsTextInputMethodSystem:Display: IME system now deactivated.
[2018.01.25-02.06.45:389][117]LogExit: Preparing to exit.
[2018.01.25-02.06.46:077][117]LogDirectoryWatcher: A directory notification for 'C:/Users/Kaitlyn/Documents/GitHub/UE4UMGSudoku/Content/' was aborted.
[2018.01.25-02.06.46:209][117]LogExit: Editor shut down
[2018.01.25-02.06.46:211][117]LogExit: Transaction tracking system shut down
[2018.01.25-02.06.46:514][117]LogObj: Freed 0b from 0 cluster array pools.
[2018.01.25-02.06.46:515][117]LogExit: Object subsystem successfully closed.
[2018.01.25-02.06.46:559][117]LogD3D11RHI: Shutdown
[2018.01.25-02.06.46:559][117]LogD3D11RHI: CleanupD3DDevice
[2018.01.25-02.06.46:672][117]LogD3D11RHI: ~FD3D11DynamicRHI
[2018.01.25-02.06.46:762][117]LogModuleManager: Shutting down and abandoning module SequencerWidgets (506)
[2018.01.25-02.06.46:762][117]LogModuleManager: Shutting down and abandoning module BlueprintGraph (504)
[2018.01.25-02.06.46:762][117]LogModuleManager: Shutting down and abandoning module BlueprintProfiler (502)
[2018.01.25-02.06.46:763][117]LogModuleManager: Shutting down and abandoning module MovieSceneCapture (500)
[2018.01.25-02.06.46:763][117]LogModuleManager: Shutting down and abandoning module HierarchicalLODOutliner (498)
[2018.01.25-02.06.46:763][117]LogModuleManager: Shutting down and abandoning module CrashTracker (496)
[2018.01.25-02.06.46:763][117]LogModuleManager: Shutting down and abandoning module SceneOutliner (494)
[2018.01.25-02.06.46:763][117]LogModuleManager: Shutting down and abandoning module AddContentDialog (492)
[2018.01.25-02.06.46:764][117]LogDirectoryWatcher: A directory notification for 'C:/Program Files/Epic Games/UE_4.15/FeaturePacks/' was aborted.
[2018.01.25-02.06.46:772][117]LogModuleManager: Shutting down and abandoning module WidgetCarousel (491)
[2018.01.25-02.06.46:772][117]LogModuleManager: Shutting down and abandoning module EditorWidgets (488)
[2018.01.25-02.06.46:772][117]LogModuleManager: Shutting down and abandoning module CollectionManager (486)
[2018.01.25-02.06.46:772][117]LogDirectoryWatcher: A directory notification for 'C:/Users/Kaitlyn/Documents/GitHub/UE4UMGSudoku/Content/Collections/' was aborted.
[2018.01.25-02.06.46:773][117]LogDirectoryWatcher: A directory notification for 'C:/Users/Kaitlyn/Documents/GitHub/UE4UMGSudoku/Content/Developers/Kaitlyn/Collections/' was aborted.
[2018.01.25-02.06.46:773][117]LogDirectoryWatcher: A directory notification for 'C:/Users/Kaitlyn/Documents/GitHub/UE4UMGSudoku/Saved/Collections/' was aborted.
[2018.01.25-02.06.46:773][117]LogModuleManager: Shutting down and abandoning module StatsViewer (484)
[2018.01.25-02.06.46:774][117]LogModuleManager: Shutting down and abandoning module FoliageEdit (482)
[2018.01.25-02.06.46:774][117]LogModuleManager: Shutting down and abandoning module LandscapeEditor (480)
[2018.01.25-02.06.46:775][117]LogModuleManager: Shutting down and abandoning module SceneDepthPickerMode (478)
[2018.01.25-02.06.46:775][117]LogModuleManager: Shutting down and abandoning module ActorPickerMode (476)
[2018.01.25-02.06.46:775][117]LogModuleManager: Shutting down and abandoning module GeometryMode (474)
[2018.01.25-02.06.46:775][117]LogModuleManager: Shutting down and abandoning module TextureAlignMode (472)
[2018.01.25-02.06.46:775][117]LogModuleManager: Shutting down and abandoning module BspMode (470)
[2018.01.25-02.06.46:776][117]LogModuleManager: Shutting down and abandoning module HardwareSurvey (468)
[2018.01.25-02.06.46:776][117]LogModuleManager: Shutting down and abandoning module SequenceRecorderSections (466)
[2018.01.25-02.06.46:776][117]LogModuleManager: Shutting down and abandoning module AutomationWorker (464)
[2018.01.25-02.06.46:776][117]LogModuleManager: Shutting down and abandoning module MatineeToLevelSequence (462)
[2018.01.25-02.06.46:777][117]LogModuleManager: Shutting down and abandoning module LevelSequenceEditor (460)
[2018.01.25-02.06.46:779][117]LogModuleManager: Shutting down and abandoning module PlacementMode (459)
[2018.01.25-02.06.46:779][117]LogModuleManager: Shutting down and abandoning module WmfMediaFactory (456)
[2018.01.25-02.06.46:779][117]LogModuleManager: Shutting down and abandoning module WmfMediaEditor (454)
[2018.01.25-02.06.46:779][117]LogModuleManager: Shutting down and abandoning module MfMediaFactory (452)
[2018.01.25-02.06.46:779][117]LogModuleManager: Shutting down and abandoning module MfMediaEditor (450)
[2018.01.25-02.06.46:779][117]LogModuleManager: Shutting down and abandoning module AvfMediaFactory (448)
[2018.01.25-02.06.46:779][117]LogModuleManager: Shutting down and abandoning module AvfMediaEditor (446)
[2018.01.25-02.06.46:779][117]LogModuleManager: Shutting down and abandoning module AndroidMediaFactory (444)
[2018.01.25-02.06.46:779][117]LogModuleManager: Shutting down and abandoning module Media (443)
[2018.01.25-02.06.46:779][117]LogModuleManager: Shutting down and abandoning module AndroidMediaEditor (440)
[2018.01.25-02.06.46:779][117]LogModuleManager: Shutting down and abandoning module CharacterAI (438)
[2018.01.25-02.06.46:779][117]LogModuleManager: Shutting down and abandoning module AudioCapture (436)
[2018.01.25-02.06.46:780][117]LogModuleManager: Shutting down and abandoning module SequenceRecorder (435)
[2018.01.25-02.06.46:782][117]LogModuleManager: Shutting down and abandoning module SmartSnapping (432)
[2018.01.25-02.06.46:782][117]LogModuleManager: Shutting down and abandoning module SessionServices (430)
[2018.01.25-02.06.46:782][117]LogModuleManager: Shutting down and abandoning module ViewportSnapping (428)
[2018.01.25-02.06.46:782][117]LogModuleManager: Shutting down and abandoning module ViewportInteraction (426)
[2018.01.25-02.06.46:782][117]LogModuleManager: Shutting down and abandoning module LogVisualizer (424)
[2018.01.25-02.06.46:784][117]LogModuleManager: Shutting down and abandoning module IntroTutorials (422)
[2018.01.25-02.06.46:785][117]LogModuleManager: Shutting down and abandoning module GameProjectGeneration (421)
[2018.01.25-02.06.46:786][117]LogModuleManager: Shutting down and abandoning module EditorLiveStreaming (418)
[2018.01.25-02.06.46:787][117]LogModuleManager: Shutting down and abandoning module IOSPlatformEditor (416)
[2018.01.25-02.06.46:787][117]LogModuleManager: Shutting down and abandoning module HTML5PlatformEditor (414)
[2018.01.25-02.06.46:787][117]LogModuleManager: Shutting down and abandoning module AndroidPlatformEditor (412)
[2018.01.25-02.06.46:787][117]LogModuleManager: Shutting down and abandoning module AndroidDeviceDetection (411)
[2018.01.25-02.06.47:549][117]LogModuleManager: Shutting down and abandoning module IOSRuntimeSettings (408)
[2018.01.25-02.06.47:549][117]LogModuleManager: Shutting down and abandoning module AndroidRuntimeSettings (406)
[2018.01.25-02.06.47:549][117]LogModuleManager: Shutting down and abandoning module InputBindingEditor (404)
[2018.01.25-02.06.47:550][117]LogModuleManager: Shutting down and abandoning module NiagaraEditor (402)
[2018.01.25-02.06.47:551][117]LogModuleManager: Shutting down and abandoning module MergeActors (400)
[2018.01.25-02.06.47:552][117]LogModuleManager: Shutting down and abandoning module SizeMap (398)
[2018.01.25-02.06.47:552][117]LogModuleManager: Shutting down and abandoning module TreeMap (396)
[2018.01.25-02.06.47:553][117]LogModuleManager: Shutting down and abandoning module ReferenceViewer (394)
[2018.01.25-02.06.47:553][117]LogModuleManager: Shutting down and abandoning module LocalizationDashboard (392)
[2018.01.25-02.06.47:554][117]LogModuleManager: Shutting down and abandoning module LocalizationService (391)
[2018.01.25-02.06.47:555][117]LogModuleManager: Shutting down and abandoning module HardwareTargeting (388)
[2018.01.25-02.06.47:555][117]LogModuleManager: Shutting down and abandoning module DeviceProfileEditor (386)
[2018.01.25-02.06.47:556][117]LogModuleManager: Shutting down and abandoning module UndoHistory (384)
[2018.01.25-02.06.47:556][117]LogModuleManager: Shutting down and abandoning module UserFeedback (382)
[2018.01.25-02.06.47:556][117]LogModuleManager: Shutting down and abandoning module XmlParser (380)
[2018.01.25-02.06.47:557][117]LogModuleManager: Shutting down and abandoning module Blutility (378)
[2018.01.25-02.06.47:557][117]LogModuleManager: Shutting down and abandoning module ProjectSettingsViewer (376)
[2018.01.25-02.06.47:557][117]LogModuleManager: Shutting down and abandoning module ProjectTargetPlatformEditor (375)
[2018.01.25-02.06.47:558][117]LogModuleManager: Shutting down and abandoning module EditorSettingsViewer (372)
[2018.01.25-02.06.47:558][117]LogModuleManager: Shutting down and abandoning module SettingsEditor (370)
[2018.01.25-02.06.47:559][117]LogModuleManager: Shutting down and abandoning module ProjectLauncher (368)
[2018.01.25-02.06.47:560][117]LogModuleManager: Shutting down and abandoning module SessionFrontend (366)
[2018.01.25-02.06.47:561][117]LogModuleManager: Shutting down and abandoning module ProfilerClient (364)
[2018.01.25-02.06.47:561][117]LogModuleManager: Shutting down and abandoning module DeviceManager (362)
[2018.01.25-02.06.47:562][117]LogModuleManager: Shutting down and abandoning module TargetDeviceServices (361)
[2018.01.25-02.06.47:605][117]LogModuleManager: Shutting down and abandoning module AutomationController (358)
[2018.01.25-02.06.47:606][117]LogModuleManager: Shutting down and abandoning module AutomationWindow (356)
[2018.01.25-02.06.47:607][117]LogModuleManager: Shutting down and abandoning module Layers (354)
[2018.01.25-02.06.47:608][117]LogModuleManager: Shutting down and abandoning module ComponentVisualizers (352)
[2018.01.25-02.06.47:608][117]LogModuleManager: Shutting down and abandoning module DetailCustomizations (350)
[2018.01.25-02.06.47:609][117]LogModuleManager: Shutting down and abandoning module PackagesDialog (348)
[2018.01.25-02.06.47:610][117]LogModuleManager: Shutting down and abandoning module Persona (346)
[2018.01.25-02.06.47:610][117]LogModuleManager: Shutting down and abandoning module AnimGraph (345)
[2018.01.25-02.06.47:610][117]LogModuleManager: Shutting down and abandoning module Kismet (342)
[2018.01.25-02.06.47:618][117]LogModuleManager: Shutting down and abandoning module GraphEditor (340)
[2018.01.25-02.06.47:619][117]LogModuleManager: Shutting down and abandoning module ClassViewer (338)
[2018.01.25-02.06.47:619][117]LogModuleManager: Shutting down and abandoning module Toolbox (336)
[2018.01.25-02.06.47:620][117]LogModuleManager: Shutting down and abandoning module ModuleUI (334)
[2018.01.25-02.06.47:620][117]LogModuleManager: Shutting down and abandoning module MovieSceneTools (332)
[2018.01.25-02.06.47:621][117]LogModuleManager: Shutting down and abandoning module OutputLog (330)
[2018.01.25-02.06.47:621][117]LogModuleManager: Shutting down and abandoning module GammaUI (328)
[2018.01.25-02.06.47:621][117]LogModuleManager: Shutting down and abandoning module Documentation (326)
[2018.01.25-02.06.47:621][117]LogModuleManager: Shutting down and abandoning module Niagara (324)
[2018.01.25-02.06.47:621][117]LogModuleManager: Shutting down and abandoning module StreamingPauseRendering (322)
[2018.01.25-02.06.47:621][117]LogModuleManager: Shutting down and abandoning module AnalyticsET (320)
[2018.01.25-02.06.47:621][117]LogModuleManager: Shutting down and abandoning module PortalServices (318)
[2018.01.25-02.06.47:621][117]LogModuleManager: Shutting down and abandoning module PortalRpc (316)
[2018.01.25-02.06.47:621][117]LogModuleManager: Shutting down and abandoning module MessagingRpc (314)
[2018.01.25-02.06.47:621][117]LogModuleManager: Shutting down and abandoning module AIModule (312)
[2018.01.25-02.06.47:621][117]LogModuleManager: Shutting down and abandoning module GameplayDebugger (311)
[2018.01.25-02.06.47:622][117]LogModuleManager: Shutting down and abandoning module AITestSuite (309)
[2018.01.25-02.06.47:622][117]LogModuleManager: Shutting down and abandoning module ProfilerService (306)
[2018.01.25-02.06.47:821][117]LogModuleManager: Shutting down and abandoning module TaskGraph (304)
[2018.01.25-02.06.47:823][117]LogModuleManager: Shutting down and abandoning module SteamVRController (302)
[2018.01.25-02.06.47:823][117]LogModuleManager: Shutting down and abandoning module SteamVR (300)
[2018.01.25-02.06.47:824][117]LogModuleManager: Shutting down and abandoning module ProceduralMeshComponentEditor (298)
[2018.01.25-02.06.47:824][117]LogModuleManager: Shutting down and abandoning module ProceduralMeshComponent (296)
[2018.01.25-02.06.47:824][117]LogModuleManager: Shutting down and abandoning module OculusLibrary (294)
[2018.01.25-02.06.47:824][117]LogModuleManager: Shutting down and abandoning module OculusInput (292)
[2018.01.25-02.06.47:824][117]LogModuleManager: Shutting down and abandoning module MobilePatchingUtils (290)
[2018.01.25-02.06.47:824][117]LogModuleManager: Shutting down and abandoning module CustomMeshComponent (288)
[2018.01.25-02.06.47:824][117]LogModuleManager: Shutting down and abandoning module CableComponent (286)
[2018.01.25-02.06.47:824][117]LogModuleManager: Shutting down and abandoning module ArchVisCharacter (284)
[2018.01.25-02.06.47:825][117]LogModuleManager: Shutting down and abandoning module MediaPlayerEditor (280)
[2018.01.25-02.06.47:826][117]LogModuleManager: Shutting down and abandoning module HTML5Networking (278)
[2018.01.25-02.06.47:826][117]LogModuleManager: Shutting down and abandoning module AlembicImporter (276)
[2018.01.25-02.06.47:827][117]LogModuleManager: Shutting down and abandoning module AlembicLibrary (275)
[2018.01.25-02.06.47:827][117]LogModuleManager: Shutting down and abandoning module GeometryCache (274)
[2018.01.25-02.06.47:827][117]LogModuleManager: Shutting down and abandoning module GeometryCacheEd (273)
[2018.01.25-02.06.47:827][117]LogModuleManager: Shutting down and abandoning module SuperSearchEditor (268)
[2018.01.25-02.06.47:827][117]LogModuleManager: Shutting down and abandoning module SuperSearch (267)
[2018.01.25-02.06.47:827][117]LogModuleManager: Shutting down and abandoning module SpeedTreeImporter (264)
[2018.01.25-02.06.47:827][117]LogModuleManager: Shutting down and abandoning module PluginBrowser (262)
[2018.01.25-02.06.47:829][117]LogModuleManager: Shutting down and abandoning module MobileLauncherProfileWizard (260)
[2018.01.25-02.06.47:830][117]LogModuleManager: Shutting down and abandoning module EpicSurvey (258)
[2018.01.25-02.06.47:831][117]LogModuleManager: Shutting down and abandoning module VisualStudioSourceCodeAccess (256)
[2018.01.25-02.06.47:831][117]LogModuleManager: Shutting down and abandoning module DesktopPlatform (255)
[2018.01.25-02.06.47:832][117]LogModuleManager: Shutting down and abandoning module UObjectPlugin (252)
[2018.01.25-02.06.47:832][117]LogModuleManager: Shutting down and abandoning module SubversionSourceControl (250)
[2018.01.25-02.06.47:833][117]LogModuleManager: Shutting down and abandoning module PerforceSourceControl (248)
[2018.01.25-02.06.47:834][117]LogModuleManager: Shutting down and abandoning module GitSourceControl (246)
[2018.01.25-02.06.47:834][117]LogModuleManager: Shutting down and abandoning module SourceControl (245)
[2018.01.25-02.06.47:834][117]LogModuleManager: Shutting down and abandoning module LightPropagationVolumeEditor (242)
[2018.01.25-02.06.47:834][117]LogModuleManager: Shutting down and abandoning module PaperTiledImporter (240)
[2018.01.25-02.06.47:834][117]LogModuleManager: Shutting down and abandoning module PaperSpriteSheetImporter (238)
[2018.01.25-02.06.47:834][117]LogModuleManager: Shutting down and abandoning module Paper2DEditor (236)
[2018.01.25-02.06.47:835][117]LogModuleManager: Shutting down and abandoning module MeshPaint (235)
[2018.01.25-02.06.47:835][117]LogModuleManager: Shutting down and abandoning module LevelEditor (233)
[2018.01.25-02.06.47:838][117]LogModuleManager: Shutting down and abandoning module PixelInspectorModule (232)
[2018.01.25-02.06.47:839][117]LogModuleManager: Shutting down and abandoning module MainFrame (230)
[2018.01.25-02.06.47:839][117]LogModuleManager: Shutting down and abandoning module HotReload (229)
[2018.01.25-02.06.47:841][117]LogModuleManager: Shutting down and abandoning module ContentBrowser (225)
[2018.01.25-02.06.47:843][117]LogModuleManager: Shutting down and abandoning module PhysXVehiclesEditor (222)
[2018.01.25-02.06.47:844][117]LogModuleManager: Shutting down and abandoning module PhysXVehicles (220)
[2018.01.25-02.06.47:844][117]LogModuleManager: Shutting down and abandoning module LocationServicesBPLibrary (218)
[2018.01.25-02.06.47:844][117]LogModuleManager: Shutting down and abandoning module UdpMessaging (216)
[2018.01.25-02.06.47:945][117]LogModuleManager: Shutting down and abandoning module TcpMessaging (214)
[2018.01.25-02.06.48:045][117]LogModuleManager: Shutting down and abandoning module GameplayTagsEditor (212)
[2018.01.25-02.06.48:046][117]LogModuleManager: Shutting down and abandoning module FacialAnimationEditor (210)
[2018.01.25-02.06.48:047][117]LogModuleManager: Shutting down and abandoning module FacialAnimation (208)
[2018.01.25-02.06.48:047][117]LogModuleManager: Shutting down and abandoning module LightPropagationVolumeRuntime (206)
[2018.01.25-02.06.48:047][117]LogModuleManager: Shutting down and abandoning module Paper2D (204)
[2018.01.25-02.06.48:047][117]LogModuleManager: Shutting down and abandoning module WindowsMoviePlayer (202)
[2018.01.25-02.06.48:047][117]LogModuleManager: Shutting down and abandoning module WmfMedia (200)
[2018.01.25-02.06.48:050][117]LogModuleManager: Shutting down and abandoning module MfMedia (198)
[2018.01.25-02.06.48:050][117]LogModuleManager: Shutting down and abandoning module MediaAssets (196)
[2018.01.25-02.06.48:050][117]LogModuleManager: Shutting down and abandoning module GameLiveStreaming (194)
[2018.01.25-02.06.48:050][117]LogModuleManager: Shutting down and abandoning module VREditor (192)
[2018.01.25-02.06.48:050][117]LogModuleManager: Shutting down and abandoning module GameplayTasksEditor (190)
[2018.01.25-02.06.48:050][117]LogModuleManager: Shutting down and abandoning module BehaviorTreeEditor (188)
[2018.01.25-02.06.48:052][117]LogModuleManager: Shutting down and abandoning module FunctionalTesting (186)
[2018.01.25-02.06.48:052][117]LogModuleManager: Shutting down and abandoning module CollisionAnalyzer (184)
[2018.01.25-02.06.48:053][117]LogModuleManager: Shutting down and abandoning module UMG (182)
[2018.01.25-02.06.48:053][117]LogModuleManager: Shutting down and abandoning module UMGEditor (181)
[2018.01.25-02.06.48:053][117]LogModuleManager: Shutting down and abandoning module Sequencer (180)
[2018.01.25-02.06.48:054][117]LogModuleManager: Shutting down and abandoning module AssetTools (178)
[2018.01.25-02.06.48:056][117]LogModuleManager: Shutting down and abandoning module MessageLog (177)
[2018.01.25-02.06.48:056][117]LogModuleManager: Shutting down and abandoning module WorkspaceMenuStructure (176)
[2018.01.25-02.06.48:056][117]LogModuleManager: Shutting down and abandoning module SlateReflector (170)
[2018.01.25-02.06.48:059][117]LogModuleManager: Shutting down and abandoning module Slate (168)
[2018.01.25-02.06.48:059][117]LogModuleManager: Shutting down and abandoning module EditorStyle (166)
[2018.01.25-02.06.48:064][117]LogModuleManager: Shutting down and abandoning module SourceCodeAccess (164)
[2018.01.25-02.06.48:064][117]LogModuleManager: Shutting down and abandoning module HeadMountedDisplay (162)
[2018.01.25-02.06.48:064][117]LogModuleManager: Shutting down and abandoning module XAudio2 (160)
[2018.01.25-02.06.48:064][117]LogModuleManager: Shutting down and abandoning module Networking (158)
[2018.01.25-02.06.48:064][117]LogModuleManager: Shutting down and abandoning module Core (154)
[2018.01.25-02.06.48:064][117]LogModuleManager: Shutting down and abandoning module AssetRegistry (152)
[2018.01.25-02.06.48:167][117]LogDirectoryWatcher: A directory notification for '../../../Engine/Content/' was aborted.
[2018.01.25-02.06.48:167][117]LogDirectoryWatcher: A directory notification for '../../../../../../Users/Kaitlyn/Documents/GitHub/UE4UMGSudoku/Content/' was aborted.
[2018.01.25-02.06.48:167][117]LogDirectoryWatcher: A directory notification for '../../../Engine/Plugins/2D/Paper2D/Content/' was aborted.
[2018.01.25-02.06.48:167][117]LogModuleManager: Shutting down and abandoning module DirectoryWatcher (151)
[2018.01.25-02.06.48:172][117]LogModuleManager: Shutting down and abandoning module KismetCompiler (148)
[2018.01.25-02.06.48:172][117]LogModuleManager: Shutting down and abandoning module PhysXFormats (146)
[2018.01.25-02.06.48:172][117]LogModuleManager: Shutting down and abandoning module MeshUtilities (144)
[2018.01.25-02.06.48:173][117]LogModuleManager: Shutting down and abandoning module SimplygonSwarm (143)
[2018.01.25-02.06.48:174][117]LogModuleManager: Shutting down and abandoning module SimplygonMeshReduction (141)
[2018.01.25-02.06.48:174][117]LogModuleManager: Shutting down and abandoning module QuadricMeshReduction (139)
[2018.01.25-02.06.48:175][117]LogModuleManager: Shutting down and abandoning module PropertyEditor (137)
[2018.01.25-02.06.48:175][117]LogModuleManager: Shutting down and abandoning module DerivedDataCache (134)
[2018.01.25-02.06.48:257][117]LogDerivedDataCache: Shutdown
[2018.01.25-02.06.48:257][117]LogModuleManager: Shutting down and abandoning module TargetPlatform (132)
[2018.01.25-02.06.48:258][117]LogModuleManager: Shutting down and abandoning module VulkanShaderFormat (131)
[2018.01.25-02.06.48:258][117]LogModuleManager: Shutting down and abandoning module ShaderFormatOpenGL (129)
[2018.01.25-02.06.48:259][117]LogModuleManager: Shutting down and abandoning module ShaderFormatD3D (127)
[2018.01.25-02.06.48:259][117]LogModuleManager: Shutting down and abandoning module MetalShaderFormat (125)
[2018.01.25-02.06.48:260][117]LogModuleManager: Shutting down and abandoning module TextureFormatUncompressed (123)
[2018.01.25-02.06.48:260][117]LogModuleManager: Shutting down and abandoning module TextureFormatPVR (121)
[2018.01.25-02.06.48:260][117]LogModuleManager: Shutting down and abandoning module TextureFormatDXT (119)
[2018.01.25-02.06.48:260][117]LogModuleManager: Shutting down and abandoning module TextureFormatIntelISPCTexComp (117)
[2018.01.25-02.06.48:262][117]LogModuleManager: Shutting down and abandoning module TextureFormatASTC (115)
[2018.01.25-02.06.48:262][117]LogModuleManager: Shutting down and abandoning module ImageWrapper (114)
[2018.01.25-02.06.48:262][117]LogModuleManager: Shutting down and abandoning module TextureFormatAndroid (111)
[2018.01.25-02.06.48:262][117]LogModuleManager: Shutting down and abandoning module AudioFormatOpus (109)
[2018.01.25-02.06.48:262][117]LogModuleManager: Shutting down and abandoning module AudioFormatOgg (107)
[2018.01.25-02.06.48:262][117]LogModuleManager: Shutting down and abandoning module AudioFormatADPCM (105)
[2018.01.25-02.06.48:262][117]LogModuleManager: Shutting down and abandoning module LinuxTargetPlatform (103)
[2018.01.25-02.06.48:262][117]LogModuleManager: Shutting down and abandoning module LinuxServerTargetPlatform (101)
[2018.01.25-02.06.48:262][117]LogModuleManager: Shutting down and abandoning module LinuxNoEditorTargetPlatform (99)
[2018.01.25-02.06.48:262][117]LogModuleManager: Shutting down and abandoning module LinuxClientTargetPlatform (97)
[2018.01.25-02.06.48:262][117]LogModuleManager: Shutting down and abandoning module TVOSTargetPlatform (95)
[2018.01.25-02.06.48:262][117]LogModuleManager: Shutting down and abandoning module Messaging (93)
[2018.01.25-02.06.48:262][117]LogModuleManager: Shutting down and abandoning module IOSTargetPlatform (91)
[2018.01.25-02.06.48:262][117]LogModuleManager: Shutting down and abandoning module HTML5TargetPlatform (89)
[2018.01.25-02.06.48:262][117]LogModuleManager: Shutting down and abandoning module Android_PVRTCTargetPlatform (87)
[2018.01.25-02.06.48:263][117]LogModuleManager: Shutting down and abandoning module Android_MultiTargetPlatform (85)
[2018.01.25-02.06.48:263][117]LogModuleManager: Shutting down and abandoning module Android_ETC2TargetPlatform (83)
[2018.01.25-02.06.48:263][117]LogModuleManager: Shutting down and abandoning module Android_ETC1TargetPlatform (81)
[2018.01.25-02.06.48:263][117]LogModuleManager: Shutting down and abandoning module Android_DXTTargetPlatform (79)
[2018.01.25-02.06.48:263][117]LogModuleManager: Shutting down and abandoning module Android_ATCTargetPlatform (77)
[2018.01.25-02.06.48:263][117]LogModuleManager: Shutting down and abandoning module Android_ASTCTargetPlatform (75)
[2018.01.25-02.06.48:263][117]LogModuleManager: Shutting down and abandoning module AndroidTargetPlatform (73)
[2018.01.25-02.06.48:263][117]LogModuleManager: Shutting down and abandoning module WindowsTargetPlatform (71)
[2018.01.25-02.06.48:263][117]LogModuleManager: Shutting down and abandoning module WindowsServerTargetPlatform (69)
[2018.01.25-02.06.48:263][117]LogModuleManager: Shutting down and abandoning module WindowsNoEditorTargetPlatform (67)
[2018.01.25-02.06.48:263][117]LogModuleManager: Shutting down and abandoning module WindowsClientTargetPlatform (65)
[2018.01.25-02.06.48:263][117]LogModuleManager: Shutting down and abandoning module MacTargetPlatform (63)
[2018.01.25-02.06.48:263][117]LogModuleManager: Shutting down and abandoning module MacServerTargetPlatform (61)
[2018.01.25-02.06.48:263][117]LogModuleManager: Shutting down and abandoning module MacNoEditorTargetPlatform (59)
[2018.01.25-02.06.48:263][117]LogModuleManager: Shutting down and abandoning module MacClientTargetPlatform (57)
[2018.01.25-02.06.48:263][117]LogModuleManager: Shutting down and abandoning module AllDesktopTargetPlatform (55)
[2018.01.25-02.06.48:263][117]LogModuleManager: Shutting down and abandoning module InputCore (52)
[2018.01.25-02.06.48:263][117]LogModuleManager: Shutting down and abandoning module Settings (50)
[2018.01.25-02.06.48:263][117]LogModuleManager: Shutting down and abandoning module OculusRift (48)
[2018.01.25-02.06.48:267][117]LogHMD: Oculus shutdown.
[2018.01.25-02.06.48:267][117]LogModuleManager: Shutting down and abandoning module GearVR (46)
[2018.01.25-02.06.48:267][117]LogModuleManager: Shutting down and abandoning module ExampleDeviceProfileSelector (44)
[2018.01.25-02.06.48:267][117]LogModuleManager: Shutting down and abandoning module OnlineBlueprintSupport (42)
[2018.01.25-02.06.48:267][117]LogModuleManager: Shutting down and abandoning module OnlineSubsystem (38)
[2018.01.25-02.06.48:267][117]LogOnline:Display: Unloading online subsystem: NULL
[2018.01.25-02.06.48:268][117]LogModuleManager: Shutting down and abandoning module XMPP (37)
[2018.01.25-02.06.48:270][117]LogModuleManager: Shutting down and abandoning module HTTP (35)
[2018.01.25-02.06.48:270][117]LogHttp:Display: Http module shutting down, but needs to wait on 1 outstanding Http requests:
[2018.01.25-02.06.48:270][117]LogHttp:Display: 	verb=[POST] url=[https://datarouter.ol.epicgames.com/datarouter/api/v1/public/data?SessionID=%7BF044647C-44BA-C9F0-2FFE-F69C6033B810%7D&AppID=UEEditor.Rocket.Release&AppVersion=4.15.2-3416026%2B%2B%2BUE4%2BRelease-4.15&UserID=52020cd641e0477a14291991acc26653%7C25150ad43d104354a172e2e919b0781c%7Cf4f1d3cb-cdcb-4577-9786-c27ab0904b1d&AppEnvironment=datacollector-binary&UploadType=eteventstream] status=Processing
[2018.01.25-02.06.48:285][117]LogModuleManager: Shutting down and abandoning module SSL (34)
[2018.01.25-02.06.48:288][117]LogModuleManager: Shutting down and abandoning module AudioEditor (30)
[2018.01.25-02.06.48:288][117]LogModuleManager: Shutting down and abandoning module TextureCompressor (28)
[2018.01.25-02.06.48:290][117]LogModuleManager: Shutting down and abandoning module ShaderCore (26)
[2018.01.25-02.06.48:290][117]LogModuleManager: Shutting down and abandoning module Landscape (24)
[2018.01.25-02.06.48:290][117]LogModuleManager: Shutting down and abandoning module SlateRHIRenderer (22)
[2018.01.25-02.06.48:311][117]LogModuleManager: Shutting down and abandoning module OpenGLDrv (20)
[2018.01.25-02.06.48:312][117]LogModuleManager: Shutting down and abandoning module D3D11RHI (18)
[2018.01.25-02.06.48:312][117]LogModuleManager: Shutting down and abandoning module AnimGraphRuntime (16)
[2018.01.25-02.06.48:312][117]LogModuleManager: Shutting down and abandoning module Renderer (14)
[2018.01.25-02.06.48:312][117]LogModuleManager: Shutting down and abandoning module Engine (12)
[2018.01.25-02.06.48:312][117]LogModuleManager: Shutting down and abandoning module CoreUObject (10)
[2018.01.25-02.06.48:312][117]LogModuleManager: Shutting down and abandoning module NetworkFile (8)
[2018.01.25-02.06.48:313][117]LogModuleManager: Shutting down and abandoning module StreamingFile (6)
[2018.01.25-02.06.48:313][117]LogModuleManager: Shutting down and abandoning module SandboxFile (4)
[2018.01.25-02.06.48:313][117]LogModuleManager: Shutting down and abandoning module PakFile (2)
[2018.01.25-02.06.48:317][117]LogExit: Exiting.
[2018.01.25-02.06.48:323][117]Log file closed, 01/25/18 13:06:48
