Log file open, 01/11/18 05:22:19
LogInit:Display: Running engine for game: UIOnlyQuizGame
LogPlatformFile: Not using cached read wrapper
LogInit:Display: RandInit(1736712341) SRandInit(1736712341).
LogTaskGraph: Started task graph with 5 named threads and 8 total threads with 1 sets of task threads.
LogStats: Stats thread started at 0.125035
LogInit: Using libcurl 7.47.1
LogInit:  - built for x86_64-pc-win32
LogInit:  - supports SSL with OpenSSL/1.0.2g
LogInit:  - supports HTTP deflate (compression) using libz 1.2.8
LogInit:  - other features:
LogInit:      CURL_VERSION_SSL
LogInit:      CURL_VERSION_LIBZ
LogInit:      CURL_VERSION_IPV6
LogInit:      CURL_VERSION_ASYNCHDNS
LogInit:      CURL_VERSION_LARGEFILE
LogInit:      CURL_VERSION_IDN
LogInit:  CurlRequestOptions (configurable via config and command line):
LogInit:  - bVerifyPeer = false  - Libcurl will NOT verify peer certificate
LogInit:  - bUseHttpProxy = false  - Libcurl will NOT use HTTP proxy
LogInit:  - bDontReuseConnections = false  - Libcurl will reuse connections
LogInit:  - CertBundlePath = nullptr  - Libcurl will use whatever was configured at build time.
OCULUS: Info: [CAPI] LibOVR module is located at C:\Program Files\Oculus\Support\oculus-runtime\LibOVRRT64_1.dll
OCULUS: Debug: Connected to the server running version (prod = 1).1.22.0(build = 516639) feature version = 0. Client runs version (prod = 1).1.22.0(build = 516639) feature version = 0
LogHMD: GearVR: Emulating GearVR using Oculus Rift!
LogInit: Build: ++UE4+Release-4.15-CL-3416026
LogInit: Engine Version: 4.15.2-3416026+++UE4+Release-4.15
LogInit: Compatible Engine Version: 4.15.0-3299760+++UE4+Release-4.15
LogInit: Net CL: 3299760
LogDevObjectVersion: Number of dev versions registered: 14
LogDevObjectVersion:   Dev-Blueprints (B0D832E4-1F89-4F0D-ACCF-7EB736FD4AA2): 8
LogDevObjectVersion:   Dev-Build (E1C64328-A22C-4D53-A36C-8E866417BD8C): 0
LogDevObjectVersion:   Dev-Core (375EC13C-06E4-48FB-B500-84F0262A717E): 2
LogDevObjectVersion:   Dev-Editor (E4B068ED-F494-42E9-A231-DA0B2E46BB41): 14
LogDevObjectVersion:   Dev-Framework (CFFC743F-43B0-4480-9391-14DF171D2073): 22
LogDevObjectVersion:   Dev-Mobile (B02B49B5-BB20-44E9-A304-32B752E40360): 0
LogDevObjectVersion:   Dev-Networking (A4E4105C-59A1-49B5-A7C5-40C4547EDFEE): 0
LogDevObjectVersion:   Dev-Online (39C831C9-5AE6-47DC-9A44-9C173E1C8E7C): 0
LogDevObjectVersion:   Dev-Physics (78F01B33-EBEA-4F98-B9B4-84EACCB95AA2): 0
LogDevObjectVersion:   Dev-Platform (6631380F-2D4D-43E0-8009-CF276956A95A): 0
LogDevObjectVersion:   Dev-Rendering (12F88B9F-8875-4AFC-A67C-D90C383ABD29): 12
LogDevObjectVersion:   Dev-Sequencer (7B5AE74C-D270-4C10-A958-57980B212A5A): 3
LogDevObjectVersion:   Dev-VR (D7296918-1DD6-4BDD-9DE2-64A83CC13884): 0
LogDevObjectVersion:   Dev-LoadTimes (C2A15278-BFE7-4AFE-6C17-90FF531DF755): 1
LogInit: Compiled (64-bit): May  1 2017 13:11:28
LogInit: Compiled with Visual C++: 19.00.23026.00
LogInit: Build Configuration: Development
LogInit: Branch Name: ++UE4+Release-4.15
LogInit: Command line:  
LogInit: Base directory: C:/Program Files/Epic Games/UE_4.15/Engine/Binaries/Win64/
LogInit: Installed Engine Build: 1
LogInit: Presizing for max 8388607 objects, including 0 objects not considered by GC, pre-allocating 0 bytes for permanent pool.
LogInit: Object subsystem initialized
[2018.01.10-18.22.21:255][  0]LogInit: Selected Device Profile: [Windows]
[2018.01.10-18.22.21:255][  0]LogInit: Applying CVar settings loaded from the selected device profile: [Windows]
[2018.01.10-18.22.21:284][  0]LogInit: Computer: LAPTOP-UBSVTA87
[2018.01.10-18.22.21:284][  0]LogInit: User: Kaitlyn
[2018.01.10-18.22.21:284][  0]LogInit: CPU Page size=65536, Cores=4
[2018.01.10-18.22.21:284][  0]LogInit: High frequency timer resolution =2.531251 MHz
[2018.01.10-18.22.21:294][  0]LogMemory: Memory total: Physical=15.9GB (16GB approx)
[2018.01.10-18.22.21:294][  0]LogMemory: Platform Memory Stats for Windows
[2018.01.10-18.22.21:294][  0]LogMemory: Process Physical Memory: 271.73 MB used, 271.73 MB peak
[2018.01.10-18.22.21:294][  0]LogMemory: Process Virtual Memory: 266.26 MB used, 266.26 MB peak
[2018.01.10-18.22.21:294][  0]LogMemory: Physical Memory: 6938.87 MB used,  9337.30 MB free, 16276.17 MB total
[2018.01.10-18.22.21:294][  0]LogMemory: Virtual Memory: 704.22 MB used,  9337.30 MB free, 134217728.00 MB total
[2018.01.10-18.22.21:578][  0]LogTextLocalizationManager: No specific translations for ('en-AU') exist, so ('en') translations will be used.
[2018.01.10-18.22.22:610][  0]LogD3D11RHI: D3D11 adapters:
[2018.01.10-18.22.22:663][  0]LogD3D11RHI:    0. 'NVIDIA GeForce GTX 1060' (Feature Level 11_0)
[2018.01.10-18.22.22:663][  0]LogD3D11RHI:       6061/0/8138 MB DedicatedVideo/DedicatedSystem/SharedSystem, Outputs:2, VendorId:0x10de
[2018.01.10-18.22.22:673][  0]LogD3D11RHI:    1. 'Intel(R) HD Graphics 530' (Feature Level 11_0)
[2018.01.10-18.22.22:673][  0]LogD3D11RHI:       128/0/8138 MB DedicatedVideo/DedicatedSystem/SharedSystem, Outputs:0, VendorId:0x8086
[2018.01.10-18.22.22:677][  0]LogD3D11RHI:    2. 'Microsoft Basic Render Driver' (Feature Level 11_0)
[2018.01.10-18.22.22:677][  0]LogD3D11RHI:       0/0/8138 MB DedicatedVideo/DedicatedSystem/SharedSystem, Outputs:0, VendorId:0x1414
[2018.01.10-18.22.22:677][  0]LogD3D11RHI: Chosen D3D11 Adapter: 0
[2018.01.10-18.22.22:686][  0]LogD3D11RHI: Creating new Direct3DDevice
[2018.01.10-18.22.22:686][  0]LogD3D11RHI:     GPU DeviceId: 0x1c20 (for the marketing name, search the web for "GPU Device Id")
[2018.01.10-18.22.22:686][  0]LogWindows: EnumDisplayDevices:
[2018.01.10-18.22.22:687][  0]LogWindows:    0. 'Intel(R) HD Graphics 530' (P:0 D:1)
[2018.01.10-18.22.22:687][  0]LogWindows:    1. 'Intel(R) HD Graphics 530' (P:0 D:0)
[2018.01.10-18.22.22:687][  0]LogWindows:    2. 'Intel(R) HD Graphics 530' (P:0 D:0)
[2018.01.10-18.22.22:687][  0]LogWindows:    3. 'NVIDIA GeForce GTX 1060' (P:1 D:1)
[2018.01.10-18.22.22:687][  0]LogWindows: DebugString: GetVideoDriverDetailsInvalid PrimaryIsNotTheChoosenAdapter GetVideoDriverDetailsInvalid PrimaryIsNotTheChoosenAdapter GetVideoDriverDetailsInvalid PrimaryIsNotTheChoosenAdapter GetVideoDriverDetailsInvalid PrimaryIsNotTheChoosenAdapter FoundDriverCount:0 
[2018.01.10-18.22.22:687][  0]LogD3D11RHI:     Adapter Name: NVIDIA GeForce GTX 1060
[2018.01.10-18.22.22:688][  0]LogD3D11RHI:   Driver Version: Unknown (internal:Unknown, unified:Unknown)
[2018.01.10-18.22.22:688][  0]LogD3D11RHI:      Driver Date: Unknown
[2018.01.10-18.22.22:688][  0]LogRHI: Texture pool is 1361 MB (70% of 1945 MB)
[2018.01.10-18.22.22:723][  0]LogD3D11RHI: [Aftermath] Aftermath enabled and primed
[2018.01.10-18.22.22:723][  0]LogD3D11RHI: Async texture creation enabled
[2018.01.10-18.22.22:769][  0]LogD3D11RHI: GPU Timing Frequency: 1000.000000 (Debug: 2 2)
[2018.01.10-18.22.22:828][  0]LogShaderCompilers: Guid format shader working directory is -6 characters bigger than the processId version (../../../../../../Users/Kaitlyn/Desktop/UIOnlyQuizGame/Intermediate/Shaders/WorkingDirectory/8916/).
[2018.01.10-18.22.22:829][  0]LogShaderCompilers: Cleaned the shader compiler working directory 'C:/Users/Kaitlyn/AppData/Local/Temp/UnrealShaderWorkingDir/0CD977BC442804C598A114B121906A1A/'.
[2018.01.10-18.22.22:829][  0]LogShaderCompilers:Display: Using Local Shader Compiler.
[2018.01.10-18.22.24:638][  0]LogTemp:Display: Loaded TP AllDesktopTargetPlatform
[2018.01.10-18.22.24:724][  0]LogTemp:Display: Loaded TP MacClientTargetPlatform
[2018.01.10-18.22.24:811][  0]LogTemp:Display: Loaded TP MacNoEditorTargetPlatform
[2018.01.10-18.22.24:898][  0]LogTemp:Display: Loaded TP MacServerTargetPlatform
[2018.01.10-18.22.24:990][  0]LogTemp:Display: Loaded TP MacTargetPlatform
[2018.01.10-18.22.25:076][  0]LogTemp:Display: Loaded TP WindowsClientTargetPlatform
[2018.01.10-18.22.25:171][  0]LogTemp:Display: Loaded TP WindowsNoEditorTargetPlatform
[2018.01.10-18.22.25:277][  0]LogTemp:Display: Loaded TP WindowsServerTargetPlatform
[2018.01.10-18.22.25:381][  0]LogTemp:Display: Loaded TP WindowsTargetPlatform
[2018.01.10-18.22.25:481][  0]LogTemp:Display: Loaded TP AndroidTargetPlatform
[2018.01.10-18.22.25:576][  0]LogTemp:Display: Loaded TP Android_ASTCTargetPlatform
[2018.01.10-18.22.25:678][  0]LogTemp:Display: Loaded TP Android_ATCTargetPlatform
[2018.01.10-18.22.25:770][  0]LogTemp:Display: Loaded TP Android_DXTTargetPlatform
[2018.01.10-18.22.25:846][  0]LogTemp:Display: Loaded TP Android_ETC1TargetPlatform
[2018.01.10-18.22.25:932][  0]LogTemp:Display: Loaded TP Android_ETC2TargetPlatform
[2018.01.10-18.22.26:110][  0]LogTemp:Display: Loaded TP Android_MultiTargetPlatform
[2018.01.10-18.22.26:110][  0]LogTemp:Display: Loaded TP Android_PVRTCTargetPlatform
[2018.01.10-18.22.26:179][  0]LogTemp:Display: Loaded TP HTML5TargetPlatform
[2018.01.10-18.22.26:343][  0]LogTemp:Display: Loaded TP IOSTargetPlatform
[2018.01.10-18.22.26:395][  0]LogTemp:Display: Loaded TP TVOSTargetPlatform
[2018.01.10-18.22.26:473][  0]LogTemp:Display: Loaded TP LinuxClientTargetPlatform
[2018.01.10-18.22.26:558][  0]LogTemp:Display: Loaded TP LinuxNoEditorTargetPlatform
[2018.01.10-18.22.26:643][  0]LogTemp:Display: Loaded TP LinuxServerTargetPlatform
[2018.01.10-18.22.26:747][  0]LogTemp:Display: Loaded TP LinuxTargetPlatform
[2018.01.10-18.22.26:747][  0]LogTargetPlatformManager:Display: Building Assets For Windows
[2018.01.10-18.22.27:711][  0]LogDerivedDataCache:Display: Max Cache Size: 512 MB
[2018.01.10-18.22.27:876][  0]LogDerivedDataCache: Loaded boot cache 0.16s 50MB C:/Users/Kaitlyn/AppData/Local/UnrealEngine/4.15/DerivedDataCache/Boot.ddc.
[2018.01.10-18.22.27:876][  0]LogDerivedDataCache:Display: Loaded Boot cache: C:/Users/Kaitlyn/AppData/Local/UnrealEngine/4.15/DerivedDataCache/Boot.ddc
[2018.01.10-18.22.27:876][  0]LogDerivedDataCache: FDerivedDataBackendGraph:  Pak pak cache file ../../../../../../Users/Kaitlyn/Desktop/UIOnlyQuizGame/DerivedDataCache/DDC.ddp not found, will not use a pak cache.
[2018.01.10-18.22.27:876][  0]LogDerivedDataCache: Unable to find inner node Pak for hierarchical cache Hierarchy.
[2018.01.10-18.22.27:876][  0]LogDerivedDataCache: FDerivedDataBackendGraph:  CompressedPak pak cache file ../../../../../../Users/Kaitlyn/Desktop/UIOnlyQuizGame/DerivedDataCache/Compressed.ddp not found, will not use a pak cache.
[2018.01.10-18.22.27:876][  0]LogDerivedDataCache: Unable to find inner node CompressedPak for hierarchical cache Hierarchy.
[2018.01.10-18.22.27:911][  0]LogDerivedDataCache:Display: Pak cache opened for reading ../../../Engine/DerivedDataCache/Compressed.ddp.
[2018.01.10-18.22.27:925][  0]LogDerivedDataCache: Using Local data cache path C:/Users/Kaitlyn/AppData/Local/UnrealEngine/Common/DerivedDataCache: Writable
[2018.01.10-18.22.27:961][  0]LogSlate: Using Freetype 2.6.0
[2018.01.10-18.22.27:965][  0]LogSlate: SlateFontCache - WITH_FREETYPE: 1, WITH_HARFBUZZ: 1
[2018.01.10-18.22.27:965][  0]LogSlate: SlateFontCache - WITH_FREETYPE: 1, WITH_HARFBUZZ: 1
[2018.01.10-18.22.28:932][  0]LogInit: Selected Device Profile: [Windows]
[2018.01.10-18.22.28:941][  0]LogContentStreaming: Texture pool size is 0.00 MB
[2018.01.10-18.22.29:285][  0]LogMeshUtilities: Using QuadricMeshReduction for automatic static mesh reduction
[2018.01.10-18.22.29:354][  0]LogSimplygon: Simplygon DLL not present - disabling.
[2018.01.10-18.22.29:446][  0]LogMeshUtilities: Using SimplygonSwarm for distributed automatic mesh merging
[2018.01.10-18.22.29:446][  0]LogMeshUtilities: No automatic skeletal mesh reduction module available
[2018.01.10-18.22.29:446][  0]LogMeshUtilities: No automatic mesh merging module available
[2018.01.10-18.22.30:565][  0]LogNetVersion: GetLocalNetworkVersion: CL: 3299760, ProjectName: uionlyquizgame, ProjectVersion: , EngineNetworkVersion: 2, GameNetworkVersion: 0, NetworkChecksum: 250772748
[2018.01.10-18.22.30:636][  0]LogAssetRegistry: FAssetRegistry took 0.0237 seconds to start up
[2018.01.10-18.22.30:733][  0]LogPackageLocalizationCache: Processed 3 localized package path(s) for 2 prioritized culture(s) in 0.057620 seconds
[2018.01.10-18.22.30:743][  0]LogUObjectArray: 32493 objects as part of root set at end of initial load.
[2018.01.10-18.22.30:743][  0]LogUObjectAllocator: 7077024 out of 0 bytes used by permanent object pool.
[2018.01.10-18.22.30:743][  0]LogUObjectArray: CloseDisregardForGC: 0/0 objects in disregard for GC pool
[2018.01.10-18.22.30:851][  0]LogInit: WinSock: version 1.1 (2.2), MaxSocks=32767, MaxUdp=65467
[2018.01.10-18.22.34:469][  0]LogTcpMessaging: Initializing TcpMessaging bridge
[2018.01.10-18.22.34:539][  0]LogUdpMessaging: Initializing bridge on interface 0.0.0.0:0 to multicast group 230.0.0.1:6666.
[2018.01.10-18.22.35:430][  0]LogMaterial: Uniform references updated for custom material expression Custom.
[2018.01.10-18.22.36:090][  0]SourceControl: Info Source control is disabled
[2018.01.10-18.22.36:248][  0]SourceControl: Info Source control is disabled
[2018.01.10-18.22.36:349][  0]SourceControl: Info Source control is disabled
[2018.01.10-18.22.36:426][  0]SourceControl: Info Source control is disabled
[2018.01.10-18.22.38:628][  0]LogEngine: Initializing Engine...
[2018.01.10-18.22.38:661][  0]LogHMD: Oculus plugin initialized. Version: 4.15.2-3416026+++UE4+Release-4.15, LibOVR: 1.22.0, SDK: 1.10.0, built May  1 2017, 13:17:57
[2018.01.10-18.22.38:826][  0]LogStats: UGameplayTagsManager::ConstructGameplayTagTree: Construct from data asset -  0.000 s
[2018.01.10-18.22.38:827][  0]LogStats: UGameplayTagsManager::ConstructGameplayTagTree: GameplayTagTreeChangedEvent.Broadcast -  0.000 s
[2018.01.10-18.22.39:059][  0]LogAIModule: Creating AISystem for world Untitled
[2018.01.10-18.22.39:083][  0]LogInit: XAudio2 using 'Speakers (Realtek High Definition Audio)' : 2 channels at 48 kHz using 32 bits per sample (channel mask 0x3)
[2018.01.10-18.22.39:114][  0]LogInit: FAudioDevice initialized.
[2018.01.10-18.22.39:146][  0]LogDerivedDataCache: Saved boot cache 0.03s 50MB C:/Users/Kaitlyn/AppData/Local/UnrealEngine/4.15/DerivedDataCache/Boot.ddc.
[2018.01.10-18.22.39:153][  0]LogInit: Texture streaming: Enabled
[2018.01.10-18.22.39:295][  0]LogEngineSessionManager: EngineSessionManager initialized
[2018.01.10-18.22.39:296][  0]LogEngineSessionManager: EngineSessionManager sent abnormal shutdown report. Type=AbnormalShutdown, SessionId={1BDCD411-4386-8F5E-D0BD-5AB175FA6095}
[2018.01.10-18.22.39:458][  0]LogWindowsTextInputMethodSystem:Display: IME system now deactivated.
[2018.01.10-18.22.39:523][  0]LogInit: Transaction tracking system initialized
[2018.01.10-18.22.40:380][  0]BlueprintLog: New page: Editor Load
[2018.01.10-18.22.42:180][  0]LocalizationService: Info Localization service is disabled
[2018.01.10-18.22.43:718][  0]LogConsoleResponse:Display: 
[2018.01.10-18.22.43:956][  0]LogCook:Display: Max memory allowance for cook 16384mb min free memory 0mb
[2018.01.10-18.22.43:956][  0]LogCook:Display: Mobile HDR setting 1
[2018.01.10-18.22.44:764][  0]LogFileCache: Scanning file cache for directory 'C:/Users/Kaitlyn/Desktop/UIOnlyQuizGame/Content/' took 0.02s
[2018.01.10-18.22.45:823][  0]SourceControl: Info Source control is disabled
[2018.01.10-18.22.45:826][  0]Cmd: MAP LOAD FILE="../../../../../../Users/Kaitlyn/Desktop/UIOnlyQuizGame/Content/StarterContent/Maps/Minimal_Default.umap" TEMPLATE=0 SHOWPROGRESS=1 FEATURELEVEL=3
[2018.01.10-18.22.45:828][  0]LightingResults: New page: Lighting Build
[2018.01.10-18.22.45:892][  0]MapCheck: New page: Map Check
[2018.01.10-18.22.45:892][  0]LightingResults: New page: Lighting Build
[2018.01.10-18.22.46:206][  0]LogAIModule: Creating AISystem for world Minimal_Default
[2018.01.10-18.22.46:240][  0]LogEditorServer: Finished looking for orphan Actors (0.000 secs)
[2018.01.10-18.22.46:242][  0]Cmd: MAP CHECKDEP NOCLEARLOG
[2018.01.10-18.22.46:341][  0]MapCheck: Info Map check complete: 0 Error(s), 0 Warning(s), took 99.302ms to complete.
[2018.01.10-18.22.46:341][  0]LogFileHelpers: Loading map 'Minimal_Default' took 0.517
[2018.01.10-18.22.46:619][  0]LogCollectionManager: Loaded 0 collections in 0.003808 seconds
[2018.01.10-18.22.46:744][  0]LogFileCache: Scanning file cache for directory 'C:/Users/Kaitlyn/Desktop/UIOnlyQuizGame/Saved/Collections/' took 0.01s
[2018.01.10-18.22.46:744][  0]LogFileCache: Scanning file cache for directory 'C:/Users/Kaitlyn/Desktop/UIOnlyQuizGame/Content/Developers/Kaitlyn/Collections/' took 0.01s
[2018.01.10-18.22.46:744][  0]LogFileCache: Scanning file cache for directory 'C:/Users/Kaitlyn/Desktop/UIOnlyQuizGame/Content/Collections/' took 0.01s
[2018.01.10-18.22.46:744][  0]LogCollectionManager: Rebuilt the GUID cache for 0 collections in 0.000002 seconds
[2018.01.10-18.22.46:757][  0]LogContentBrowser: Native class hierarchy populated in 0.0108 seconds. Added 2245 classes and 453 folders.
[2018.01.10-18.22.46:857][  0]LogContentBrowser: Native class hierarchy updated for 'WidgetCarousel' in 0.0007 seconds. Added 0 classes and 0 folders.
[2018.01.10-18.22.46:983][  0]LogContentBrowser: Native class hierarchy updated for 'AddContentDialog' in 0.0005 seconds. Added 0 classes and 0 folders.
[2018.01.10-18.22.47:052][  0]LogContentBrowser: Native class hierarchy updated for 'SceneOutliner' in 0.0005 seconds. Added 1 classes and 2 folders.
[2018.01.10-18.22.47:259][  0]LogCrashTracker: Crashtracker disabled due to settings.
[2018.01.10-18.22.47:275][  0]LogUObjectGlobals:Warning: Failed to find object 'Class None.'
[2018.01.10-18.22.47:383][  0]LogContentBrowser: Native class hierarchy updated for 'HierarchicalLODOutliner' in 0.0009 seconds. Added 1 classes and 2 folders.
[2018.01.10-18.22.47:384][  0]LogLoad: (Engine Initialization) Total time: 29.83 seconds
[2018.01.10-18.22.47:384][  0]LogLoad: (Engine Initialization) Total Blueprint compile time: 0.15 seconds
[2018.01.10-18.22.47:384][  0]LogExternalProfiler: Found external profiler: VSPerf
[2018.01.10-18.22.47:384][  0]LogExternalProfiler: Using external profiler: VSPerf
[2018.01.10-18.22.47:403][  0]LogOcInput: OculusInput pre-init called
[2018.01.10-18.22.47:426][  0]LogOcInput: OculusInput is initialized. Init status 0. Runtime version: 1.22.0
[2018.01.10-18.22.47:456][  0]LogContentStreaming: Texture pool size now 1000 MB
[2018.01.10-18.22.47:459][  0]LogSlate: Took 0.001104 seconds to synchronously load lazily loaded font '../../../Engine/Content/Slate/Fonts/Roboto-Regular.ttf' (155K)
[2018.01.10-18.22.47:465][  0]LogSlate: Took 0.001373 seconds to synchronously load lazily loaded font '../../../Engine/Content/Slate/Fonts/Roboto-Bold.ttf' (160K)
[2018.01.10-18.22.47:476][  0]LogSlate: Took 0.001387 seconds to synchronously load lazily loaded font '../../../Engine/Content/Editor/Slate/Fonts/FontAwesome.ttf' (139K)
[2018.01.10-18.22.47:636][  0]LogSlate: Took 0.001700 seconds to synchronously load lazily loaded font '../../../Engine/Content/Slate/Fonts/Roboto-Light.ttf' (159K)
[2018.01.10-18.22.47:685][  0]LogRenderer: Reallocating scene render targets to support 1192x568 NumSamples 1 (Frame:2).
[2018.01.10-18.22.47:791][  1]LogAssetRegistry: Asset discovery search completed in 17.1775 seconds
[2018.01.10-18.22.47:791][  1]LogCollectionManager: Rebuilt the object cache for 0 collections in 0.000006 seconds (found 0 objects)
[2018.01.10-18.22.47:791][  1]LogCollectionManager: Fixed up redirectors for 0 collections in 0.000037 seconds (updated 0 objects)
[2018.01.10-18.22.48:415][ 36]LogSlate: Took 0.000487 seconds to synchronously load lazily loaded font '../../../Engine/Content/Slate/Fonts/Roboto-Light.ttf' (159K)
[2018.01.10-18.23.37:547][390]LogSlate: Took 0.000365 seconds to synchronously load lazily loaded font '../../../Engine/Content/Slate/Fonts/Roboto-Light.ttf' (159K)
[2018.01.10-18.23.37:615][390]LogAIModule: Creating AISystem for world MainMenu
[2018.01.10-18.23.37:636][390]Cmd: MAP LOAD FILE="../../../../../../Users/Kaitlyn/Desktop/UIOnlyQuizGame/Content/Maps/MainMenu.umap" TEMPLATE=0 SHOWPROGRESS=1 FEATURELEVEL=3
[2018.01.10-18.23.37:637][390]LightingResults: New page: Lighting Build
[2018.01.10-18.23.37:638][390]LoadErrors: New page: Loading map: MainMenu.umap
[2018.01.10-18.23.37:640][390]MapCheck: New page: Map Check
[2018.01.10-18.23.37:640][390]LightingResults: New page: Lighting Build
[2018.01.10-18.23.37:711][390]LogEditorServer: Finished looking for orphan Actors (0.000 secs)
[2018.01.10-18.23.37:729][390]Cmd: MAP CHECKDEP NOCLEARLOG
[2018.01.10-18.23.37:830][390]MapCheck: Info Map check complete: 0 Error(s), 0 Warning(s), took 100.613ms to complete.
[2018.01.10-18.23.37:831][390]LogFileHelpers: Loading map 'MainMenu' took 0.196
[2018.01.10-18.23.39:299][475]LogTemp: Repeting last play command: Selected Viewport
[2018.01.10-18.23.39:309][475]LogBlueprintUserMessages: Early PlayInEditor Detection: Level '/Game/Maps/MainMenu.MainMenu:PersistentLevel' has LevelScriptBlueprint '/Game/Maps/MainMenu.MainMenu:PersistentLevel.MainMenu' with GeneratedClass '/Game/Maps/MainMenu.MainMenu_C' with ClassGeneratedBy '/Game/Maps/MainMenu.MainMenu:PersistentLevel.MainMenu'
[2018.01.10-18.23.39:309][475]LogPlayLevel: PlayLevel: No blueprints needed recompiling
[2018.01.10-18.23.39:309][475]PIE: New page: PIE session: MainMenu (11 Jan 2018 4:23:39 pm)
[2018.01.10-18.23.39:310][475]LogPlayLevel: Creating play world package: /Game/Maps/UEDPIE_0_MainMenu
[2018.01.10-18.23.39:311][475]LogPlayLevel: PIE: StaticDuplicateObject took: (0.001574s)
[2018.01.10-18.23.39:312][475]LogAIModule: Creating AISystem for world MainMenu
[2018.01.10-18.23.39:312][475]LogPlayLevel: PIE: World Init took: (0.000597s)
[2018.01.10-18.23.39:312][475]LogPlayLevel: PIE: Created PIE world by copying editor world from /Game/Maps/MainMenu.MainMenu to /Game/Maps/UEDPIE_0_MainMenu.MainMenu (0.002632s)
[2018.01.10-18.23.39:327][475]LogInit: XAudio2 using 'Speakers (Realtek High Definition Audio)' : 2 channels at 48 kHz using 32 bits per sample (channel mask 0x3)
[2018.01.10-18.23.39:345][475]LogInit: FAudioDevice initialized.
[2018.01.10-18.23.39:399][475]LogLoad: Game class is 'GameModeBase'
[2018.01.10-18.23.39:403][475]LogWorld: Bringing World /Game/Maps/UEDPIE_0_MainMenu.MainMenu up for play (max tick rate 60) at 2018.01.11-05.23.39
[2018.01.10-18.23.39:404][475]LogWorld: Bringing up level for play took: 0.001604
[2018.01.10-18.23.39:475][475]LogContentBrowser: Native class hierarchy updated for 'MovieSceneCapture' in 0.0006 seconds. Added 11 classes and 0 folders.
[2018.01.10-18.23.39:480][475]PIE: Info Play in editor start time for /Game/Maps/UEDPIE_0_MainMenu 1.131
[2018.01.10-18.23.39:481][475]LogBlueprintUserMessages: Late PlayInEditor Detection: Level '/Game/Maps/MainMenu.MainMenu:PersistentLevel' has LevelScriptBlueprint '/Game/Maps/MainMenu.MainMenu:PersistentLevel.MainMenu' with GeneratedClass '/Game/Maps/MainMenu.MainMenu_C' with ClassGeneratedBy '/Game/Maps/MainMenu.MainMenu:PersistentLevel.MainMenu'
[2018.01.10-18.23.40:594][540]LogNet: Browse: /Game/Maps/Sudoku
[2018.01.10-18.23.40:594][540]LogLoadingSplash: Loading begins
[2018.01.10-18.23.40:595][540]LogHMD: FOculusRiftSplash::PushBlackFrame
[2018.01.10-18.23.40:595][540]LogHMD: FOculusRiftSplash::Show
[2018.01.10-18.23.40:595][540]LogLoad: LoadMap: /Game/Maps/Sudoku
[2018.01.10-18.23.40:607][540]Cmd: MEM
[2018.01.10-18.23.40:620][540]LogMemory: Platform Memory Stats for Windows
[2018.01.10-18.23.40:620][540]LogMemory: Process Physical Memory: 963.35 MB used, 1031.40 MB peak
[2018.01.10-18.23.40:620][540]LogMemory: Process Virtual Memory: 1286.44 MB used, 1305.42 MB peak
[2018.01.10-18.23.40:620][540]LogMemory: Physical Memory: 7980.10 MB used,  8296.07 MB free, 16276.17 MB total
[2018.01.10-18.23.40:620][540]LogMemory: Virtual Memory: 2170.86 MB used,  8296.07 MB free, 134217728.00 MB total
[2018.01.10-18.23.40:620][540]LogMemory: 
[2018.01.10-18.23.40:620][540]Allocator Stats for TBB: (not implemented)
[2018.01.10-18.23.40:842][540]LogAIModule: Creating AISystem for world Sudoku
[2018.01.10-18.23.40:843][540]LogLoad: Game class is 'GameModeBase'
[2018.01.10-18.23.40:845][540]LogWorld: Bringing World /Game/Maps/UEDPIE_0_Sudoku.Sudoku up for play (max tick rate 60) at 2018.01.11-05.23.40
[2018.01.10-18.23.40:845][540]LogWorld: Bringing up level for play took: 0.001013
[2018.01.10-18.23.40:845][540]LogGameMode: FindPlayerStart: PATHS NOT DEFINED or NO PLAYERSTART with positive rating
[2018.01.10-18.23.40:849][540]LogLoadingSplash: Loading ends
[2018.01.10-18.23.40:849][540]LogHMD: FOculusRiftSplash::Hide
[2018.01.10-18.23.40:849][540]LogHMD: FOculusRiftSplash::PushBlackFrame
[2018.01.10-18.23.40:849][540]LogLoad: Took 0.254432 seconds to LoadMap(/Game/Maps/Sudoku)
[2018.01.10-18.23.42:075][613]LogBlueprintUserMessages: Early EndPlayMap Detection: Level '/Game/Maps/MainMenu.MainMenu:PersistentLevel' has LevelScriptBlueprint '/Game/Maps/MainMenu.MainMenu:PersistentLevel.MainMenu' with GeneratedClass '/Game/Maps/MainMenu.MainMenu_C' with ClassGeneratedBy '/Game/Maps/MainMenu.MainMenu:PersistentLevel.MainMenu'
[2018.01.10-18.23.42:118][613]LogBlueprintUserMessages: Late EndPlayMap Detection: Level '/Game/Maps/MainMenu.MainMenu:PersistentLevel' has LevelScriptBlueprint '/Game/Maps/MainMenu.MainMenu:PersistentLevel.MainMenu' with GeneratedClass '/Game/Maps/MainMenu.MainMenu_C' with ClassGeneratedBy '/Game/Maps/MainMenu.MainMenu:PersistentLevel.MainMenu'
[2018.01.10-18.23.43:067][666]LogAIModule: Creating AISystem for world Sudoku
[2018.01.10-18.23.43:087][666]Cmd: MAP LOAD FILE="../../../../../../Users/Kaitlyn/Desktop/UIOnlyQuizGame/Content/Maps/Sudoku.umap" TEMPLATE=0 SHOWPROGRESS=1 FEATURELEVEL=3
[2018.01.10-18.23.43:087][666]LightingResults: New page: Lighting Build
[2018.01.10-18.23.43:090][666]LoadErrors: New page: Loading map: Sudoku.umap
[2018.01.10-18.23.43:091][666]MapCheck: New page: Map Check
[2018.01.10-18.23.43:091][666]LightingResults: New page: Lighting Build
[2018.01.10-18.23.43:172][666]LogEditorServer: Finished looking for orphan Actors (0.000 secs)
[2018.01.10-18.23.43:193][666]Cmd: MAP CHECKDEP NOCLEARLOG
[2018.01.10-18.23.43:299][666]MapCheck: Info Map check complete: 0 Error(s), 0 Warning(s), took 104.844ms to complete.
[2018.01.10-18.23.43:300][666]LogFileHelpers: Loading map 'Sudoku' took 0.215
[2018.01.10-18.23.47:342][863]LogContentBrowser: Native class hierarchy updated for 'BlueprintGraph' in 0.0011 seconds. Added 112 classes and 0 folders.
[2018.01.10-18.23.48:143][863]LogSlate: Took 0.001550 seconds to synchronously load lazily loaded font '../../../Engine/Content/Editor/Slate/Fonts/Roboto-BoldCondensed.ttf' (158K)
[2018.01.10-18.24.14:226][393]LogSlate:Warning: Prevented a slow task dialog from being summoned while a context menu was open
[2018.01.10-18.24.16:833][541]BlueprintLog: New page: Compile Sudoku
[2018.01.10-18.24.19:310][681]Cmd: OBJ SAVEPACKAGE PACKAGE="/Game/Maps/Sudoku" FILE="../../../../../../Users/Kaitlyn/Desktop/UIOnlyQuizGame/Content/Maps/Sudoku.umap" SILENT=true AUTOSAVING=false KEEPDIRTY=false
[2018.01.10-18.24.19:443][681]LogSavePackage: Save=94.47ms
[2018.01.10-18.24.19:443][681]LogSavePackage: Moving '../../../../../../Users/Kaitlyn/Desktop/UIOnlyQuizGame/Saved/Sudoku7361B42B46F45CE6C9414A87AEA3213C.tmp' to '../../../../../../Users/Kaitlyn/Desktop/UIOnlyQuizGame/Content/Maps/Sudoku.umap'
[2018.01.10-18.24.19:451][681]LogSavePackage:Display: Finished SavePackage ../../../../../../Users/Kaitlyn/Desktop/UIOnlyQuizGame/Content/Maps/Sudoku.umap
[2018.01.10-18.24.19:994][711]LogTemp: Repeting last play command: Selected Viewport
[2018.01.10-18.24.20:008][711]LogBlueprintUserMessages: Early PlayInEditor Detection: Level '/Game/Maps/Sudoku.Sudoku:PersistentLevel' has LevelScriptBlueprint '/Game/Maps/Sudoku.Sudoku:PersistentLevel.Sudoku' with GeneratedClass '/Game/Maps/Sudoku.Sudoku_C' with ClassGeneratedBy '/Game/Maps/Sudoku.Sudoku:PersistentLevel.Sudoku'
[2018.01.10-18.24.20:008][711]LogPlayLevel: PlayLevel: No blueprints needed recompiling
[2018.01.10-18.24.20:009][711]PIE: New page: PIE session: Sudoku (11 Jan 2018 4:24:20 pm)
[2018.01.10-18.24.20:009][711]LogPlayLevel: Creating play world package: /Game/Maps/UEDPIE_0_Sudoku
[2018.01.10-18.24.20:009][711]LogPlayLevel: PIE: StaticDuplicateObject took: (0.000808s)
[2018.01.10-18.24.20:010][711]LogAIModule: Creating AISystem for world Sudoku
[2018.01.10-18.24.20:010][711]LogPlayLevel: PIE: World Init took: (0.000636s)
[2018.01.10-18.24.20:010][711]LogPlayLevel: PIE: Created PIE world by copying editor world from /Game/Maps/Sudoku.Sudoku to /Game/Maps/UEDPIE_0_Sudoku.Sudoku (0.001718s)
[2018.01.10-18.24.20:030][711]LogInit: XAudio2 using 'Speakers (Realtek High Definition Audio)' : 2 channels at 48 kHz using 32 bits per sample (channel mask 0x3)
[2018.01.10-18.24.20:050][711]LogInit: FAudioDevice initialized.
[2018.01.10-18.24.20:081][711]LogLoad: Game class is 'GameModeBase'
[2018.01.10-18.24.20:083][711]LogWorld: Bringing World /Game/Maps/UEDPIE_0_Sudoku.Sudoku up for play (max tick rate 60) at 2018.01.11-05.24.20
[2018.01.10-18.24.20:083][711]LogWorld: Bringing up level for play took: 0.000807
[2018.01.10-18.24.20:110][711]PIE: Info Play in editor start time for /Game/Maps/UEDPIE_0_Sudoku -0.24
[2018.01.10-18.24.20:110][711]LogBlueprintUserMessages: Late PlayInEditor Detection: Level '/Game/Maps/Sudoku.Sudoku:PersistentLevel' has LevelScriptBlueprint '/Game/Maps/Sudoku.Sudoku:PersistentLevel.Sudoku' with GeneratedClass '/Game/Maps/Sudoku.Sudoku_C' with ClassGeneratedBy '/Game/Maps/Sudoku.Sudoku:PersistentLevel.Sudoku'
[2018.01.10-18.24.21:262][780]LogBlueprintUserMessages: Early EndPlayMap Detection: Level '/Game/Maps/Sudoku.Sudoku:PersistentLevel' has LevelScriptBlueprint '/Game/Maps/Sudoku.Sudoku:PersistentLevel.Sudoku' with GeneratedClass '/Game/Maps/Sudoku.Sudoku_C' with ClassGeneratedBy '/Game/Maps/Sudoku.Sudoku:PersistentLevel.Sudoku'
[2018.01.10-18.24.21:299][780]LogBlueprintUserMessages: Late EndPlayMap Detection: Level '/Game/Maps/Sudoku.Sudoku:PersistentLevel' has LevelScriptBlueprint '/Game/Maps/Sudoku.Sudoku:PersistentLevel.Sudoku' with GeneratedClass '/Game/Maps/Sudoku.Sudoku_C' with ClassGeneratedBy '/Game/Maps/Sudoku.Sudoku:PersistentLevel.Sudoku'
[2018.01.10-18.24.28:269][193]LogAIModule: Creating AISystem for world MainMenu
[2018.01.10-18.24.28:292][193]Cmd: MAP LOAD FILE="../../../../../../Users/Kaitlyn/Desktop/UIOnlyQuizGame/Content/Maps/MainMenu.umap" TEMPLATE=0 SHOWPROGRESS=1 FEATURELEVEL=3
[2018.01.10-18.24.28:292][193]LightingResults: New page: Lighting Build
[2018.01.10-18.24.28:294][193]LoadErrors: New page: Loading map: MainMenu.umap
[2018.01.10-18.24.28:327][193]MapCheck: New page: Map Check
[2018.01.10-18.24.28:327][193]LightingResults: New page: Lighting Build
[2018.01.10-18.24.28:439][193]LogEditorServer: Finished looking for orphan Actors (0.000 secs)
[2018.01.10-18.24.28:456][193]Cmd: MAP CHECKDEP NOCLEARLOG
[2018.01.10-18.24.28:542][193]MapCheck: Info Map check complete: 0 Error(s), 0 Warning(s), took 85.783ms to complete.
[2018.01.10-18.24.28:543][193]LogFileHelpers: Loading map 'MainMenu' took 0.252
[2018.01.10-18.24.30:289][275]LogSlate: Took 0.001444 seconds to synchronously load lazily loaded font '../../../Engine/Content/Editor/Slate/Fonts/Roboto-Italic.ttf' (157K)
[2018.01.10-18.24.35:272][569]LogAIModule: Creating AISystem for world Sudoku
[2018.01.10-18.24.35:294][569]Cmd: MAP LOAD FILE="../../../../../../Users/Kaitlyn/Desktop/UIOnlyQuizGame/Content/Maps/Sudoku.umap" TEMPLATE=0 SHOWPROGRESS=1 FEATURELEVEL=3
[2018.01.10-18.24.35:294][569]LightingResults: New page: Lighting Build
[2018.01.10-18.24.35:296][569]LoadErrors: New page: Loading map: Sudoku.umap
[2018.01.10-18.24.35:296][569]MapCheck: New page: Map Check
[2018.01.10-18.24.35:296][569]LightingResults: New page: Lighting Build
[2018.01.10-18.24.35:434][569]LogEditorServer: Finished looking for orphan Actors (0.000 secs)
[2018.01.10-18.24.35:450][569]Cmd: MAP CHECKDEP NOCLEARLOG
[2018.01.10-18.24.35:544][569]MapCheck: Info Map check complete: 0 Error(s), 0 Warning(s), took 93.632ms to complete.
[2018.01.10-18.24.35:545][569]LogFileHelpers: Loading map 'Sudoku' took 0.252
[2018.01.10-18.24.57:790][871]BlueprintLog: New page: Compile Sudoku
[2018.01.10-18.25.05:893][342]BlueprintLog: New page: Compile Sudoku
[2018.01.10-18.25.07:085][406]Cmd: OBJ SAVEPACKAGE PACKAGE="/Game/Maps/Sudoku" FILE="../../../../../../Users/Kaitlyn/Desktop/UIOnlyQuizGame/Content/Maps/Sudoku.umap" SILENT=true AUTOSAVING=false KEEPDIRTY=false
[2018.01.10-18.25.07:224][406]LogSavePackage: Save=109.30ms
[2018.01.10-18.25.07:224][406]LogSavePackage: Moving '../../../../../../Users/Kaitlyn/Desktop/UIOnlyQuizGame/Saved/SudokuC10AD975405646C394A81EBFACCA5E40.tmp' to '../../../../../../Users/Kaitlyn/Desktop/UIOnlyQuizGame/Content/Maps/Sudoku.umap'
[2018.01.10-18.25.07:230][406]LogSavePackage:Display: Finished SavePackage ../../../../../../Users/Kaitlyn/Desktop/UIOnlyQuizGame/Content/Maps/Sudoku.umap
[2018.01.10-18.25.07:691][432]LogTemp: Repeting last play command: Selected Viewport
[2018.01.10-18.25.07:703][432]LogBlueprintUserMessages: Early PlayInEditor Detection: Level '/Game/Maps/Sudoku.Sudoku:PersistentLevel' has LevelScriptBlueprint '/Game/Maps/Sudoku.Sudoku:PersistentLevel.Sudoku' with GeneratedClass '/Game/Maps/Sudoku.Sudoku_C' with ClassGeneratedBy '/Game/Maps/Sudoku.Sudoku:PersistentLevel.Sudoku'
[2018.01.10-18.25.07:703][432]LogPlayLevel: PlayLevel: No blueprints needed recompiling
[2018.01.10-18.25.07:704][432]PIE: New page: PIE session: Sudoku (11 Jan 2018 4:25:07 pm)
[2018.01.10-18.25.07:704][432]LogPlayLevel: Creating play world package: /Game/Maps/UEDPIE_0_Sudoku
[2018.01.10-18.25.07:704][432]LogPlayLevel: PIE: StaticDuplicateObject took: (0.000825s)
[2018.01.10-18.25.07:705][432]LogAIModule: Creating AISystem for world Sudoku
[2018.01.10-18.25.07:705][432]LogPlayLevel: PIE: World Init took: (0.000765s)
[2018.01.10-18.25.07:705][432]LogPlayLevel: PIE: Created PIE world by copying editor world from /Game/Maps/Sudoku.Sudoku to /Game/Maps/UEDPIE_0_Sudoku.Sudoku (0.001794s)
[2018.01.10-18.25.07:726][432]LogInit: XAudio2 using 'Speakers (Realtek High Definition Audio)' : 2 channels at 48 kHz using 32 bits per sample (channel mask 0x3)
[2018.01.10-18.25.07:741][432]LogInit: FAudioDevice initialized.
[2018.01.10-18.25.07:778][432]LogLoad: Game class is 'GameModeBase'
[2018.01.10-18.25.07:780][432]LogWorld: Bringing World /Game/Maps/UEDPIE_0_Sudoku.Sudoku up for play (max tick rate 60) at 2018.01.11-05.25.07
[2018.01.10-18.25.07:780][432]LogWorld: Bringing up level for play took: 0.001059
[2018.01.10-18.25.07:845][432]PIE: Info Play in editor start time for /Game/Maps/UEDPIE_0_Sudoku -0.505
[2018.01.10-18.25.07:845][432]LogBlueprintUserMessages: Late PlayInEditor Detection: Level '/Game/Maps/Sudoku.Sudoku:PersistentLevel' has LevelScriptBlueprint '/Game/Maps/Sudoku.Sudoku:PersistentLevel.Sudoku' with GeneratedClass '/Game/Maps/Sudoku.Sudoku_C' with ClassGeneratedBy '/Game/Maps/Sudoku.Sudoku:PersistentLevel.Sudoku'
[2018.01.10-18.25.09:121][508]LogBlueprintUserMessages: Early EndPlayMap Detection: Level '/Game/Maps/Sudoku.Sudoku:PersistentLevel' has LevelScriptBlueprint '/Game/Maps/Sudoku.Sudoku:PersistentLevel.Sudoku' with GeneratedClass '/Game/Maps/Sudoku.Sudoku_C' with ClassGeneratedBy '/Game/Maps/Sudoku.Sudoku:PersistentLevel.Sudoku'
[2018.01.10-18.25.09:162][508]LogBlueprintUserMessages: Late EndPlayMap Detection: Level '/Game/Maps/Sudoku.Sudoku:PersistentLevel' has LevelScriptBlueprint '/Game/Maps/Sudoku.Sudoku:PersistentLevel.Sudoku' with GeneratedClass '/Game/Maps/Sudoku.Sudoku_C' with ClassGeneratedBy '/Game/Maps/Sudoku.Sudoku:PersistentLevel.Sudoku'
[2018.01.10-18.26.08:393][454]LogTemp: Repeting last play command: Selected Viewport
[2018.01.10-18.26.08:404][454]LogBlueprintUserMessages: Early PlayInEditor Detection: Level '/Game/Maps/Sudoku.Sudoku:PersistentLevel' has LevelScriptBlueprint '/Game/Maps/Sudoku.Sudoku:PersistentLevel.Sudoku' with GeneratedClass '/Game/Maps/Sudoku.Sudoku_C' with ClassGeneratedBy '/Game/Maps/Sudoku.Sudoku:PersistentLevel.Sudoku'
[2018.01.10-18.26.08:404][454]LogPlayLevel: PlayLevel: No blueprints needed recompiling
[2018.01.10-18.26.08:404][454]PIE: New page: PIE session: Sudoku (11 Jan 2018 4:26:08 pm)
[2018.01.10-18.26.08:404][454]LogPlayLevel: Creating play world package: /Game/Maps/UEDPIE_0_Sudoku
[2018.01.10-18.26.08:406][454]LogPlayLevel: PIE: StaticDuplicateObject took: (0.001240s)
[2018.01.10-18.26.08:406][454]LogAIModule: Creating AISystem for world Sudoku
[2018.01.10-18.26.08:407][454]LogPlayLevel: PIE: World Init took: (0.000787s)
[2018.01.10-18.26.08:407][454]LogPlayLevel: PIE: Created PIE world by copying editor world from /Game/Maps/Sudoku.Sudoku to /Game/Maps/UEDPIE_0_Sudoku.Sudoku (0.002288s)
[2018.01.10-18.26.08:426][454]LogInit: XAudio2 using 'Speakers (Realtek High Definition Audio)' : 2 channels at 48 kHz using 32 bits per sample (channel mask 0x3)
[2018.01.10-18.26.08:442][454]LogInit: FAudioDevice initialized.
[2018.01.10-18.26.08:477][454]LogLoad: Game class is 'GameModeBase'
[2018.01.10-18.26.08:479][454]LogWorld: Bringing World /Game/Maps/UEDPIE_0_Sudoku.Sudoku up for play (max tick rate 60) at 2018.01.11-05.26.08
[2018.01.10-18.26.08:479][454]LogWorld: Bringing up level for play took: 0.000835
[2018.01.10-18.26.08:540][454]PIE: Info Play in editor start time for /Game/Maps/UEDPIE_0_Sudoku 0.19
[2018.01.10-18.26.08:540][454]LogBlueprintUserMessages: Late PlayInEditor Detection: Level '/Game/Maps/Sudoku.Sudoku:PersistentLevel' has LevelScriptBlueprint '/Game/Maps/Sudoku.Sudoku:PersistentLevel.Sudoku' with GeneratedClass '/Game/Maps/Sudoku.Sudoku_C' with ClassGeneratedBy '/Game/Maps/Sudoku.Sudoku:PersistentLevel.Sudoku'
[2018.01.10-18.26.19:988][135]LogBlueprintUserMessages: Early EndPlayMap Detection: Level '/Game/Maps/Sudoku.Sudoku:PersistentLevel' has LevelScriptBlueprint '/Game/Maps/Sudoku.Sudoku:PersistentLevel.Sudoku' with GeneratedClass '/Game/Maps/Sudoku.Sudoku_C' with ClassGeneratedBy '/Game/Maps/Sudoku.Sudoku:PersistentLevel.Sudoku'
[2018.01.10-18.26.20:023][135]LogBlueprintUserMessages: Late EndPlayMap Detection: Level '/Game/Maps/Sudoku.Sudoku:PersistentLevel' has LevelScriptBlueprint '/Game/Maps/Sudoku.Sudoku:PersistentLevel.Sudoku' with GeneratedClass '/Game/Maps/Sudoku.Sudoku_C' with ClassGeneratedBy '/Game/Maps/Sudoku.Sudoku:PersistentLevel.Sudoku'
[2018.01.10-18.26.36:986][142]LogAIModule: Creating AISystem for world MainMenu
[2018.01.10-18.26.37:008][142]Cmd: MAP LOAD FILE="../../../../../../Users/Kaitlyn/Desktop/UIOnlyQuizGame/Content/Maps/MainMenu.umap" TEMPLATE=0 SHOWPROGRESS=1 FEATURELEVEL=3
[2018.01.10-18.26.37:008][142]LightingResults: New page: Lighting Build
[2018.01.10-18.26.37:009][142]LoadErrors: New page: Loading map: MainMenu.umap
[2018.01.10-18.26.37:010][142]MapCheck: New page: Map Check
[2018.01.10-18.26.37:010][142]LightingResults: New page: Lighting Build
[2018.01.10-18.26.37:155][142]LogEditorServer: Finished looking for orphan Actors (0.000 secs)
[2018.01.10-18.26.37:173][142]Cmd: MAP CHECKDEP NOCLEARLOG
[2018.01.10-18.26.37:271][142]MapCheck: Info Map check complete: 0 Error(s), 0 Warning(s), took 97.974ms to complete.
[2018.01.10-18.26.37:272][142]LogFileHelpers: Loading map 'MainMenu' took 0.266
[2018.01.10-18.26.38:260][199]LogTemp: Repeting last play command: Selected Viewport
[2018.01.10-18.26.38:273][199]LogBlueprintUserMessages: Early PlayInEditor Detection: Level '/Game/Maps/MainMenu.MainMenu:PersistentLevel' has LevelScriptBlueprint '/Game/Maps/MainMenu.MainMenu:PersistentLevel.MainMenu' with GeneratedClass '/Game/Maps/MainMenu.MainMenu_C' with ClassGeneratedBy '/Game/Maps/MainMenu.MainMenu:PersistentLevel.MainMenu'
[2018.01.10-18.26.38:273][199]LogPlayLevel: PlayLevel: No blueprints needed recompiling
[2018.01.10-18.26.38:273][199]PIE: New page: PIE session: MainMenu (11 Jan 2018 4:26:38 pm)
[2018.01.10-18.26.38:273][199]LogPlayLevel: Creating play world package: /Game/Maps/UEDPIE_0_MainMenu
[2018.01.10-18.26.38:274][199]LogPlayLevel: PIE: StaticDuplicateObject took: (0.000945s)
[2018.01.10-18.26.38:274][199]LogAIModule: Creating AISystem for world MainMenu
[2018.01.10-18.26.38:275][199]LogPlayLevel: PIE: World Init took: (0.000694s)
[2018.01.10-18.26.38:275][199]LogPlayLevel: PIE: Created PIE world by copying editor world from /Game/Maps/MainMenu.MainMenu to /Game/Maps/UEDPIE_0_MainMenu.MainMenu (0.001888s)
[2018.01.10-18.26.38:297][199]LogInit: XAudio2 using 'Speakers (Realtek High Definition Audio)' : 2 channels at 48 kHz using 32 bits per sample (channel mask 0x3)
[2018.01.10-18.26.38:312][199]LogInit: FAudioDevice initialized.
[2018.01.10-18.26.38:345][199]LogLoad: Game class is 'GameModeBase'
[2018.01.10-18.26.38:348][199]LogWorld: Bringing World /Game/Maps/UEDPIE_0_MainMenu.MainMenu up for play (max tick rate 60) at 2018.01.11-05.26.38
[2018.01.10-18.26.38:349][199]LogWorld: Bringing up level for play took: 0.001965
[2018.01.10-18.26.38:352][199]PIE: Info Play in editor start time for /Game/Maps/UEDPIE_0_MainMenu 0.002
[2018.01.10-18.26.38:352][199]LogBlueprintUserMessages: Late PlayInEditor Detection: Level '/Game/Maps/MainMenu.MainMenu:PersistentLevel' has LevelScriptBlueprint '/Game/Maps/MainMenu.MainMenu:PersistentLevel.MainMenu' with GeneratedClass '/Game/Maps/MainMenu.MainMenu_C' with ClassGeneratedBy '/Game/Maps/MainMenu.MainMenu:PersistentLevel.MainMenu'
[2018.01.10-18.26.52:889][ 71]LogNet: Browse: /Game/Maps/Sudoku
[2018.01.10-18.26.52:889][ 71]LogLoadingSplash: Loading begins
[2018.01.10-18.26.52:889][ 71]LogHMD: FOculusRiftSplash::PushBlackFrame
[2018.01.10-18.26.52:889][ 71]LogHMD: FOculusRiftSplash::Show
[2018.01.10-18.26.52:889][ 71]LogLoad: LoadMap: /Game/Maps/Sudoku
[2018.01.10-18.26.52:903][ 71]Cmd: MEM
[2018.01.10-18.26.52:918][ 71]LogMemory: Platform Memory Stats for Windows
[2018.01.10-18.26.52:918][ 71]LogMemory: Process Physical Memory: 1141.04 MB used, 1152.54 MB peak
[2018.01.10-18.26.52:918][ 71]LogMemory: Process Virtual Memory: 1442.89 MB used, 1509.23 MB peak
[2018.01.10-18.26.52:918][ 71]LogMemory: Physical Memory: 8245.67 MB used,  8030.50 MB free, 16276.17 MB total
[2018.01.10-18.26.52:918][ 71]LogMemory: Virtual Memory: 2378.79 MB used,  8030.50 MB free, 134217728.00 MB total
[2018.01.10-18.26.52:918][ 71]LogMemory: 
[2018.01.10-18.26.52:918][ 71]Allocator Stats for TBB: (not implemented)
[2018.01.10-18.26.52:933][ 71]LogAIModule: Creating AISystem for world Sudoku
[2018.01.10-18.26.52:934][ 71]LogLoad: Game class is 'GameModeBase'
[2018.01.10-18.26.52:936][ 71]LogWorld: Bringing World /Game/Maps/UEDPIE_0_Sudoku.Sudoku up for play (max tick rate 60) at 2018.01.11-05.26.52
[2018.01.10-18.26.52:937][ 71]LogWorld: Bringing up level for play took: 0.000969
[2018.01.10-18.26.52:937][ 71]LogGameMode: FindPlayerStart: PATHS NOT DEFINED or NO PLAYERSTART with positive rating
[2018.01.10-18.26.52:998][ 71]LogLoadingSplash: Loading ends
[2018.01.10-18.26.52:998][ 71]LogHMD: FOculusRiftSplash::Hide
[2018.01.10-18.26.52:998][ 71]LogHMD: FOculusRiftSplash::PushBlackFrame
[2018.01.10-18.26.52:998][ 71]LogLoad: Took 0.108599 seconds to LoadMap(/Game/Maps/Sudoku)
[2018.01.10-18.26.56:531][280]LogBlueprintUserMessages: Early EndPlayMap Detection: Level '/Game/Maps/MainMenu.MainMenu:PersistentLevel' has LevelScriptBlueprint '/Game/Maps/MainMenu.MainMenu:PersistentLevel.MainMenu' with GeneratedClass '/Game/Maps/MainMenu.MainMenu_C' with ClassGeneratedBy '/Game/Maps/MainMenu.MainMenu:PersistentLevel.MainMenu'
[2018.01.10-18.26.56:569][280]LogBlueprintUserMessages: Late EndPlayMap Detection: Level '/Game/Maps/MainMenu.MainMenu:PersistentLevel' has LevelScriptBlueprint '/Game/Maps/MainMenu.MainMenu:PersistentLevel.MainMenu' with GeneratedClass '/Game/Maps/MainMenu.MainMenu_C' with ClassGeneratedBy '/Game/Maps/MainMenu.MainMenu:PersistentLevel.MainMenu'
[2018.01.10-18.32.30:522][197]LogTemp: Repeting last play command: Selected Viewport
[2018.01.10-18.32.30:532][197]LogBlueprintUserMessages: Early PlayInEditor Detection: Level '/Game/Maps/MainMenu.MainMenu:PersistentLevel' has LevelScriptBlueprint '/Game/Maps/MainMenu.MainMenu:PersistentLevel.MainMenu' with GeneratedClass '/Game/Maps/MainMenu.MainMenu_C' with ClassGeneratedBy '/Game/Maps/MainMenu.MainMenu:PersistentLevel.MainMenu'
[2018.01.10-18.32.30:532][197]LogPlayLevel: PlayLevel: No blueprints needed recompiling
[2018.01.10-18.32.30:532][197]PIE: New page: PIE session: MainMenu (11 Jan 2018 4:32:30 pm)
[2018.01.10-18.32.30:532][197]LogPlayLevel: Creating play world package: /Game/Maps/UEDPIE_0_MainMenu
[2018.01.10-18.32.30:534][197]LogPlayLevel: PIE: StaticDuplicateObject took: (0.001647s)
[2018.01.10-18.32.30:534][197]LogAIModule: Creating AISystem for world MainMenu
[2018.01.10-18.32.30:534][197]LogPlayLevel: PIE: World Init took: (0.000871s)
[2018.01.10-18.32.30:535][197]LogPlayLevel: PIE: Created PIE world by copying editor world from /Game/Maps/MainMenu.MainMenu to /Game/Maps/UEDPIE_0_MainMenu.MainMenu (0.002841s)
[2018.01.10-18.32.30:564][197]LogInit: XAudio2 using 'Speakers (Realtek High Definition Audio)' : 2 channels at 48 kHz using 32 bits per sample (channel mask 0x3)
[2018.01.10-18.32.30:582][197]LogInit: FAudioDevice initialized.
[2018.01.10-18.32.30:618][197]LogLoad: Game class is 'GameModeBase'
[2018.01.10-18.32.30:620][197]LogWorld: Bringing World /Game/Maps/UEDPIE_0_MainMenu.MainMenu up for play (max tick rate 60) at 2018.01.11-05.32.30
[2018.01.10-18.32.30:620][197]LogWorld: Bringing up level for play took: 0.001016
[2018.01.10-18.32.30:622][197]PIE: Info Play in editor start time for /Game/Maps/UEDPIE_0_MainMenu 0.272
[2018.01.10-18.32.30:622][197]LogBlueprintUserMessages: Late PlayInEditor Detection: Level '/Game/Maps/MainMenu.MainMenu:PersistentLevel' has LevelScriptBlueprint '/Game/Maps/MainMenu.MainMenu:PersistentLevel.MainMenu' with GeneratedClass '/Game/Maps/MainMenu.MainMenu_C' with ClassGeneratedBy '/Game/Maps/MainMenu.MainMenu:PersistentLevel.MainMenu'
[2018.01.10-18.32.31:610][256]LogNet: Browse: /Game/Maps/Sudoku
[2018.01.10-18.32.31:610][256]LogLoadingSplash: Loading begins
[2018.01.10-18.32.31:610][256]LogHMD: FOculusRiftSplash::PushBlackFrame
[2018.01.10-18.32.31:610][256]LogHMD: FOculusRiftSplash::Show
[2018.01.10-18.32.31:610][256]LogLoad: LoadMap: /Game/Maps/Sudoku
[2018.01.10-18.32.31:626][256]Cmd: MEM
[2018.01.10-18.32.31:642][256]LogMemory: Platform Memory Stats for Windows
[2018.01.10-18.32.31:642][256]LogMemory: Process Physical Memory: 1142.57 MB used, 1152.54 MB peak
[2018.01.10-18.32.31:642][256]LogMemory: Process Virtual Memory: 1447.25 MB used, 1509.23 MB peak
[2018.01.10-18.32.31:642][256]LogMemory: Physical Memory: 7619.01 MB used,  8657.16 MB free, 16276.17 MB total
[2018.01.10-18.32.31:642][256]LogMemory: Virtual Memory: 2371.67 MB used,  8657.16 MB free, 134217728.00 MB total
[2018.01.10-18.32.31:642][256]LogMemory: 
[2018.01.10-18.32.31:642][256]Allocator Stats for TBB: (not implemented)
[2018.01.10-18.32.31:668][256]LogAIModule: Creating AISystem for world Sudoku
[2018.01.10-18.32.31:669][256]LogLoad: Game class is 'GameModeBase'
[2018.01.10-18.32.31:671][256]LogWorld: Bringing World /Game/Maps/UEDPIE_0_Sudoku.Sudoku up for play (max tick rate 60) at 2018.01.11-05.32.31
[2018.01.10-18.32.31:671][256]LogWorld: Bringing up level for play took: 0.001184
[2018.01.10-18.32.31:671][256]LogGameMode: FindPlayerStart: PATHS NOT DEFINED or NO PLAYERSTART with positive rating
[2018.01.10-18.32.31:736][256]LogLoadingSplash: Loading ends
[2018.01.10-18.32.31:736][256]LogHMD: FOculusRiftSplash::Hide
[2018.01.10-18.32.31:736][256]LogHMD: FOculusRiftSplash::PushBlackFrame
[2018.01.10-18.32.31:736][256]LogLoad: Took 0.125665 seconds to LoadMap(/Game/Maps/Sudoku)
[2018.01.10-18.32.39:172][698]LogBlueprintUserMessages: Early EndPlayMap Detection: Level '/Game/Maps/MainMenu.MainMenu:PersistentLevel' has LevelScriptBlueprint '/Game/Maps/MainMenu.MainMenu:PersistentLevel.MainMenu' with GeneratedClass '/Game/Maps/MainMenu.MainMenu_C' with ClassGeneratedBy '/Game/Maps/MainMenu.MainMenu:PersistentLevel.MainMenu'
[2018.01.10-18.32.39:207][698]LogBlueprintUserMessages: Late EndPlayMap Detection: Level '/Game/Maps/MainMenu.MainMenu:PersistentLevel' has LevelScriptBlueprint '/Game/Maps/MainMenu.MainMenu:PersistentLevel.MainMenu' with GeneratedClass '/Game/Maps/MainMenu.MainMenu_C' with ClassGeneratedBy '/Game/Maps/MainMenu.MainMenu:PersistentLevel.MainMenu'
[2018.01.10-18.32.42:690][901]LogAIModule: Creating AISystem for world Sudoku
[2018.01.10-18.32.42:711][901]Cmd: MAP LOAD FILE="../../../../../../Users/Kaitlyn/Desktop/UIOnlyQuizGame/Content/Maps/Sudoku.umap" TEMPLATE=0 SHOWPROGRESS=1 FEATURELEVEL=3
[2018.01.10-18.32.42:711][901]LightingResults: New page: Lighting Build
[2018.01.10-18.32.42:713][901]LoadErrors: New page: Loading map: Sudoku.umap
[2018.01.10-18.32.42:713][901]MapCheck: New page: Map Check
[2018.01.10-18.32.42:713][901]LightingResults: New page: Lighting Build
[2018.01.10-18.32.42:894][901]LogEditorServer: Finished looking for orphan Actors (0.000 secs)
[2018.01.10-18.32.42:912][901]Cmd: MAP CHECKDEP NOCLEARLOG
[2018.01.10-18.32.42:995][901]MapCheck: Info Map check complete: 0 Error(s), 0 Warning(s), took 82.937ms to complete.
[2018.01.10-18.32.42:995][901]LogFileHelpers: Loading map 'Sudoku' took 0.285
[2018.01.10-18.35.07:462][428]BlueprintLog: New page: Compile SingleGridWidget
[2018.01.10-18.35.08:013][443]Cmd: OBJ SAVEPACKAGE PACKAGE="/Game/Blueprints/SingleGridWidget" FILE="../../../../../../Users/Kaitlyn/Desktop/UIOnlyQuizGame/Content/Blueprints/SingleGridWidget.uasset" SILENT=true
[2018.01.10-18.35.08:041][443]LogSavePackage: Save=16.07ms
[2018.01.10-18.35.08:041][443]LogSavePackage: Moving '../../../../../../Users/Kaitlyn/Desktop/UIOnlyQuizGame/Saved/SingleGridWidget89A891344E0C704E57AB9C8F29CBADDF.tmp' to '../../../../../../Users/Kaitlyn/Desktop/UIOnlyQuizGame/Content/Blueprints/SingleGridWidget.uasset'
[2018.01.10-18.35.08:049][443]LogSavePackage:Display: Finished SavePackage ../../../../../../Users/Kaitlyn/Desktop/UIOnlyQuizGame/Content/Blueprints/SingleGridWidget.uasset
[2018.01.10-18.35.09:371][521]LogTemp: Repeting last play command: Selected Viewport
[2018.01.10-18.35.09:394][521]LogBlueprintUserMessages: Early PlayInEditor Detection: Level '/Game/Maps/Sudoku.Sudoku:PersistentLevel' has LevelScriptBlueprint '/Game/Maps/Sudoku.Sudoku:PersistentLevel.Sudoku' with GeneratedClass '/Game/Maps/Sudoku.Sudoku_C' with ClassGeneratedBy '/Game/Maps/Sudoku.Sudoku:PersistentLevel.Sudoku'
[2018.01.10-18.35.09:394][521]LogPlayLevel: PlayLevel: No blueprints needed recompiling
[2018.01.10-18.35.09:394][521]PIE: New page: PIE session: Sudoku (11 Jan 2018 4:35:09 pm)
[2018.01.10-18.35.09:394][521]LogPlayLevel: Creating play world package: /Game/Maps/UEDPIE_0_Sudoku
[2018.01.10-18.35.09:395][521]LogPlayLevel: PIE: StaticDuplicateObject took: (0.001116s)
[2018.01.10-18.35.09:396][521]LogAIModule: Creating AISystem for world Sudoku
[2018.01.10-18.35.09:396][521]LogPlayLevel: PIE: World Init took: (0.000975s)
[2018.01.10-18.35.09:397][521]LogPlayLevel: PIE: Created PIE world by copying editor world from /Game/Maps/Sudoku.Sudoku to /Game/Maps/UEDPIE_0_Sudoku.Sudoku (0.002357s)
[2018.01.10-18.35.09:420][521]LogInit: XAudio2 using 'Speakers (Realtek High Definition Audio)' : 2 channels at 48 kHz using 32 bits per sample (channel mask 0x3)
[2018.01.10-18.35.09:438][521]LogInit: FAudioDevice initialized.
[2018.01.10-18.35.09:475][521]LogLoad: Game class is 'GameModeBase'
[2018.01.10-18.35.09:477][521]LogWorld: Bringing World /Game/Maps/UEDPIE_0_Sudoku.Sudoku up for play (max tick rate 60) at 2018.01.11-05.35.09
[2018.01.10-18.35.09:477][521]LogWorld: Bringing up level for play took: 0.001182
[2018.01.10-18.35.09:546][521]PIE: Info Play in editor start time for /Game/Maps/UEDPIE_0_Sudoku -0.804
[2018.01.10-18.35.09:546][521]LogBlueprintUserMessages: Late PlayInEditor Detection: Level '/Game/Maps/Sudoku.Sudoku:PersistentLevel' has LevelScriptBlueprint '/Game/Maps/Sudoku.Sudoku:PersistentLevel.Sudoku' with GeneratedClass '/Game/Maps/Sudoku.Sudoku_C' with ClassGeneratedBy '/Game/Maps/Sudoku.Sudoku:PersistentLevel.Sudoku'
[2018.01.10-18.35.17:038][964]LogBlueprintUserMessages: Early EndPlayMap Detection: Level '/Game/Maps/Sudoku.Sudoku:PersistentLevel' has LevelScriptBlueprint '/Game/Maps/Sudoku.Sudoku:PersistentLevel.Sudoku' with GeneratedClass '/Game/Maps/Sudoku.Sudoku_C' with ClassGeneratedBy '/Game/Maps/Sudoku.Sudoku:PersistentLevel.Sudoku'
[2018.01.10-18.35.17:074][964]LogBlueprintUserMessages: Late EndPlayMap Detection: Level '/Game/Maps/Sudoku.Sudoku:PersistentLevel' has LevelScriptBlueprint '/Game/Maps/Sudoku.Sudoku:PersistentLevel.Sudoku' with GeneratedClass '/Game/Maps/Sudoku.Sudoku_C' with ClassGeneratedBy '/Game/Maps/Sudoku.Sudoku:PersistentLevel.Sudoku'
[2018.01.10-18.35.32:174][860]BlueprintLog: New page: Compile SingleGridWidget
[2018.01.10-18.35.32:800][884]Cmd: OBJ SAVEPACKAGE PACKAGE="/Game/Blueprints/SingleGridWidget" FILE="../../../../../../Users/Kaitlyn/Desktop/UIOnlyQuizGame/Content/Blueprints/SingleGridWidget.uasset" SILENT=true
[2018.01.10-18.35.32:823][884]LogSavePackage: Save=13.96ms
[2018.01.10-18.35.32:823][884]LogSavePackage: Moving '../../../../../../Users/Kaitlyn/Desktop/UIOnlyQuizGame/Saved/SingleGridWidgetDFA6AAC24C888D3CBA2FF785ED03FF34.tmp' to '../../../../../../Users/Kaitlyn/Desktop/UIOnlyQuizGame/Content/Blueprints/SingleGridWidget.uasset'
[2018.01.10-18.35.32:830][884]LogSavePackage:Display: Finished SavePackage ../../../../../../Users/Kaitlyn/Desktop/UIOnlyQuizGame/Content/Blueprints/SingleGridWidget.uasset
[2018.01.10-18.35.34:536][983]BlueprintLog: New page: Compile SingleGridWidget
[2018.01.10-18.35.35:039][  0]Cmd: OBJ SAVEPACKAGE PACKAGE="/Game/Blueprints/SingleGridWidget" FILE="../../../../../../Users/Kaitlyn/Desktop/UIOnlyQuizGame/Content/Blueprints/SingleGridWidget.uasset" SILENT=true
[2018.01.10-18.35.35:061][  0]LogSavePackage: Save=14.09ms
[2018.01.10-18.35.35:061][  0]LogSavePackage: Moving '../../../../../../Users/Kaitlyn/Desktop/UIOnlyQuizGame/Saved/SingleGridWidget436F1023469D0768923418BAF30AEFC6.tmp' to '../../../../../../Users/Kaitlyn/Desktop/UIOnlyQuizGame/Content/Blueprints/SingleGridWidget.uasset'
[2018.01.10-18.35.35:068][  0]LogSavePackage:Display: Finished SavePackage ../../../../../../Users/Kaitlyn/Desktop/UIOnlyQuizGame/Content/Blueprints/SingleGridWidget.uasset
[2018.01.10-18.38.31:957][697]LogBlueprint:Warning: [Compiler ] Warning Pasted node  CustomEvent   conflicted with  SetGridSolutionValue  and was replaced as a Custom Event!
[2018.01.10-18.38.31:971][697]BlueprintEditorCompileResults:Warning: Warning Pasted node  CustomEvent   conflicted with  SetGridSolutionValue  and was replaced as a Custom Event!
[2018.01.10-18.39.06:824][769]BlueprintLog: New page: Compile SingleGridWidget
[2018.01.10-18.39.07:255][780]Cmd: OBJ SAVEPACKAGE PACKAGE="/Game/Blueprints/SingleGridWidget" FILE="../../../../../../Users/Kaitlyn/Desktop/UIOnlyQuizGame/Content/Blueprints/SingleGridWidget.uasset" SILENT=true
[2018.01.10-18.39.07:280][780]LogSavePackage: Save=15.27ms
[2018.01.10-18.39.07:280][780]LogSavePackage: Moving '../../../../../../Users/Kaitlyn/Desktop/UIOnlyQuizGame/Saved/SingleGridWidget3488B6AC4013C41F6A77F7A439F613D4.tmp' to '../../../../../../Users/Kaitlyn/Desktop/UIOnlyQuizGame/Content/Blueprints/SingleGridWidget.uasset'
[2018.01.10-18.39.07:296][780]LogSavePackage:Display: Finished SavePackage ../../../../../../Users/Kaitlyn/Desktop/UIOnlyQuizGame/Content/Blueprints/SingleGridWidget.uasset
[2018.01.10-18.39.38:537][647]BlueprintLog: New page: Compile SingleGridWidget
[2018.01.10-18.39.39:135][669]Cmd: OBJ SAVEPACKAGE PACKAGE="/Game/Blueprints/SingleGridWidget" FILE="../../../../../../Users/Kaitlyn/Desktop/UIOnlyQuizGame/Content/Blueprints/SingleGridWidget.uasset" SILENT=true
[2018.01.10-18.39.39:157][669]LogSavePackage: Save=14.09ms
[2018.01.10-18.39.39:158][669]LogSavePackage: Moving '../../../../../../Users/Kaitlyn/Desktop/UIOnlyQuizGame/Saved/SingleGridWidget70A3E18340806FAC90D84AAC4DA89B7C.tmp' to '../../../../../../Users/Kaitlyn/Desktop/UIOnlyQuizGame/Content/Blueprints/SingleGridWidget.uasset'
[2018.01.10-18.39.39:165][669]LogSavePackage:Display: Finished SavePackage ../../../../../../Users/Kaitlyn/Desktop/UIOnlyQuizGame/Content/Blueprints/SingleGridWidget.uasset
[2018.01.10-18.39.50:134][315]BlueprintLog: New page: Compile SingleGridWidget
[2018.01.10-18.39.50:643][337]Cmd: OBJ SAVEPACKAGE PACKAGE="/Game/Blueprints/SingleGridWidget" FILE="../../../../../../Users/Kaitlyn/Desktop/UIOnlyQuizGame/Content/Blueprints/SingleGridWidget.uasset" SILENT=true
[2018.01.10-18.39.50:668][337]LogSavePackage: Save=16.80ms
[2018.01.10-18.39.50:668][337]LogSavePackage: Moving '../../../../../../Users/Kaitlyn/Desktop/UIOnlyQuizGame/Saved/SingleGridWidget2342D94C43F27CB2B1FE1F99A32770F4.tmp' to '../../../../../../Users/Kaitlyn/Desktop/UIOnlyQuizGame/Content/Blueprints/SingleGridWidget.uasset'
[2018.01.10-18.39.50:675][337]LogSavePackage:Display: Finished SavePackage ../../../../../../Users/Kaitlyn/Desktop/UIOnlyQuizGame/Content/Blueprints/SingleGridWidget.uasset
[2018.01.10-18.39.56:515][685]BlueprintLog: New page: Compile SingleGridWidget
[2018.01.10-18.39.57:143][709]Cmd: OBJ SAVEPACKAGE PACKAGE="/Game/Blueprints/SingleGridWidget" FILE="../../../../../../Users/Kaitlyn/Desktop/UIOnlyQuizGame/Content/Blueprints/SingleGridWidget.uasset" SILENT=true
[2018.01.10-18.39.57:169][709]LogSavePackage: Save=16.42ms
[2018.01.10-18.39.57:169][709]LogSavePackage: Moving '../../../../../../Users/Kaitlyn/Desktop/UIOnlyQuizGame/Saved/SingleGridWidget82E35ED84976AF264BDBEB9491C27825.tmp' to '../../../../../../Users/Kaitlyn/Desktop/UIOnlyQuizGame/Content/Blueprints/SingleGridWidget.uasset'
[2018.01.10-18.39.57:175][709]LogSavePackage:Display: Finished SavePackage ../../../../../../Users/Kaitlyn/Desktop/UIOnlyQuizGame/Content/Blueprints/SingleGridWidget.uasset
[2018.01.10-18.40.25:766][881]BlueprintLog: New page: Compile SingleGridWidget
[2018.01.10-18.40.26:185][891]Cmd: OBJ SAVEPACKAGE PACKAGE="/Game/Blueprints/SingleGridWidget" FILE="../../../../../../Users/Kaitlyn/Desktop/UIOnlyQuizGame/Content/Blueprints/SingleGridWidget.uasset" SILENT=true
[2018.01.10-18.40.26:214][891]LogSavePackage: Save=16.55ms
[2018.01.10-18.40.26:214][891]LogSavePackage: Moving '../../../../../../Users/Kaitlyn/Desktop/UIOnlyQuizGame/Saved/SingleGridWidgetC70DDDA14606BEB99BB3EC925998B8E0.tmp' to '../../../../../../Users/Kaitlyn/Desktop/UIOnlyQuizGame/Content/Blueprints/SingleGridWidget.uasset'
[2018.01.10-18.40.26:221][891]LogSavePackage:Display: Finished SavePackage ../../../../../../Users/Kaitlyn/Desktop/UIOnlyQuizGame/Content/Blueprints/SingleGridWidget.uasset
[2018.01.10-18.42.45:915][621]Cmd: QUIT_EDITOR
[2018.01.10-18.42.46:957][621]LogWindowsTextInputMethodSystem:Display: IME system now deactivated.
[2018.01.10-18.42.46:995][621]LogExit: Preparing to exit.
[2018.01.10-18.42.47:505][621]LogDirectoryWatcher: A directory notification for 'C:/Users/Kaitlyn/Desktop/UIOnlyQuizGame/Content/' was aborted.
[2018.01.10-18.42.47:541][621]LogExit: Editor shut down
[2018.01.10-18.42.47:541][621]LogExit: Transaction tracking system shut down
[2018.01.10-18.42.47:678][621]LogObj: Freed 0b from 0 cluster array pools.
[2018.01.10-18.42.47:678][621]LogExit: Object subsystem successfully closed.
[2018.01.10-18.42.47:696][621]LogD3D11RHI: Shutdown
[2018.01.10-18.42.47:696][621]LogD3D11RHI: CleanupD3DDevice
[2018.01.10-18.42.47:773][621]LogD3D11RHI: ~FD3D11DynamicRHI
[2018.01.10-18.42.47:820][621]LogModuleManager: Shutting down and abandoning module SequencerWidgets (506)
[2018.01.10-18.42.47:820][621]LogModuleManager: Shutting down and abandoning module BlueprintGraph (504)
[2018.01.10-18.42.47:820][621]LogModuleManager: Shutting down and abandoning module BlueprintProfiler (502)
[2018.01.10-18.42.47:821][621]LogModuleManager: Shutting down and abandoning module MovieSceneCapture (500)
[2018.01.10-18.42.47:821][621]LogModuleManager: Shutting down and abandoning module HierarchicalLODOutliner (498)
[2018.01.10-18.42.47:821][621]LogModuleManager: Shutting down and abandoning module CrashTracker (496)
[2018.01.10-18.42.47:821][621]LogModuleManager: Shutting down and abandoning module SceneOutliner (494)
[2018.01.10-18.42.47:821][621]LogModuleManager: Shutting down and abandoning module AddContentDialog (492)
[2018.01.10-18.42.47:822][621]LogDirectoryWatcher: A directory notification for 'C:/Program Files/Epic Games/UE_4.15/FeaturePacks/' was aborted.
[2018.01.10-18.42.47:823][621]LogModuleManager: Shutting down and abandoning module WidgetCarousel (491)
[2018.01.10-18.42.47:823][621]LogModuleManager: Shutting down and abandoning module EditorWidgets (488)
[2018.01.10-18.42.47:823][621]LogModuleManager: Shutting down and abandoning module CollectionManager (486)
[2018.01.10-18.42.47:823][621]LogDirectoryWatcher: A directory notification for 'C:/Users/Kaitlyn/Desktop/UIOnlyQuizGame/Content/Collections/' was aborted.
[2018.01.10-18.42.47:823][621]LogDirectoryWatcher: A directory notification for 'C:/Users/Kaitlyn/Desktop/UIOnlyQuizGame/Content/Developers/Kaitlyn/Collections/' was aborted.
[2018.01.10-18.42.47:824][621]LogDirectoryWatcher: A directory notification for 'C:/Users/Kaitlyn/Desktop/UIOnlyQuizGame/Saved/Collections/' was aborted.
[2018.01.10-18.42.47:824][621]LogModuleManager: Shutting down and abandoning module StatsViewer (484)
[2018.01.10-18.42.47:824][621]LogModuleManager: Shutting down and abandoning module FoliageEdit (482)
[2018.01.10-18.42.47:824][621]LogModuleManager: Shutting down and abandoning module LandscapeEditor (480)
[2018.01.10-18.42.47:824][621]LogModuleManager: Shutting down and abandoning module SceneDepthPickerMode (478)
[2018.01.10-18.42.47:824][621]LogModuleManager: Shutting down and abandoning module ActorPickerMode (476)
[2018.01.10-18.42.47:824][621]LogModuleManager: Shutting down and abandoning module GeometryMode (474)
[2018.01.10-18.42.47:824][621]LogModuleManager: Shutting down and abandoning module TextureAlignMode (472)
[2018.01.10-18.42.47:824][621]LogModuleManager: Shutting down and abandoning module BspMode (470)
[2018.01.10-18.42.47:825][621]LogModuleManager: Shutting down and abandoning module HardwareSurvey (468)
[2018.01.10-18.42.47:825][621]LogModuleManager: Shutting down and abandoning module SequenceRecorderSections (466)
[2018.01.10-18.42.47:825][621]LogModuleManager: Shutting down and abandoning module AutomationWorker (464)
[2018.01.10-18.42.47:825][621]LogModuleManager: Shutting down and abandoning module MatineeToLevelSequence (462)
[2018.01.10-18.42.47:825][621]LogModuleManager: Shutting down and abandoning module LevelSequenceEditor (460)
[2018.01.10-18.42.47:827][621]LogModuleManager: Shutting down and abandoning module PlacementMode (459)
[2018.01.10-18.42.47:827][621]LogModuleManager: Shutting down and abandoning module WmfMediaFactory (456)
[2018.01.10-18.42.47:827][621]LogModuleManager: Shutting down and abandoning module WmfMediaEditor (454)
[2018.01.10-18.42.47:827][621]LogModuleManager: Shutting down and abandoning module MfMediaFactory (452)
[2018.01.10-18.42.47:827][621]LogModuleManager: Shutting down and abandoning module MfMediaEditor (450)
[2018.01.10-18.42.47:827][621]LogModuleManager: Shutting down and abandoning module AvfMediaFactory (448)
[2018.01.10-18.42.47:827][621]LogModuleManager: Shutting down and abandoning module AvfMediaEditor (446)
[2018.01.10-18.42.47:827][621]LogModuleManager: Shutting down and abandoning module AndroidMediaFactory (444)
[2018.01.10-18.42.47:827][621]LogModuleManager: Shutting down and abandoning module Media (443)
[2018.01.10-18.42.47:827][621]LogModuleManager: Shutting down and abandoning module AndroidMediaEditor (440)
[2018.01.10-18.42.47:827][621]LogModuleManager: Shutting down and abandoning module CharacterAI (438)
[2018.01.10-18.42.47:827][621]LogModuleManager: Shutting down and abandoning module AudioCapture (436)
[2018.01.10-18.42.47:827][621]LogModuleManager: Shutting down and abandoning module SequenceRecorder (435)
[2018.01.10-18.42.47:828][621]LogModuleManager: Shutting down and abandoning module SmartSnapping (432)
[2018.01.10-18.42.47:828][621]LogModuleManager: Shutting down and abandoning module SessionServices (430)
[2018.01.10-18.42.47:828][621]LogModuleManager: Shutting down and abandoning module ViewportSnapping (428)
[2018.01.10-18.42.47:828][621]LogModuleManager: Shutting down and abandoning module ViewportInteraction (426)
[2018.01.10-18.42.47:828][621]LogModuleManager: Shutting down and abandoning module LogVisualizer (424)
[2018.01.10-18.42.47:829][621]LogModuleManager: Shutting down and abandoning module IntroTutorials (422)
[2018.01.10-18.42.47:829][621]LogModuleManager: Shutting down and abandoning module GameProjectGeneration (421)
[2018.01.10-18.42.47:830][621]LogModuleManager: Shutting down and abandoning module EditorLiveStreaming (418)
[2018.01.10-18.42.47:830][621]LogModuleManager: Shutting down and abandoning module IOSPlatformEditor (416)
[2018.01.10-18.42.47:830][621]LogModuleManager: Shutting down and abandoning module HTML5PlatformEditor (414)
[2018.01.10-18.42.47:830][621]LogModuleManager: Shutting down and abandoning module AndroidPlatformEditor (412)
[2018.01.10-18.42.47:831][621]LogModuleManager: Shutting down and abandoning module AndroidDeviceDetection (411)
[2018.01.10-18.42.48:371][621]LogModuleManager: Shutting down and abandoning module IOSRuntimeSettings (408)
[2018.01.10-18.42.48:371][621]LogModuleManager: Shutting down and abandoning module AndroidRuntimeSettings (406)
[2018.01.10-18.42.48:371][621]LogModuleManager: Shutting down and abandoning module InputBindingEditor (404)
[2018.01.10-18.42.48:372][621]LogModuleManager: Shutting down and abandoning module NiagaraEditor (402)
[2018.01.10-18.42.48:373][621]LogModuleManager: Shutting down and abandoning module MergeActors (400)
[2018.01.10-18.42.48:374][621]LogModuleManager: Shutting down and abandoning module SizeMap (398)
[2018.01.10-18.42.48:374][621]LogModuleManager: Shutting down and abandoning module TreeMap (396)
[2018.01.10-18.42.48:374][621]LogModuleManager: Shutting down and abandoning module ReferenceViewer (394)
[2018.01.10-18.42.48:374][621]LogModuleManager: Shutting down and abandoning module LocalizationDashboard (392)
[2018.01.10-18.42.48:375][621]LogModuleManager: Shutting down and abandoning module LocalizationService (391)
[2018.01.10-18.42.48:375][621]LogModuleManager: Shutting down and abandoning module HardwareTargeting (388)
[2018.01.10-18.42.48:375][621]LogModuleManager: Shutting down and abandoning module DeviceProfileEditor (386)
[2018.01.10-18.42.48:376][621]LogModuleManager: Shutting down and abandoning module UndoHistory (384)
[2018.01.10-18.42.48:376][621]LogModuleManager: Shutting down and abandoning module UserFeedback (382)
[2018.01.10-18.42.48:376][621]LogModuleManager: Shutting down and abandoning module XmlParser (380)
[2018.01.10-18.42.48:376][621]LogModuleManager: Shutting down and abandoning module Blutility (378)
[2018.01.10-18.42.48:376][621]LogModuleManager: Shutting down and abandoning module ProjectSettingsViewer (376)
[2018.01.10-18.42.48:376][621]LogModuleManager: Shutting down and abandoning module ProjectTargetPlatformEditor (375)
[2018.01.10-18.42.48:376][621]LogModuleManager: Shutting down and abandoning module EditorSettingsViewer (372)
[2018.01.10-18.42.48:376][621]LogModuleManager: Shutting down and abandoning module SettingsEditor (370)
[2018.01.10-18.42.48:377][621]LogModuleManager: Shutting down and abandoning module ProjectLauncher (368)
[2018.01.10-18.42.48:378][621]LogModuleManager: Shutting down and abandoning module SessionFrontend (366)
[2018.01.10-18.42.48:378][621]LogModuleManager: Shutting down and abandoning module ProfilerClient (364)
[2018.01.10-18.42.48:379][621]LogModuleManager: Shutting down and abandoning module DeviceManager (362)
[2018.01.10-18.42.48:380][621]LogModuleManager: Shutting down and abandoning module TargetDeviceServices (361)
[2018.01.10-18.42.48:423][621]LogModuleManager: Shutting down and abandoning module AutomationController (358)
[2018.01.10-18.42.48:423][621]LogModuleManager: Shutting down and abandoning module AutomationWindow (356)
[2018.01.10-18.42.48:424][621]LogModuleManager: Shutting down and abandoning module Layers (354)
[2018.01.10-18.42.48:426][621]LogModuleManager: Shutting down and abandoning module ComponentVisualizers (352)
[2018.01.10-18.42.48:426][621]LogModuleManager: Shutting down and abandoning module DetailCustomizations (350)
[2018.01.10-18.42.48:426][621]LogModuleManager: Shutting down and abandoning module PackagesDialog (348)
[2018.01.10-18.42.48:427][621]LogModuleManager: Shutting down and abandoning module Persona (346)
[2018.01.10-18.42.48:428][621]LogModuleManager: Shutting down and abandoning module AnimGraph (345)
[2018.01.10-18.42.48:428][621]LogModuleManager: Shutting down and abandoning module Kismet (342)
[2018.01.10-18.42.48:435][621]LogModuleManager: Shutting down and abandoning module GraphEditor (340)
[2018.01.10-18.42.48:435][621]LogModuleManager: Shutting down and abandoning module ClassViewer (338)
[2018.01.10-18.42.48:436][621]LogModuleManager: Shutting down and abandoning module Toolbox (336)
[2018.01.10-18.42.48:436][621]LogModuleManager: Shutting down and abandoning module ModuleUI (334)
[2018.01.10-18.42.48:437][621]LogModuleManager: Shutting down and abandoning module MovieSceneTools (332)
[2018.01.10-18.42.48:437][621]LogModuleManager: Shutting down and abandoning module OutputLog (330)
[2018.01.10-18.42.48:437][621]LogModuleManager: Shutting down and abandoning module GammaUI (328)
[2018.01.10-18.42.48:438][621]LogModuleManager: Shutting down and abandoning module Documentation (326)
[2018.01.10-18.42.48:438][621]LogModuleManager: Shutting down and abandoning module Niagara (324)
[2018.01.10-18.42.48:438][621]LogModuleManager: Shutting down and abandoning module StreamingPauseRendering (322)
[2018.01.10-18.42.48:438][621]LogModuleManager: Shutting down and abandoning module AnalyticsET (320)
[2018.01.10-18.42.48:438][621]LogModuleManager: Shutting down and abandoning module PortalServices (318)
[2018.01.10-18.42.48:438][621]LogModuleManager: Shutting down and abandoning module PortalRpc (316)
[2018.01.10-18.42.48:438][621]LogModuleManager: Shutting down and abandoning module MessagingRpc (314)
[2018.01.10-18.42.48:438][621]LogModuleManager: Shutting down and abandoning module AIModule (312)
[2018.01.10-18.42.48:438][621]LogModuleManager: Shutting down and abandoning module GameplayDebugger (311)
[2018.01.10-18.42.48:438][621]LogModuleManager: Shutting down and abandoning module AITestSuite (309)
[2018.01.10-18.42.48:438][621]LogModuleManager: Shutting down and abandoning module ProfilerService (306)
[2018.01.10-18.42.48:572][621]LogModuleManager: Shutting down and abandoning module TaskGraph (304)
[2018.01.10-18.42.48:575][621]LogModuleManager: Shutting down and abandoning module SteamVRController (302)
[2018.01.10-18.42.48:575][621]LogModuleManager: Shutting down and abandoning module SteamVR (300)
[2018.01.10-18.42.48:575][621]LogModuleManager: Shutting down and abandoning module ProceduralMeshComponentEditor (298)
[2018.01.10-18.42.48:575][621]LogModuleManager: Shutting down and abandoning module ProceduralMeshComponent (296)
[2018.01.10-18.42.48:575][621]LogModuleManager: Shutting down and abandoning module OculusLibrary (294)
[2018.01.10-18.42.48:575][621]LogModuleManager: Shutting down and abandoning module OculusInput (292)
[2018.01.10-18.42.48:575][621]LogModuleManager: Shutting down and abandoning module MobilePatchingUtils (290)
[2018.01.10-18.42.48:575][621]LogModuleManager: Shutting down and abandoning module CustomMeshComponent (288)
[2018.01.10-18.42.48:575][621]LogModuleManager: Shutting down and abandoning module CableComponent (286)
[2018.01.10-18.42.48:575][621]LogModuleManager: Shutting down and abandoning module ArchVisCharacter (284)
[2018.01.10-18.42.48:575][621]LogModuleManager: Shutting down and abandoning module MediaPlayerEditor (280)
[2018.01.10-18.42.48:577][621]LogModuleManager: Shutting down and abandoning module HTML5Networking (278)
[2018.01.10-18.42.48:577][621]LogModuleManager: Shutting down and abandoning module AlembicImporter (276)
[2018.01.10-18.42.48:577][621]LogModuleManager: Shutting down and abandoning module AlembicLibrary (275)
[2018.01.10-18.42.48:577][621]LogModuleManager: Shutting down and abandoning module GeometryCache (274)
[2018.01.10-18.42.48:577][621]LogModuleManager: Shutting down and abandoning module GeometryCacheEd (273)
[2018.01.10-18.42.48:577][621]LogModuleManager: Shutting down and abandoning module SuperSearchEditor (268)
[2018.01.10-18.42.48:577][621]LogModuleManager: Shutting down and abandoning module SuperSearch (267)
[2018.01.10-18.42.48:577][621]LogModuleManager: Shutting down and abandoning module SpeedTreeImporter (264)
[2018.01.10-18.42.48:577][621]LogModuleManager: Shutting down and abandoning module PluginBrowser (262)
[2018.01.10-18.42.48:578][621]LogModuleManager: Shutting down and abandoning module MobileLauncherProfileWizard (260)
[2018.01.10-18.42.48:579][621]LogModuleManager: Shutting down and abandoning module EpicSurvey (258)
[2018.01.10-18.42.48:579][621]LogModuleManager: Shutting down and abandoning module VisualStudioSourceCodeAccess (256)
[2018.01.10-18.42.48:579][621]LogModuleManager: Shutting down and abandoning module DesktopPlatform (255)
[2018.01.10-18.42.48:579][621]LogModuleManager: Shutting down and abandoning module UObjectPlugin (252)
[2018.01.10-18.42.48:579][621]LogModuleManager: Shutting down and abandoning module SubversionSourceControl (250)
[2018.01.10-18.42.48:580][621]LogModuleManager: Shutting down and abandoning module PerforceSourceControl (248)
[2018.01.10-18.42.48:580][621]LogModuleManager: Shutting down and abandoning module GitSourceControl (246)
[2018.01.10-18.42.48:581][621]LogModuleManager: Shutting down and abandoning module SourceControl (245)
[2018.01.10-18.42.48:581][621]LogModuleManager: Shutting down and abandoning module LightPropagationVolumeEditor (242)
[2018.01.10-18.42.48:581][621]LogModuleManager: Shutting down and abandoning module PaperTiledImporter (240)
[2018.01.10-18.42.48:581][621]LogModuleManager: Shutting down and abandoning module PaperSpriteSheetImporter (238)
[2018.01.10-18.42.48:581][621]LogModuleManager: Shutting down and abandoning module Paper2DEditor (236)
[2018.01.10-18.42.48:582][621]LogModuleManager: Shutting down and abandoning module MeshPaint (235)
[2018.01.10-18.42.48:582][621]LogModuleManager: Shutting down and abandoning module LevelEditor (233)
[2018.01.10-18.42.48:583][621]LogModuleManager: Shutting down and abandoning module PixelInspectorModule (232)
[2018.01.10-18.42.48:584][621]LogModuleManager: Shutting down and abandoning module MainFrame (230)
[2018.01.10-18.42.48:584][621]LogModuleManager: Shutting down and abandoning module HotReload (229)
[2018.01.10-18.42.48:584][621]LogModuleManager: Shutting down and abandoning module ContentBrowser (225)
[2018.01.10-18.42.48:585][621]LogModuleManager: Shutting down and abandoning module PhysXVehiclesEditor (222)
[2018.01.10-18.42.48:586][621]LogModuleManager: Shutting down and abandoning module PhysXVehicles (220)
[2018.01.10-18.42.48:586][621]LogModuleManager: Shutting down and abandoning module LocationServicesBPLibrary (218)
[2018.01.10-18.42.48:586][621]LogModuleManager: Shutting down and abandoning module UdpMessaging (216)
[2018.01.10-18.42.48:686][621]LogModuleManager: Shutting down and abandoning module TcpMessaging (214)
[2018.01.10-18.42.48:787][621]LogModuleManager: Shutting down and abandoning module GameplayTagsEditor (212)
[2018.01.10-18.42.48:788][621]LogModuleManager: Shutting down and abandoning module FacialAnimationEditor (210)
[2018.01.10-18.42.48:788][621]LogModuleManager: Shutting down and abandoning module FacialAnimation (208)
[2018.01.10-18.42.48:788][621]LogModuleManager: Shutting down and abandoning module LightPropagationVolumeRuntime (206)
[2018.01.10-18.42.48:788][621]LogModuleManager: Shutting down and abandoning module Paper2D (204)
[2018.01.10-18.42.48:788][621]LogModuleManager: Shutting down and abandoning module WindowsMoviePlayer (202)
[2018.01.10-18.42.48:788][621]LogModuleManager: Shutting down and abandoning module WmfMedia (200)
[2018.01.10-18.42.48:791][621]LogModuleManager: Shutting down and abandoning module MfMedia (198)
[2018.01.10-18.42.48:791][621]LogModuleManager: Shutting down and abandoning module MediaAssets (196)
[2018.01.10-18.42.48:791][621]LogModuleManager: Shutting down and abandoning module GameLiveStreaming (194)
[2018.01.10-18.42.48:791][621]LogModuleManager: Shutting down and abandoning module VREditor (192)
[2018.01.10-18.42.48:791][621]LogModuleManager: Shutting down and abandoning module GameplayTasksEditor (190)
[2018.01.10-18.42.48:791][621]LogModuleManager: Shutting down and abandoning module BehaviorTreeEditor (188)
[2018.01.10-18.42.48:793][621]LogModuleManager: Shutting down and abandoning module FunctionalTesting (186)
[2018.01.10-18.42.48:793][621]LogModuleManager: Shutting down and abandoning module CollisionAnalyzer (184)
[2018.01.10-18.42.48:793][621]LogModuleManager: Shutting down and abandoning module UMG (182)
[2018.01.10-18.42.48:793][621]LogModuleManager: Shutting down and abandoning module UMGEditor (181)
[2018.01.10-18.42.48:794][621]LogModuleManager: Shutting down and abandoning module Sequencer (180)
[2018.01.10-18.42.48:794][621]LogModuleManager: Shutting down and abandoning module AssetTools (178)
[2018.01.10-18.42.48:796][621]LogModuleManager: Shutting down and abandoning module MessageLog (177)
[2018.01.10-18.42.48:796][621]LogModuleManager: Shutting down and abandoning module WorkspaceMenuStructure (176)
[2018.01.10-18.42.48:796][621]LogModuleManager: Shutting down and abandoning module SlateReflector (170)
[2018.01.10-18.42.48:798][621]LogModuleManager: Shutting down and abandoning module Slate (168)
[2018.01.10-18.42.48:798][621]LogModuleManager: Shutting down and abandoning module EditorStyle (166)
[2018.01.10-18.42.48:801][621]LogModuleManager: Shutting down and abandoning module SourceCodeAccess (164)
[2018.01.10-18.42.48:801][621]LogModuleManager: Shutting down and abandoning module HeadMountedDisplay (162)
[2018.01.10-18.42.48:801][621]LogModuleManager: Shutting down and abandoning module XAudio2 (160)
[2018.01.10-18.42.48:801][621]LogModuleManager: Shutting down and abandoning module Networking (158)
[2018.01.10-18.42.48:801][621]LogModuleManager: Shutting down and abandoning module Core (154)
[2018.01.10-18.42.48:801][621]LogModuleManager: Shutting down and abandoning module AssetRegistry (152)
[2018.01.10-18.42.48:913][621]LogDirectoryWatcher: A directory notification for '../../../Engine/Content/' was aborted.
[2018.01.10-18.42.48:913][621]LogDirectoryWatcher: A directory notification for '../../../../../../Users/Kaitlyn/Desktop/UIOnlyQuizGame/Content/' was aborted.
[2018.01.10-18.42.48:913][621]LogDirectoryWatcher: A directory notification for '../../../Engine/Plugins/2D/Paper2D/Content/' was aborted.
[2018.01.10-18.42.48:914][621]LogModuleManager: Shutting down and abandoning module DirectoryWatcher (151)
[2018.01.10-18.42.48:915][621]LogModuleManager: Shutting down and abandoning module KismetCompiler (148)
[2018.01.10-18.42.48:915][621]LogModuleManager: Shutting down and abandoning module PhysXFormats (146)
[2018.01.10-18.42.48:915][621]LogModuleManager: Shutting down and abandoning module MeshUtilities (144)
[2018.01.10-18.42.48:916][621]LogModuleManager: Shutting down and abandoning module SimplygonSwarm (143)
[2018.01.10-18.42.48:916][621]LogModuleManager: Shutting down and abandoning module SimplygonMeshReduction (141)
[2018.01.10-18.42.48:916][621]LogModuleManager: Shutting down and abandoning module QuadricMeshReduction (139)
[2018.01.10-18.42.48:916][621]LogModuleManager: Shutting down and abandoning module PropertyEditor (137)
[2018.01.10-18.42.48:917][621]LogModuleManager: Shutting down and abandoning module DerivedDataCache (134)
[2018.01.10-18.42.48:965][621]LogDerivedDataCache: Shutdown
[2018.01.10-18.42.48:965][621]LogModuleManager: Shutting down and abandoning module TargetPlatform (132)
[2018.01.10-18.42.48:965][621]LogModuleManager: Shutting down and abandoning module VulkanShaderFormat (131)
[2018.01.10-18.42.48:966][621]LogModuleManager: Shutting down and abandoning module ShaderFormatOpenGL (129)
[2018.01.10-18.42.48:966][621]LogModuleManager: Shutting down and abandoning module ShaderFormatD3D (127)
[2018.01.10-18.42.48:966][621]LogModuleManager: Shutting down and abandoning module MetalShaderFormat (125)
[2018.01.10-18.42.48:967][621]LogModuleManager: Shutting down and abandoning module TextureFormatUncompressed (123)
[2018.01.10-18.42.48:967][621]LogModuleManager: Shutting down and abandoning module TextureFormatPVR (121)
[2018.01.10-18.42.48:967][621]LogModuleManager: Shutting down and abandoning module TextureFormatDXT (119)
[2018.01.10-18.42.48:967][621]LogModuleManager: Shutting down and abandoning module TextureFormatIntelISPCTexComp (117)
[2018.01.10-18.42.48:968][621]LogModuleManager: Shutting down and abandoning module TextureFormatASTC (115)
[2018.01.10-18.42.48:968][621]LogModuleManager: Shutting down and abandoning module ImageWrapper (114)
[2018.01.10-18.42.48:968][621]LogModuleManager: Shutting down and abandoning module TextureFormatAndroid (111)
[2018.01.10-18.42.48:968][621]LogModuleManager: Shutting down and abandoning module AudioFormatOpus (109)
[2018.01.10-18.42.48:968][621]LogModuleManager: Shutting down and abandoning module AudioFormatOgg (107)
[2018.01.10-18.42.48:968][621]LogModuleManager: Shutting down and abandoning module AudioFormatADPCM (105)
[2018.01.10-18.42.48:968][621]LogModuleManager: Shutting down and abandoning module LinuxTargetPlatform (103)
[2018.01.10-18.42.48:968][621]LogModuleManager: Shutting down and abandoning module LinuxServerTargetPlatform (101)
[2018.01.10-18.42.48:968][621]LogModuleManager: Shutting down and abandoning module LinuxNoEditorTargetPlatform (99)
[2018.01.10-18.42.48:968][621]LogModuleManager: Shutting down and abandoning module LinuxClientTargetPlatform (97)
[2018.01.10-18.42.48:968][621]LogModuleManager: Shutting down and abandoning module TVOSTargetPlatform (95)
[2018.01.10-18.42.48:968][621]LogModuleManager: Shutting down and abandoning module Messaging (93)
[2018.01.10-18.42.48:968][621]LogModuleManager: Shutting down and abandoning module IOSTargetPlatform (91)
[2018.01.10-18.42.48:968][621]LogModuleManager: Shutting down and abandoning module HTML5TargetPlatform (89)
[2018.01.10-18.42.48:968][621]LogModuleManager: Shutting down and abandoning module Android_PVRTCTargetPlatform (87)
[2018.01.10-18.42.48:968][621]LogModuleManager: Shutting down and abandoning module Android_MultiTargetPlatform (85)
[2018.01.10-18.42.48:968][621]LogModuleManager: Shutting down and abandoning module Android_ETC2TargetPlatform (83)
[2018.01.10-18.42.48:968][621]LogModuleManager: Shutting down and abandoning module Android_ETC1TargetPlatform (81)
[2018.01.10-18.42.48:968][621]LogModuleManager: Shutting down and abandoning module Android_DXTTargetPlatform (79)
[2018.01.10-18.42.48:968][621]LogModuleManager: Shutting down and abandoning module Android_ATCTargetPlatform (77)
[2018.01.10-18.42.48:968][621]LogModuleManager: Shutting down and abandoning module Android_ASTCTargetPlatform (75)
[2018.01.10-18.42.48:968][621]LogModuleManager: Shutting down and abandoning module AndroidTargetPlatform (73)
[2018.01.10-18.42.48:968][621]LogModuleManager: Shutting down and abandoning module WindowsTargetPlatform (71)
[2018.01.10-18.42.48:968][621]LogModuleManager: Shutting down and abandoning module WindowsServerTargetPlatform (69)
[2018.01.10-18.42.48:968][621]LogModuleManager: Shutting down and abandoning module WindowsNoEditorTargetPlatform (67)
[2018.01.10-18.42.48:968][621]LogModuleManager: Shutting down and abandoning module WindowsClientTargetPlatform (65)
[2018.01.10-18.42.48:968][621]LogModuleManager: Shutting down and abandoning module MacTargetPlatform (63)
[2018.01.10-18.42.48:968][621]LogModuleManager: Shutting down and abandoning module MacServerTargetPlatform (61)
[2018.01.10-18.42.48:968][621]LogModuleManager: Shutting down and abandoning module MacNoEditorTargetPlatform (59)
[2018.01.10-18.42.48:968][621]LogModuleManager: Shutting down and abandoning module MacClientTargetPlatform (57)
[2018.01.10-18.42.48:968][621]LogModuleManager: Shutting down and abandoning module AllDesktopTargetPlatform (55)
[2018.01.10-18.42.48:968][621]LogModuleManager: Shutting down and abandoning module InputCore (52)
[2018.01.10-18.42.48:968][621]LogModuleManager: Shutting down and abandoning module Settings (50)
[2018.01.10-18.42.48:968][621]LogModuleManager: Shutting down and abandoning module OculusRift (48)
[2018.01.10-18.42.48:970][621]LogHMD: Oculus shutdown.
[2018.01.10-18.42.48:970][621]LogModuleManager: Shutting down and abandoning module GearVR (46)
[2018.01.10-18.42.48:970][621]LogModuleManager: Shutting down and abandoning module ExampleDeviceProfileSelector (44)
[2018.01.10-18.42.48:970][621]LogModuleManager: Shutting down and abandoning module OnlineBlueprintSupport (42)
[2018.01.10-18.42.48:970][621]LogModuleManager: Shutting down and abandoning module OnlineSubsystem (38)
[2018.01.10-18.42.48:970][621]LogOnline:Display: Unloading online subsystem: NULL
[2018.01.10-18.42.48:971][621]LogModuleManager: Shutting down and abandoning module XMPP (37)
[2018.01.10-18.42.48:973][621]LogModuleManager: Shutting down and abandoning module HTTP (35)
[2018.01.10-18.42.48:973][621]LogHttp:Display: Http module shutting down, but needs to wait on 1 outstanding Http requests:
[2018.01.10-18.42.48:973][621]LogHttp:Display: 	verb=[POST] url=[https://datarouter.ol.epicgames.com/datarouter/api/v1/public/data?SessionID=%7B3B8B90F5-4EA7-60C2-14CD-2DAA184F5601%7D&AppID=UEEditor.Rocket.Release&AppVersion=4.15.2-3416026%2B%2B%2BUE4%2BRelease-4.15&UserID=52020cd641e0477a14291991acc26653%7C25150ad43d104354a172e2e919b0781c%7Cf4f1d3cb-cdcb-4577-9786-c27ab0904b1d&AppEnvironment=datacollector-binary&UploadType=eteventstream] status=Processing
[2018.01.10-18.42.48:994][621]LogModuleManager: Shutting down and abandoning module SSL (34)
[2018.01.10-18.42.48:996][621]LogModuleManager: Shutting down and abandoning module AudioEditor (30)
[2018.01.10-18.42.48:996][621]LogModuleManager: Shutting down and abandoning module TextureCompressor (28)
[2018.01.10-18.42.48:996][621]LogModuleManager: Shutting down and abandoning module ShaderCore (26)
[2018.01.10-18.42.48:996][621]LogModuleManager: Shutting down and abandoning module Landscape (24)
[2018.01.10-18.42.48:996][621]LogModuleManager: Shutting down and abandoning module SlateRHIRenderer (22)
[2018.01.10-18.42.48:999][621]LogModuleManager: Shutting down and abandoning module OpenGLDrv (20)
[2018.01.10-18.42.48:999][621]LogModuleManager: Shutting down and abandoning module D3D11RHI (18)
[2018.01.10-18.42.48:999][621]LogModuleManager: Shutting down and abandoning module AnimGraphRuntime (16)
[2018.01.10-18.42.49:000][621]LogModuleManager: Shutting down and abandoning module Renderer (14)
[2018.01.10-18.42.49:000][621]LogModuleManager: Shutting down and abandoning module Engine (12)
[2018.01.10-18.42.49:000][621]LogModuleManager: Shutting down and abandoning module CoreUObject (10)
[2018.01.10-18.42.49:000][621]LogModuleManager: Shutting down and abandoning module NetworkFile (8)
[2018.01.10-18.42.49:000][621]LogModuleManager: Shutting down and abandoning module StreamingFile (6)
[2018.01.10-18.42.49:000][621]LogModuleManager: Shutting down and abandoning module SandboxFile (4)
[2018.01.10-18.42.49:000][621]LogModuleManager: Shutting down and abandoning module PakFile (2)
[2018.01.10-18.42.49:003][621]LogExit: Exiting.
[2018.01.10-18.42.49:004][621]Log file closed, 01/11/18 05:42:49
